[0.033s] Invoking command in '/home/orangepi/Desktop/Hull_control_ststem/ros2_hull/build/nmea_msgs': CMAKE_PREFIX_PATH=/opt/ros/foxy /usr/bin/cmake /home/orangepi/Desktop/Hull_control_ststem/ros2_hull/src/nmea_msgs -DCMAKE_INSTALL_PREFIX=/home/orangepi/Desktop/Hull_control_ststem/ros2_hull/install/nmea_msgs
[0.629s] -- The C compiler identification is GNU 9.4.0
[1.222s] -- The CXX compiler identification is GNU 9.4.0
[1.240s] -- Check for working C compiler: /usr/bin/cc
[1.489s] -- Check for working C compiler: /usr/bin/cc -- works
[1.495s] -- Detecting C compiler ABI info
[1.707s] -- Detecting C compiler ABI info - done
[1.764s] -- Detecting C compile features
[1.765s] -- Detecting C compile features - done
[1.775s] -- Check for working CXX compiler: /usr/bin/c++
[2.000s] -- Check for working CXX compiler: /usr/bin/c++ -- works
[2.001s] -- Detecting CXX compiler ABI info
[2.212s] -- Detecting CXX compiler ABI info - done
[2.229s] -- Detecting CXX compile features
[2.230s] -- Detecting CXX compile features - done
[2.242s] -- Found ament_cmake: 0.9.12 (/opt/ros/foxy/share/ament_cmake/cmake)
[2.325s] -- Found PythonInterp: /usr/bin/python3 (found suitable version "3.8.10", minimum required is "3") 
[2.326s] -- Using PYTHON_EXECUTABLE: /usr/bin/python3
[2.684s] -- Found rosidl_default_generators: 1.0.1 (/opt/ros/foxy/share/rosidl_default_generators/cmake)
[2.699s] -- Using all available rosidl_typesupport_c: rosidl_typesupport_fastrtps_c;rosidl_typesupport_introspection_c
[2.726s] -- Found rosidl_adapter: 1.3.1 (/opt/ros/foxy/share/rosidl_adapter/cmake)
[3.053s] -- Found OpenSSL: /usr/lib/aarch64-linux-gnu/libcrypto.so (found version "1.1.1f")  
[3.109s] -- Found FastRTPS: /opt/ros/foxy/include  
[3.254s] -- Using all available rosidl_typesupport_cpp: rosidl_typesupport_fastrtps_cpp;rosidl_typesupport_introspection_cpp
[3.325s] -- Found std_msgs: 2.0.5 (/opt/ros/foxy/share/std_msgs/cmake)
[3.420s] -- Found PythonInterp: /usr/bin/python3 (found version "3.8.10") 
[3.802s] -- Found ament_cmake_ros: 0.9.2 (/opt/ros/foxy/share/ament_cmake_ros/cmake)
[4.117s] -- Using all available rosidl_typesupport_c: rosidl_typesupport_fastrtps_c;rosidl_typesupport_introspection_c
[4.217s] -- Using all available rosidl_typesupport_cpp: rosidl_typesupport_fastrtps_cpp;rosidl_typesupport_introspection_cpp
[4.286s] -- Found PythonInterp: /usr/bin/python3 (found suitable version "3.8.10", minimum required is "3.5") 
[4.292s] -- Found python_cmake_module: 0.8.1 (/opt/ros/foxy/share/python_cmake_module/cmake)
[4.351s] -- Found PythonLibs: /usr/lib/aarch64-linux-gnu/libpython3.8.so (found suitable version "3.8.10", minimum required is "3.5") 
[4.352s] -- Using PYTHON_EXECUTABLE: /usr/bin/python3
[4.352s] -- Using PYTHON_INCLUDE_DIRS: /usr/include/python3.8
[4.353s] -- Using PYTHON_LIBRARIES: /usr/lib/aarch64-linux-gnu/libpython3.8.so
[4.398s] -- Found PythonExtra: .so  
[4.540s] -- Configuring done
[4.655s] -- Generating done
[4.678s] -- Build files have been written to: /home/orangepi/Desktop/Hull_control_ststem/ros2_hull/build/nmea_msgs
