[0.235s] DEBUG:colcon:Command line arguments: ['/usr/bin/colcon', 'build']
[0.236s] DEBUG:colcon:Parsed command line arguments: Namespace(ament_cmake_args=None, base_paths=['.'], build_base='build', catkin_cmake_args=None, catkin_skip_building_tests=False, cmake_args=None, cmake_clean_cache=False, cmake_clean_first=False, cmake_force_configure=False, cmake_target=None, cmake_target_skip_unavailable=False, continue_on_error=False, event_handlers=None, executor='parallel', ignore_user_meta=False, install_base='install', log_base=None, log_level=None, main=<bound method BuildVerb.main of <colcon_core.verb.build.BuildVerb object at 0x7fbd918d00>>, merge_install=False, metas=['./colcon.meta'], packages_above=None, packages_above_and_dependencies=None, packages_above_depth=None, packages_end=None, packages_ignore=None, packages_ignore_regex=None, packages_select=None, packages_select_build_failed=False, packages_select_by_dep=None, packages_select_regex=None, packages_select_test_failures=False, packages_skip=None, packages_skip_build_finished=False, packages_skip_by_dep=None, packages_skip_regex=None, packages_skip_test_passed=False, packages_skip_up_to=None, packages_start=None, packages_up_to=None, packages_up_to_regex=None, parallel_workers=8, paths=None, symlink_install=False, test_result_base=None, verb_extension=<colcon_core.verb.build.BuildVerb object at 0x7fbd918d00>, verb_name='build', verb_parser=<colcon_defaults.argument_parser.defaults.DefaultArgumentsDecorator object at 0x7fbd9467c0>)
[0.405s] Level 1:colcon.colcon_core.package_discovery:discover_packages(colcon_meta) check parameters
[0.405s] Level 1:colcon.colcon_core.package_discovery:discover_packages(recursive) check parameters
[0.405s] Level 1:colcon.colcon_core.package_discovery:discover_packages(ignore) check parameters
[0.405s] Level 1:colcon.colcon_core.package_discovery:discover_packages(path) check parameters
[0.405s] Level 1:colcon.colcon_core.package_discovery:discover_packages(colcon_meta) discover
[0.406s] Level 1:colcon.colcon_core.package_discovery:discover_packages(recursive) discover
[0.406s] INFO:colcon.colcon_core.package_discovery:Crawling recursively for packages in '/home/orangepi/Desktop/Hull_control_ststem/ros2_hull'
[0.406s] Level 1:colcon.colcon_core.package_identification:_identify(.) by extensions ['ignore', 'ignore_ament_install']
[0.406s] Level 1:colcon.colcon_core.package_identification:_identify(.) by extension 'ignore'
[0.406s] Level 1:colcon.colcon_core.package_identification:_identify(.) by extension 'ignore_ament_install'
[0.406s] Level 1:colcon.colcon_core.package_identification:_identify(.) by extensions ['colcon_pkg']
[0.406s] Level 1:colcon.colcon_core.package_identification:_identify(.) by extension 'colcon_pkg'
[0.406s] Level 1:colcon.colcon_core.package_identification:_identify(.) by extensions ['colcon_meta']
[0.406s] Level 1:colcon.colcon_core.package_identification:_identify(.) by extension 'colcon_meta'
[0.406s] Level 1:colcon.colcon_core.package_identification:_identify(.) by extensions ['ros']
[0.406s] Level 1:colcon.colcon_core.package_identification:_identify(.) by extension 'ros'
[0.422s] Level 1:colcon.colcon_core.package_identification:_identify(.) by extensions ['cmake', 'python']
[0.423s] Level 1:colcon.colcon_core.package_identification:_identify(.) by extension 'cmake'
[0.423s] Level 1:colcon.colcon_core.package_identification:_identify(.) by extension 'python'
[0.423s] Level 1:colcon.colcon_core.package_identification:_identify(.) by extensions ['python_setup_py']
[0.423s] Level 1:colcon.colcon_core.package_identification:_identify(.) by extension 'python_setup_py'
[0.423s] Level 1:colcon.colcon_core.package_identification:_identify(build) by extensions ['ignore', 'ignore_ament_install']
[0.423s] Level 1:colcon.colcon_core.package_identification:_identify(build) by extension 'ignore'
[0.423s] Level 1:colcon.colcon_core.package_identification:_identify(build) ignored
[0.424s] Level 1:colcon.colcon_core.package_identification:_identify(install) by extensions ['ignore', 'ignore_ament_install']
[0.424s] Level 1:colcon.colcon_core.package_identification:_identify(install) by extension 'ignore'
[0.424s] Level 1:colcon.colcon_core.package_identification:_identify(install) ignored
[0.424s] Level 1:colcon.colcon_core.package_identification:_identify(log) by extensions ['ignore', 'ignore_ament_install']
[0.424s] Level 1:colcon.colcon_core.package_identification:_identify(log) by extension 'ignore'
[0.424s] Level 1:colcon.colcon_core.package_identification:_identify(log) ignored
[0.424s] Level 1:colcon.colcon_core.package_identification:_identify(src) by extensions ['ignore', 'ignore_ament_install']
[0.424s] Level 1:colcon.colcon_core.package_identification:_identify(src) by extension 'ignore'
[0.424s] Level 1:colcon.colcon_core.package_identification:_identify(src) by extension 'ignore_ament_install'
[0.424s] Level 1:colcon.colcon_core.package_identification:_identify(src) by extensions ['colcon_pkg']
[0.424s] Level 1:colcon.colcon_core.package_identification:_identify(src) by extension 'colcon_pkg'
[0.424s] Level 1:colcon.colcon_core.package_identification:_identify(src) by extensions ['colcon_meta']
[0.424s] Level 1:colcon.colcon_core.package_identification:_identify(src) by extension 'colcon_meta'
[0.424s] Level 1:colcon.colcon_core.package_identification:_identify(src) by extensions ['ros']
[0.425s] Level 1:colcon.colcon_core.package_identification:_identify(src) by extension 'ros'
[0.425s] Level 1:colcon.colcon_core.package_identification:_identify(src) by extensions ['cmake', 'python']
[0.425s] Level 1:colcon.colcon_core.package_identification:_identify(src) by extension 'cmake'
[0.425s] Level 1:colcon.colcon_core.package_identification:_identify(src) by extension 'python'
[0.425s] Level 1:colcon.colcon_core.package_identification:_identify(src) by extensions ['python_setup_py']
[0.425s] Level 1:colcon.colcon_core.package_identification:_identify(src) by extension 'python_setup_py'
[0.425s] Level 1:colcon.colcon_core.package_identification:_identify(src/nmea_msgs) by extensions ['ignore', 'ignore_ament_install']
[0.425s] Level 1:colcon.colcon_core.package_identification:_identify(src/nmea_msgs) by extension 'ignore'
[0.425s] Level 1:colcon.colcon_core.package_identification:_identify(src/nmea_msgs) by extension 'ignore_ament_install'
[0.425s] Level 1:colcon.colcon_core.package_identification:_identify(src/nmea_msgs) by extensions ['colcon_pkg']
[0.425s] Level 1:colcon.colcon_core.package_identification:_identify(src/nmea_msgs) by extension 'colcon_pkg'
[0.425s] Level 1:colcon.colcon_core.package_identification:_identify(src/nmea_msgs) by extensions ['colcon_meta']
[0.425s] Level 1:colcon.colcon_core.package_identification:_identify(src/nmea_msgs) by extension 'colcon_meta'
[0.425s] Level 1:colcon.colcon_core.package_identification:_identify(src/nmea_msgs) by extensions ['ros']
[0.425s] Level 1:colcon.colcon_core.package_identification:_identify(src/nmea_msgs) by extension 'ros'
[0.429s] DEBUG:colcon.colcon_core.package_identification:Package 'src/nmea_msgs' with type 'ros.ament_cmake' and name 'nmea_msgs'
[0.430s] Level 1:colcon.colcon_core.package_identification:_identify(src/nmea_navsat_driver) by extensions ['ignore', 'ignore_ament_install']
[0.430s] Level 1:colcon.colcon_core.package_identification:_identify(src/nmea_navsat_driver) by extension 'ignore'
[0.430s] Level 1:colcon.colcon_core.package_identification:_identify(src/nmea_navsat_driver) by extension 'ignore_ament_install'
[0.430s] Level 1:colcon.colcon_core.package_identification:_identify(src/nmea_navsat_driver) by extensions ['colcon_pkg']
[0.430s] Level 1:colcon.colcon_core.package_identification:_identify(src/nmea_navsat_driver) by extension 'colcon_pkg'
[0.430s] Level 1:colcon.colcon_core.package_identification:_identify(src/nmea_navsat_driver) by extensions ['colcon_meta']
[0.430s] Level 1:colcon.colcon_core.package_identification:_identify(src/nmea_navsat_driver) by extension 'colcon_meta'
[0.430s] Level 1:colcon.colcon_core.package_identification:_identify(src/nmea_navsat_driver) by extensions ['ros']
[0.430s] Level 1:colcon.colcon_core.package_identification:_identify(src/nmea_navsat_driver) by extension 'ros'
[0.431s] DEBUG:colcon.colcon_core.package_identification:Package 'src/nmea_navsat_driver' with type 'ros.ament_python' and name 'nmea_navsat_driver'
[0.431s] Level 1:colcon.colcon_core.package_identification:_identify(src/wheeltec_gps_path) by extensions ['ignore', 'ignore_ament_install']
[0.432s] Level 1:colcon.colcon_core.package_identification:_identify(src/wheeltec_gps_path) by extension 'ignore'
[0.432s] Level 1:colcon.colcon_core.package_identification:_identify(src/wheeltec_gps_path) by extension 'ignore_ament_install'
[0.432s] Level 1:colcon.colcon_core.package_identification:_identify(src/wheeltec_gps_path) by extensions ['colcon_pkg']
[0.432s] Level 1:colcon.colcon_core.package_identification:_identify(src/wheeltec_gps_path) by extension 'colcon_pkg'
[0.432s] Level 1:colcon.colcon_core.package_identification:_identify(src/wheeltec_gps_path) by extensions ['colcon_meta']
[0.432s] Level 1:colcon.colcon_core.package_identification:_identify(src/wheeltec_gps_path) by extension 'colcon_meta'
[0.432s] Level 1:colcon.colcon_core.package_identification:_identify(src/wheeltec_gps_path) by extensions ['ros']
[0.432s] Level 1:colcon.colcon_core.package_identification:_identify(src/wheeltec_gps_path) by extension 'ros'
[0.433s] DEBUG:colcon.colcon_core.package_identification:Package 'src/wheeltec_gps_path' with type 'ros.ament_cmake' and name 'wheeltec_gps_path'
[0.433s] Level 1:colcon.colcon_core.package_identification:_identify(tar) by extensions ['ignore', 'ignore_ament_install']
[0.433s] Level 1:colcon.colcon_core.package_identification:_identify(tar) by extension 'ignore'
[0.433s] Level 1:colcon.colcon_core.package_identification:_identify(tar) ignored
[0.433s] Level 1:colcon.colcon_core.package_discovery:discover_packages(recursive) using defaults
[0.434s] Level 1:colcon.colcon_core.package_discovery:discover_packages(ignore) discover
[0.434s] Level 1:colcon.colcon_core.package_discovery:discover_packages(ignore) using defaults
[0.434s] Level 1:colcon.colcon_core.package_discovery:discover_packages(path) discover
[0.434s] Level 1:colcon.colcon_core.package_discovery:discover_packages(path) using defaults
[0.461s] Level 5:colcon.colcon_core.verb:set package 'nmea_msgs' build argument 'cmake_args' from command line to 'None'
[0.461s] Level 5:colcon.colcon_core.verb:set package 'nmea_msgs' build argument 'cmake_target' from command line to 'None'
[0.461s] Level 5:colcon.colcon_core.verb:set package 'nmea_msgs' build argument 'cmake_target_skip_unavailable' from command line to 'False'
[0.461s] Level 5:colcon.colcon_core.verb:set package 'nmea_msgs' build argument 'cmake_clean_cache' from command line to 'False'
[0.461s] Level 5:colcon.colcon_core.verb:set package 'nmea_msgs' build argument 'cmake_clean_first' from command line to 'False'
[0.461s] Level 5:colcon.colcon_core.verb:set package 'nmea_msgs' build argument 'cmake_force_configure' from command line to 'False'
[0.461s] Level 5:colcon.colcon_core.verb:set package 'nmea_msgs' build argument 'ament_cmake_args' from command line to 'None'
[0.461s] Level 5:colcon.colcon_core.verb:set package 'nmea_msgs' build argument 'catkin_cmake_args' from command line to 'None'
[0.461s] Level 5:colcon.colcon_core.verb:set package 'nmea_msgs' build argument 'catkin_skip_building_tests' from command line to 'False'
[0.461s] DEBUG:colcon.colcon_core.verb:Building package 'nmea_msgs' with the following arguments: {'ament_cmake_args': None, 'build_base': '/home/orangepi/Desktop/Hull_control_ststem/ros2_hull/build/nmea_msgs', 'catkin_cmake_args': None, 'catkin_skip_building_tests': False, 'cmake_args': None, 'cmake_clean_cache': False, 'cmake_clean_first': False, 'cmake_force_configure': False, 'cmake_target': None, 'cmake_target_skip_unavailable': False, 'install_base': '/home/orangepi/Desktop/Hull_control_ststem/ros2_hull/install/nmea_msgs', 'merge_install': False, 'path': '/home/orangepi/Desktop/Hull_control_ststem/ros2_hull/src/nmea_msgs', 'symlink_install': False, 'test_result_base': None}
[0.462s] Level 5:colcon.colcon_core.verb:set package 'wheeltec_gps_path' build argument 'cmake_args' from command line to 'None'
[0.462s] Level 5:colcon.colcon_core.verb:set package 'wheeltec_gps_path' build argument 'cmake_target' from command line to 'None'
[0.462s] Level 5:colcon.colcon_core.verb:set package 'wheeltec_gps_path' build argument 'cmake_target_skip_unavailable' from command line to 'False'
[0.462s] Level 5:colcon.colcon_core.verb:set package 'wheeltec_gps_path' build argument 'cmake_clean_cache' from command line to 'False'
[0.462s] Level 5:colcon.colcon_core.verb:set package 'wheeltec_gps_path' build argument 'cmake_clean_first' from command line to 'False'
[0.462s] Level 5:colcon.colcon_core.verb:set package 'wheeltec_gps_path' build argument 'cmake_force_configure' from command line to 'False'
[0.462s] Level 5:colcon.colcon_core.verb:set package 'wheeltec_gps_path' build argument 'ament_cmake_args' from command line to 'None'
[0.462s] Level 5:colcon.colcon_core.verb:set package 'wheeltec_gps_path' build argument 'catkin_cmake_args' from command line to 'None'
[0.462s] Level 5:colcon.colcon_core.verb:set package 'wheeltec_gps_path' build argument 'catkin_skip_building_tests' from command line to 'False'
[0.462s] DEBUG:colcon.colcon_core.verb:Building package 'wheeltec_gps_path' with the following arguments: {'ament_cmake_args': None, 'build_base': '/home/orangepi/Desktop/Hull_control_ststem/ros2_hull/build/wheeltec_gps_path', 'catkin_cmake_args': None, 'catkin_skip_building_tests': False, 'cmake_args': None, 'cmake_clean_cache': False, 'cmake_clean_first': False, 'cmake_force_configure': False, 'cmake_target': None, 'cmake_target_skip_unavailable': False, 'install_base': '/home/orangepi/Desktop/Hull_control_ststem/ros2_hull/install/wheeltec_gps_path', 'merge_install': False, 'path': '/home/orangepi/Desktop/Hull_control_ststem/ros2_hull/src/wheeltec_gps_path', 'symlink_install': False, 'test_result_base': None}
[0.462s] Level 5:colcon.colcon_core.verb:set package 'nmea_navsat_driver' build argument 'cmake_args' from command line to 'None'
[0.462s] Level 5:colcon.colcon_core.verb:set package 'nmea_navsat_driver' build argument 'cmake_target' from command line to 'None'
[0.462s] Level 5:colcon.colcon_core.verb:set package 'nmea_navsat_driver' build argument 'cmake_target_skip_unavailable' from command line to 'False'
[0.462s] Level 5:colcon.colcon_core.verb:set package 'nmea_navsat_driver' build argument 'cmake_clean_cache' from command line to 'False'
[0.462s] Level 5:colcon.colcon_core.verb:set package 'nmea_navsat_driver' build argument 'cmake_clean_first' from command line to 'False'
[0.462s] Level 5:colcon.colcon_core.verb:set package 'nmea_navsat_driver' build argument 'cmake_force_configure' from command line to 'False'
[0.462s] Level 5:colcon.colcon_core.verb:set package 'nmea_navsat_driver' build argument 'ament_cmake_args' from command line to 'None'
[0.462s] Level 5:colcon.colcon_core.verb:set package 'nmea_navsat_driver' build argument 'catkin_cmake_args' from command line to 'None'
[0.462s] Level 5:colcon.colcon_core.verb:set package 'nmea_navsat_driver' build argument 'catkin_skip_building_tests' from command line to 'False'
[0.462s] DEBUG:colcon.colcon_core.verb:Building package 'nmea_navsat_driver' with the following arguments: {'ament_cmake_args': None, 'build_base': '/home/orangepi/Desktop/Hull_control_ststem/ros2_hull/build/nmea_navsat_driver', 'catkin_cmake_args': None, 'catkin_skip_building_tests': False, 'cmake_args': None, 'cmake_clean_cache': False, 'cmake_clean_first': False, 'cmake_force_configure': False, 'cmake_target': None, 'cmake_target_skip_unavailable': False, 'install_base': '/home/orangepi/Desktop/Hull_control_ststem/ros2_hull/install/nmea_navsat_driver', 'merge_install': False, 'path': '/home/orangepi/Desktop/Hull_control_ststem/ros2_hull/src/nmea_navsat_driver', 'symlink_install': False, 'test_result_base': None}
[0.463s] INFO:colcon.colcon_core.executor:Executing jobs using 'parallel' executor
[0.465s] DEBUG:colcon.colcon_parallel_executor.executor.parallel:run_until_complete
[0.465s] INFO:colcon.colcon_ros.task.ament_cmake.build:Building ROS package in '/home/orangepi/Desktop/Hull_control_ststem/ros2_hull/src/nmea_msgs' with build type 'ament_cmake'
[0.466s] INFO:colcon.colcon_cmake.task.cmake.build:Building CMake package in '/home/orangepi/Desktop/Hull_control_ststem/ros2_hull/src/nmea_msgs'
[0.469s] INFO:colcon.colcon_core.plugin_system:Skipping extension 'colcon_core.shell.bat': Not used on non-Windows systems
[0.469s] INFO:colcon.colcon_core.shell:Skip shell extension 'powershell' for command environment: Not usable outside of PowerShell
[0.469s] DEBUG:colcon.colcon_core.shell:Skip shell extension 'dsv' for command environment
[0.481s] INFO:colcon.colcon_ros.task.ament_cmake.build:Building ROS package in '/home/orangepi/Desktop/Hull_control_ststem/ros2_hull/src/wheeltec_gps_path' with build type 'ament_cmake'
[0.482s] INFO:colcon.colcon_cmake.task.cmake.build:Building CMake package in '/home/orangepi/Desktop/Hull_control_ststem/ros2_hull/src/wheeltec_gps_path'
[0.483s] INFO:colcon.colcon_core.shell:Skip shell extension 'powershell' for command environment: Not usable outside of PowerShell
[0.483s] DEBUG:colcon.colcon_core.shell:Skip shell extension 'dsv' for command environment
[0.512s] DEBUG:colcon.colcon_core.event_handler.log_command:Invoking command in '/home/orangepi/Desktop/Hull_control_ststem/ros2_hull/build/nmea_msgs': CMAKE_PREFIX_PATH=/opt/ros/foxy /usr/bin/cmake --build /home/orangepi/Desktop/Hull_control_ststem/ros2_hull/build/nmea_msgs -- -j8 -l8
[0.539s] DEBUG:colcon.colcon_core.event_handler.log_command:Invoking command in '/home/orangepi/Desktop/Hull_control_ststem/ros2_hull/build/wheeltec_gps_path': CMAKE_PREFIX_PATH=/opt/ros/foxy /usr/bin/cmake /home/orangepi/Desktop/Hull_control_ststem/ros2_hull/src/wheeltec_gps_path -DCMAKE_INSTALL_PREFIX=/home/orangepi/Desktop/Hull_control_ststem/ros2_hull/install/wheeltec_gps_path
[4.079s] DEBUG:colcon.colcon_core.event_handler.log_command:Invoked command in '/home/orangepi/Desktop/Hull_control_ststem/ros2_hull/build/wheeltec_gps_path' returned '0': CMAKE_PREFIX_PATH=/opt/ros/foxy /usr/bin/cmake /home/orangepi/Desktop/Hull_control_ststem/ros2_hull/src/wheeltec_gps_path -DCMAKE_INSTALL_PREFIX=/home/orangepi/Desktop/Hull_control_ststem/ros2_hull/install/wheeltec_gps_path
[4.080s] DEBUG:colcon.colcon_core.event_handler.log_command:Invoking command in '/home/orangepi/Desktop/Hull_control_ststem/ros2_hull/build/wheeltec_gps_path': CMAKE_PREFIX_PATH=/opt/ros/foxy /usr/bin/cmake --build /home/orangepi/Desktop/Hull_control_ststem/ros2_hull/build/wheeltec_gps_path -- -j8 -l8
[13.444s] DEBUG:colcon.colcon_core.event_handler.log_command:Invoked command in '/home/orangepi/Desktop/Hull_control_ststem/ros2_hull/build/nmea_msgs' returned '0': CMAKE_PREFIX_PATH=/opt/ros/foxy /usr/bin/cmake --build /home/orangepi/Desktop/Hull_control_ststem/ros2_hull/build/nmea_msgs -- -j8 -l8
[13.504s] DEBUG:colcon.colcon_core.event_handler.log_command:Invoking command in '/home/orangepi/Desktop/Hull_control_ststem/ros2_hull/build/nmea_msgs': CMAKE_PREFIX_PATH=/opt/ros/foxy /usr/bin/cmake --install /home/orangepi/Desktop/Hull_control_ststem/ros2_hull/build/nmea_msgs
[13.677s] Level 1:colcon.colcon_core.environment:create_environment_scripts_only(nmea_msgs)
[13.685s] DEBUG:colcon.colcon_core.event_handler.log_command:Invoked command in '/home/orangepi/Desktop/Hull_control_ststem/ros2_hull/build/nmea_msgs' returned '0': CMAKE_PREFIX_PATH=/opt/ros/foxy /usr/bin/cmake --install /home/orangepi/Desktop/Hull_control_ststem/ros2_hull/build/nmea_msgs
[13.693s] Level 1:colcon.colcon_core.environment:checking '/home/orangepi/Desktop/Hull_control_ststem/ros2_hull/install/nmea_msgs' for CMake module files
[13.696s] Level 1:colcon.colcon_core.environment:checking '/home/orangepi/Desktop/Hull_control_ststem/ros2_hull/install/nmea_msgs' for CMake config files
[13.698s] Level 1:colcon.colcon_core.shell:create_environment_hook('nmea_msgs', 'cmake_prefix_path')
[13.700s] INFO:colcon.colcon_core.shell:Creating environment hook '/home/orangepi/Desktop/Hull_control_ststem/ros2_hull/install/nmea_msgs/share/nmea_msgs/hook/cmake_prefix_path.ps1'
[13.705s] INFO:colcon.colcon_core.shell:Creating environment descriptor '/home/orangepi/Desktop/Hull_control_ststem/ros2_hull/install/nmea_msgs/share/nmea_msgs/hook/cmake_prefix_path.dsv'
[13.710s] INFO:colcon.colcon_core.shell:Creating environment hook '/home/orangepi/Desktop/Hull_control_ststem/ros2_hull/install/nmea_msgs/share/nmea_msgs/hook/cmake_prefix_path.sh'
[13.720s] Level 1:colcon.colcon_core.environment:checking '/home/orangepi/Desktop/Hull_control_ststem/ros2_hull/install/nmea_msgs/lib'
[13.729s] Level 1:colcon.colcon_core.shell:create_environment_hook('nmea_msgs', 'ld_library_path_lib')
[13.731s] INFO:colcon.colcon_core.shell:Creating environment hook '/home/orangepi/Desktop/Hull_control_ststem/ros2_hull/install/nmea_msgs/share/nmea_msgs/hook/ld_library_path_lib.ps1'
[13.733s] INFO:colcon.colcon_core.shell:Creating environment descriptor '/home/orangepi/Desktop/Hull_control_ststem/ros2_hull/install/nmea_msgs/share/nmea_msgs/hook/ld_library_path_lib.dsv'
[13.735s] INFO:colcon.colcon_core.shell:Creating environment hook '/home/orangepi/Desktop/Hull_control_ststem/ros2_hull/install/nmea_msgs/share/nmea_msgs/hook/ld_library_path_lib.sh'
[13.738s] Level 1:colcon.colcon_core.environment:checking '/home/orangepi/Desktop/Hull_control_ststem/ros2_hull/install/nmea_msgs/bin'
[13.738s] Level 1:colcon.colcon_core.environment:checking '/home/orangepi/Desktop/Hull_control_ststem/ros2_hull/install/nmea_msgs/lib/pkgconfig/nmea_msgs.pc'
[13.742s] Level 1:colcon.colcon_core.environment:checking '/home/orangepi/Desktop/Hull_control_ststem/ros2_hull/install/nmea_msgs/lib/python3.8/site-packages'
[13.743s] Level 1:colcon.colcon_core.shell:create_environment_hook('nmea_msgs', 'pythonpath')
[13.744s] INFO:colcon.colcon_core.shell:Creating environment hook '/home/orangepi/Desktop/Hull_control_ststem/ros2_hull/install/nmea_msgs/share/nmea_msgs/hook/pythonpath.ps1'
[13.747s] INFO:colcon.colcon_core.shell:Creating environment descriptor '/home/orangepi/Desktop/Hull_control_ststem/ros2_hull/install/nmea_msgs/share/nmea_msgs/hook/pythonpath.dsv'
[13.748s] INFO:colcon.colcon_core.shell:Creating environment hook '/home/orangepi/Desktop/Hull_control_ststem/ros2_hull/install/nmea_msgs/share/nmea_msgs/hook/pythonpath.sh'
[13.751s] Level 1:colcon.colcon_core.environment:checking '/home/orangepi/Desktop/Hull_control_ststem/ros2_hull/install/nmea_msgs/bin'
[13.754s] INFO:colcon.colcon_core.shell:Creating package script '/home/orangepi/Desktop/Hull_control_ststem/ros2_hull/install/nmea_msgs/share/nmea_msgs/package.ps1'
[13.760s] INFO:colcon.colcon_core.shell:Creating package descriptor '/home/orangepi/Desktop/Hull_control_ststem/ros2_hull/install/nmea_msgs/share/nmea_msgs/package.dsv'
[13.765s] INFO:colcon.colcon_core.shell:Creating package script '/home/orangepi/Desktop/Hull_control_ststem/ros2_hull/install/nmea_msgs/share/nmea_msgs/package.sh'
[13.767s] INFO:colcon.colcon_core.shell:Creating package script '/home/orangepi/Desktop/Hull_control_ststem/ros2_hull/install/nmea_msgs/share/nmea_msgs/package.bash'
[13.769s] INFO:colcon.colcon_core.shell:Creating package script '/home/orangepi/Desktop/Hull_control_ststem/ros2_hull/install/nmea_msgs/share/nmea_msgs/package.zsh'
[13.771s] Level 1:colcon.colcon_core.environment:create_file_with_runtime_dependencies(/home/orangepi/Desktop/Hull_control_ststem/ros2_hull/install/nmea_msgs/share/colcon-core/packages/nmea_msgs)
[13.774s] Level 1:colcon.colcon_core.environment:create_environment_scripts_only(nmea_msgs)
[13.774s] Level 1:colcon.colcon_core.environment:checking '/home/orangepi/Desktop/Hull_control_ststem/ros2_hull/install/nmea_msgs' for CMake module files
[13.775s] Level 1:colcon.colcon_core.environment:checking '/home/orangepi/Desktop/Hull_control_ststem/ros2_hull/install/nmea_msgs' for CMake config files
[13.775s] Level 1:colcon.colcon_core.shell:create_environment_hook('nmea_msgs', 'cmake_prefix_path')
[13.776s] INFO:colcon.colcon_core.shell:Creating environment hook '/home/orangepi/Desktop/Hull_control_ststem/ros2_hull/install/nmea_msgs/share/nmea_msgs/hook/cmake_prefix_path.ps1'
[13.777s] INFO:colcon.colcon_core.shell:Creating environment descriptor '/home/orangepi/Desktop/Hull_control_ststem/ros2_hull/install/nmea_msgs/share/nmea_msgs/hook/cmake_prefix_path.dsv'
[13.779s] INFO:colcon.colcon_core.shell:Creating environment hook '/home/orangepi/Desktop/Hull_control_ststem/ros2_hull/install/nmea_msgs/share/nmea_msgs/hook/cmake_prefix_path.sh'
[13.781s] Level 1:colcon.colcon_core.environment:checking '/home/orangepi/Desktop/Hull_control_ststem/ros2_hull/install/nmea_msgs/lib'
[13.781s] Level 1:colcon.colcon_core.shell:create_environment_hook('nmea_msgs', 'ld_library_path_lib')
[13.782s] INFO:colcon.colcon_core.shell:Creating environment hook '/home/orangepi/Desktop/Hull_control_ststem/ros2_hull/install/nmea_msgs/share/nmea_msgs/hook/ld_library_path_lib.ps1'
[13.783s] INFO:colcon.colcon_core.shell:Creating environment descriptor '/home/orangepi/Desktop/Hull_control_ststem/ros2_hull/install/nmea_msgs/share/nmea_msgs/hook/ld_library_path_lib.dsv'
[13.784s] INFO:colcon.colcon_core.shell:Creating environment hook '/home/orangepi/Desktop/Hull_control_ststem/ros2_hull/install/nmea_msgs/share/nmea_msgs/hook/ld_library_path_lib.sh'
[13.787s] Level 1:colcon.colcon_core.environment:checking '/home/orangepi/Desktop/Hull_control_ststem/ros2_hull/install/nmea_msgs/bin'
[13.787s] Level 1:colcon.colcon_core.environment:checking '/home/orangepi/Desktop/Hull_control_ststem/ros2_hull/install/nmea_msgs/lib/pkgconfig/nmea_msgs.pc'
[13.787s] Level 1:colcon.colcon_core.environment:checking '/home/orangepi/Desktop/Hull_control_ststem/ros2_hull/install/nmea_msgs/lib/python3.8/site-packages'
[13.787s] Level 1:colcon.colcon_core.shell:create_environment_hook('nmea_msgs', 'pythonpath')
[13.788s] INFO:colcon.colcon_core.shell:Creating environment hook '/home/orangepi/Desktop/Hull_control_ststem/ros2_hull/install/nmea_msgs/share/nmea_msgs/hook/pythonpath.ps1'
[13.789s] INFO:colcon.colcon_core.shell:Creating environment descriptor '/home/orangepi/Desktop/Hull_control_ststem/ros2_hull/install/nmea_msgs/share/nmea_msgs/hook/pythonpath.dsv'
[13.791s] INFO:colcon.colcon_core.shell:Creating environment hook '/home/orangepi/Desktop/Hull_control_ststem/ros2_hull/install/nmea_msgs/share/nmea_msgs/hook/pythonpath.sh'
[13.793s] Level 1:colcon.colcon_core.environment:checking '/home/orangepi/Desktop/Hull_control_ststem/ros2_hull/install/nmea_msgs/bin'
[13.794s] INFO:colcon.colcon_core.shell:Creating package script '/home/orangepi/Desktop/Hull_control_ststem/ros2_hull/install/nmea_msgs/share/nmea_msgs/package.ps1'
[13.795s] INFO:colcon.colcon_core.shell:Creating package descriptor '/home/orangepi/Desktop/Hull_control_ststem/ros2_hull/install/nmea_msgs/share/nmea_msgs/package.dsv'
[13.797s] INFO:colcon.colcon_core.shell:Creating package script '/home/orangepi/Desktop/Hull_control_ststem/ros2_hull/install/nmea_msgs/share/nmea_msgs/package.sh'
[13.799s] INFO:colcon.colcon_core.shell:Creating package script '/home/orangepi/Desktop/Hull_control_ststem/ros2_hull/install/nmea_msgs/share/nmea_msgs/package.bash'
[13.800s] INFO:colcon.colcon_core.shell:Creating package script '/home/orangepi/Desktop/Hull_control_ststem/ros2_hull/install/nmea_msgs/share/nmea_msgs/package.zsh'
[13.805s] Level 1:colcon.colcon_core.environment:create_file_with_runtime_dependencies(/home/orangepi/Desktop/Hull_control_ststem/ros2_hull/install/nmea_msgs/share/colcon-core/packages/nmea_msgs)
[13.807s] INFO:colcon.colcon_ros.task.ament_python.build:Building ROS package in '/home/orangepi/Desktop/Hull_control_ststem/ros2_hull/src/nmea_navsat_driver' with build type 'ament_python'
[13.807s] Level 1:colcon.colcon_core.shell:create_environment_hook('nmea_navsat_driver', 'ament_prefix_path')
[13.808s] INFO:colcon.colcon_core.shell:Creating environment hook '/home/orangepi/Desktop/Hull_control_ststem/ros2_hull/install/nmea_navsat_driver/share/nmea_navsat_driver/hook/ament_prefix_path.ps1'
[13.809s] INFO:colcon.colcon_core.shell:Creating environment descriptor '/home/orangepi/Desktop/Hull_control_ststem/ros2_hull/install/nmea_navsat_driver/share/nmea_navsat_driver/hook/ament_prefix_path.dsv'
[13.811s] INFO:colcon.colcon_core.shell:Creating environment hook '/home/orangepi/Desktop/Hull_control_ststem/ros2_hull/install/nmea_navsat_driver/share/nmea_navsat_driver/hook/ament_prefix_path.sh'
[13.814s] INFO:colcon.colcon_core.shell:Skip shell extension 'powershell' for command environment: Not usable outside of PowerShell
[13.814s] DEBUG:colcon.colcon_core.shell:Skip shell extension 'dsv' for command environment
[14.243s] INFO:colcon.colcon_core.task.python.build:Building Python package in '/home/orangepi/Desktop/Hull_control_ststem/ros2_hull/src/nmea_navsat_driver'
[14.245s] INFO:colcon.colcon_core.shell:Skip shell extension 'powershell' for command environment: Not usable outside of PowerShell
[14.245s] DEBUG:colcon.colcon_core.shell:Skip shell extension 'dsv' for command environment
[15.177s] DEBUG:colcon.colcon_core.event_handler.log_command:Invoking command in '/home/orangepi/Desktop/Hull_control_ststem/ros2_hull/src/nmea_navsat_driver': AMENT_PREFIX_PATH=/home/orangepi/Desktop/Hull_control_ststem/ros2_hull/install/nmea_msgs:${AMENT_PREFIX_PATH} CMAKE_PREFIX_PATH=/home/orangepi/Desktop/Hull_control_ststem/ros2_hull/install/nmea_msgs LD_LIBRARY_PATH=/home/orangepi/Desktop/Hull_control_ststem/ros2_hull/install/nmea_msgs/lib:${LD_LIBRARY_PATH} PYTHONPATH=/home/orangepi/Desktop/Hull_control_ststem/ros2_hull/build/nmea_navsat_driver/prefix_override:/usr/lib/python3/dist-packages/colcon_core/task/python/colcon_distutils_commands:/home/orangepi/Desktop/Hull_control_ststem/ros2_hull/install/nmea_navsat_driver/lib/python3.8/site-packages:/home/orangepi/Desktop/Hull_control_ststem/ros2_hull/install/nmea_msgs/lib/python3.8/site-packages:${PYTHONPATH} /usr/bin/python3 -W ignore:setup.py install is deprecated -W ignore:easy_install command is deprecated setup.py egg_info --egg-base ../../build/nmea_navsat_driver build --build-base /home/orangepi/Desktop/Hull_control_ststem/ros2_hull/build/nmea_navsat_driver/build install --record /home/orangepi/Desktop/Hull_control_ststem/ros2_hull/build/nmea_navsat_driver/install.log --single-version-externally-managed install_data
[15.690s] DEBUG:colcon.colcon_core.event_handler.log_command:Invoked command in '/home/orangepi/Desktop/Hull_control_ststem/ros2_hull/build/wheeltec_gps_path' returned '0': CMAKE_PREFIX_PATH=/opt/ros/foxy /usr/bin/cmake --build /home/orangepi/Desktop/Hull_control_ststem/ros2_hull/build/wheeltec_gps_path -- -j8 -l8
[15.702s] DEBUG:colcon.colcon_core.event_handler.log_command:Invoking command in '/home/orangepi/Desktop/Hull_control_ststem/ros2_hull/build/wheeltec_gps_path': CMAKE_PREFIX_PATH=/opt/ros/foxy /usr/bin/cmake --install /home/orangepi/Desktop/Hull_control_ststem/ros2_hull/build/wheeltec_gps_path
[15.709s] Level 1:colcon.colcon_core.environment:checking '/home/orangepi/Desktop/Hull_control_ststem/ros2_hull/install/nmea_navsat_driver' for CMake module files
[15.712s] DEBUG:colcon.colcon_core.event_handler.log_command:Invoked command in '/home/orangepi/Desktop/Hull_control_ststem/ros2_hull/src/nmea_navsat_driver' returned '0': AMENT_PREFIX_PATH=/home/orangepi/Desktop/Hull_control_ststem/ros2_hull/install/nmea_msgs:${AMENT_PREFIX_PATH} CMAKE_PREFIX_PATH=/home/orangepi/Desktop/Hull_control_ststem/ros2_hull/install/nmea_msgs LD_LIBRARY_PATH=/home/orangepi/Desktop/Hull_control_ststem/ros2_hull/install/nmea_msgs/lib:${LD_LIBRARY_PATH} PYTHONPATH=/home/orangepi/Desktop/Hull_control_ststem/ros2_hull/build/nmea_navsat_driver/prefix_override:/usr/lib/python3/dist-packages/colcon_core/task/python/colcon_distutils_commands:/home/orangepi/Desktop/Hull_control_ststem/ros2_hull/install/nmea_navsat_driver/lib/python3.8/site-packages:/home/orangepi/Desktop/Hull_control_ststem/ros2_hull/install/nmea_msgs/lib/python3.8/site-packages:${PYTHONPATH} /usr/bin/python3 -W ignore:setup.py install is deprecated -W ignore:easy_install command is deprecated setup.py egg_info --egg-base ../../build/nmea_navsat_driver build --build-base /home/orangepi/Desktop/Hull_control_ststem/ros2_hull/build/nmea_navsat_driver/build install --record /home/orangepi/Desktop/Hull_control_ststem/ros2_hull/build/nmea_navsat_driver/install.log --single-version-externally-managed install_data
[15.713s] Level 1:colcon.colcon_core.environment:checking '/home/orangepi/Desktop/Hull_control_ststem/ros2_hull/install/nmea_navsat_driver' for CMake config files
[15.716s] Level 1:colcon.colcon_core.environment:checking '/home/orangepi/Desktop/Hull_control_ststem/ros2_hull/install/nmea_navsat_driver/lib'
[15.716s] Level 1:colcon.colcon_core.environment:checking '/home/orangepi/Desktop/Hull_control_ststem/ros2_hull/install/nmea_navsat_driver/bin'
[15.717s] Level 1:colcon.colcon_core.environment:checking '/home/orangepi/Desktop/Hull_control_ststem/ros2_hull/install/nmea_navsat_driver/lib/pkgconfig/nmea_navsat_driver.pc'
[15.718s] Level 1:colcon.colcon_core.environment:checking '/home/orangepi/Desktop/Hull_control_ststem/ros2_hull/install/nmea_navsat_driver/lib/python3.8/site-packages'
[15.718s] Level 1:colcon.colcon_core.shell:create_environment_hook('nmea_navsat_driver', 'pythonpath')
[15.719s] INFO:colcon.colcon_core.shell:Creating environment hook '/home/orangepi/Desktop/Hull_control_ststem/ros2_hull/install/nmea_navsat_driver/share/nmea_navsat_driver/hook/pythonpath.ps1'
[15.723s] INFO:colcon.colcon_core.shell:Creating environment descriptor '/home/orangepi/Desktop/Hull_control_ststem/ros2_hull/install/nmea_navsat_driver/share/nmea_navsat_driver/hook/pythonpath.dsv'
[15.726s] INFO:colcon.colcon_core.shell:Creating environment hook '/home/orangepi/Desktop/Hull_control_ststem/ros2_hull/install/nmea_navsat_driver/share/nmea_navsat_driver/hook/pythonpath.sh'
[15.731s] Level 1:colcon.colcon_core.environment:checking '/home/orangepi/Desktop/Hull_control_ststem/ros2_hull/install/nmea_navsat_driver/bin'
[15.731s] Level 1:colcon.colcon_core.environment:create_environment_scripts_only(nmea_navsat_driver)
[15.733s] INFO:colcon.colcon_core.shell:Creating package script '/home/orangepi/Desktop/Hull_control_ststem/ros2_hull/install/nmea_navsat_driver/share/nmea_navsat_driver/package.ps1'
[15.737s] INFO:colcon.colcon_core.shell:Creating package descriptor '/home/orangepi/Desktop/Hull_control_ststem/ros2_hull/install/nmea_navsat_driver/share/nmea_navsat_driver/package.dsv'
[15.739s] INFO:colcon.colcon_core.shell:Creating package script '/home/orangepi/Desktop/Hull_control_ststem/ros2_hull/install/nmea_navsat_driver/share/nmea_navsat_driver/package.sh'
[15.742s] INFO:colcon.colcon_core.shell:Creating package script '/home/orangepi/Desktop/Hull_control_ststem/ros2_hull/install/nmea_navsat_driver/share/nmea_navsat_driver/package.bash'
[15.744s] INFO:colcon.colcon_core.shell:Creating package script '/home/orangepi/Desktop/Hull_control_ststem/ros2_hull/install/nmea_navsat_driver/share/nmea_navsat_driver/package.zsh'
[15.746s] Level 1:colcon.colcon_core.environment:create_file_with_runtime_dependencies(/home/orangepi/Desktop/Hull_control_ststem/ros2_hull/install/nmea_navsat_driver/share/colcon-core/packages/nmea_navsat_driver)
[15.751s] Level 1:colcon.colcon_core.environment:create_environment_scripts_only(wheeltec_gps_path)
[15.752s] Level 1:colcon.colcon_core.environment:checking '/home/orangepi/Desktop/Hull_control_ststem/ros2_hull/install/wheeltec_gps_path' for CMake module files
[15.755s] DEBUG:colcon.colcon_core.event_handler.log_command:Invoked command in '/home/orangepi/Desktop/Hull_control_ststem/ros2_hull/build/wheeltec_gps_path' returned '0': CMAKE_PREFIX_PATH=/opt/ros/foxy /usr/bin/cmake --install /home/orangepi/Desktop/Hull_control_ststem/ros2_hull/build/wheeltec_gps_path
[15.757s] Level 1:colcon.colcon_core.environment:checking '/home/orangepi/Desktop/Hull_control_ststem/ros2_hull/install/wheeltec_gps_path' for CMake config files
[15.758s] Level 1:colcon.colcon_core.shell:create_environment_hook('wheeltec_gps_path', 'cmake_prefix_path')
[15.759s] INFO:colcon.colcon_core.shell:Creating environment hook '/home/orangepi/Desktop/Hull_control_ststem/ros2_hull/install/wheeltec_gps_path/share/wheeltec_gps_path/hook/cmake_prefix_path.ps1'
[15.761s] INFO:colcon.colcon_core.shell:Creating environment descriptor '/home/orangepi/Desktop/Hull_control_ststem/ros2_hull/install/wheeltec_gps_path/share/wheeltec_gps_path/hook/cmake_prefix_path.dsv'
[15.763s] INFO:colcon.colcon_core.shell:Creating environment hook '/home/orangepi/Desktop/Hull_control_ststem/ros2_hull/install/wheeltec_gps_path/share/wheeltec_gps_path/hook/cmake_prefix_path.sh'
[15.765s] Level 1:colcon.colcon_core.environment:checking '/home/orangepi/Desktop/Hull_control_ststem/ros2_hull/install/wheeltec_gps_path/lib'
[15.765s] Level 1:colcon.colcon_core.environment:checking '/home/orangepi/Desktop/Hull_control_ststem/ros2_hull/install/wheeltec_gps_path/bin'
[15.765s] Level 1:colcon.colcon_core.environment:checking '/home/orangepi/Desktop/Hull_control_ststem/ros2_hull/install/wheeltec_gps_path/lib/pkgconfig/wheeltec_gps_path.pc'
[15.766s] Level 1:colcon.colcon_core.environment:checking '/home/orangepi/Desktop/Hull_control_ststem/ros2_hull/install/wheeltec_gps_path/lib/python3.8/site-packages'
[15.768s] Level 1:colcon.colcon_core.environment:checking '/home/orangepi/Desktop/Hull_control_ststem/ros2_hull/install/wheeltec_gps_path/bin'
[15.769s] INFO:colcon.colcon_core.shell:Creating package script '/home/orangepi/Desktop/Hull_control_ststem/ros2_hull/install/wheeltec_gps_path/share/wheeltec_gps_path/package.ps1'
[15.772s] INFO:colcon.colcon_core.shell:Creating package descriptor '/home/orangepi/Desktop/Hull_control_ststem/ros2_hull/install/wheeltec_gps_path/share/wheeltec_gps_path/package.dsv'
[15.774s] INFO:colcon.colcon_core.shell:Creating package script '/home/orangepi/Desktop/Hull_control_ststem/ros2_hull/install/wheeltec_gps_path/share/wheeltec_gps_path/package.sh'
[15.776s] INFO:colcon.colcon_core.shell:Creating package script '/home/orangepi/Desktop/Hull_control_ststem/ros2_hull/install/wheeltec_gps_path/share/wheeltec_gps_path/package.bash'
[15.777s] INFO:colcon.colcon_core.shell:Creating package script '/home/orangepi/Desktop/Hull_control_ststem/ros2_hull/install/wheeltec_gps_path/share/wheeltec_gps_path/package.zsh'
[15.778s] Level 1:colcon.colcon_core.environment:create_file_with_runtime_dependencies(/home/orangepi/Desktop/Hull_control_ststem/ros2_hull/install/wheeltec_gps_path/share/colcon-core/packages/wheeltec_gps_path)
[15.782s] Level 1:colcon.colcon_core.environment:create_environment_scripts_only(wheeltec_gps_path)
[15.783s] Level 1:colcon.colcon_core.environment:checking '/home/orangepi/Desktop/Hull_control_ststem/ros2_hull/install/wheeltec_gps_path' for CMake module files
[15.786s] Level 1:colcon.colcon_core.environment:checking '/home/orangepi/Desktop/Hull_control_ststem/ros2_hull/install/wheeltec_gps_path' for CMake config files
[15.787s] Level 1:colcon.colcon_core.shell:create_environment_hook('wheeltec_gps_path', 'cmake_prefix_path')
[15.789s] INFO:colcon.colcon_core.shell:Creating environment hook '/home/orangepi/Desktop/Hull_control_ststem/ros2_hull/install/wheeltec_gps_path/share/wheeltec_gps_path/hook/cmake_prefix_path.ps1'
[15.791s] INFO:colcon.colcon_core.shell:Creating environment descriptor '/home/orangepi/Desktop/Hull_control_ststem/ros2_hull/install/wheeltec_gps_path/share/wheeltec_gps_path/hook/cmake_prefix_path.dsv'
[15.792s] INFO:colcon.colcon_core.shell:Creating environment hook '/home/orangepi/Desktop/Hull_control_ststem/ros2_hull/install/wheeltec_gps_path/share/wheeltec_gps_path/hook/cmake_prefix_path.sh'
[15.794s] Level 1:colcon.colcon_core.environment:checking '/home/orangepi/Desktop/Hull_control_ststem/ros2_hull/install/wheeltec_gps_path/lib'
[15.795s] Level 1:colcon.colcon_core.environment:checking '/home/orangepi/Desktop/Hull_control_ststem/ros2_hull/install/wheeltec_gps_path/bin'
[15.795s] Level 1:colcon.colcon_core.environment:checking '/home/orangepi/Desktop/Hull_control_ststem/ros2_hull/install/wheeltec_gps_path/lib/pkgconfig/wheeltec_gps_path.pc'
[15.796s] Level 1:colcon.colcon_core.environment:checking '/home/orangepi/Desktop/Hull_control_ststem/ros2_hull/install/wheeltec_gps_path/lib/python3.8/site-packages'
[15.797s] Level 1:colcon.colcon_core.environment:checking '/home/orangepi/Desktop/Hull_control_ststem/ros2_hull/install/wheeltec_gps_path/bin'
[15.799s] INFO:colcon.colcon_core.shell:Creating package script '/home/orangepi/Desktop/Hull_control_ststem/ros2_hull/install/wheeltec_gps_path/share/wheeltec_gps_path/package.ps1'
[15.802s] INFO:colcon.colcon_core.shell:Creating package descriptor '/home/orangepi/Desktop/Hull_control_ststem/ros2_hull/install/wheeltec_gps_path/share/wheeltec_gps_path/package.dsv'
[15.805s] INFO:colcon.colcon_core.shell:Creating package script '/home/orangepi/Desktop/Hull_control_ststem/ros2_hull/install/wheeltec_gps_path/share/wheeltec_gps_path/package.sh'
[15.806s] INFO:colcon.colcon_core.shell:Creating package script '/home/orangepi/Desktop/Hull_control_ststem/ros2_hull/install/wheeltec_gps_path/share/wheeltec_gps_path/package.bash'
[15.808s] INFO:colcon.colcon_core.shell:Creating package script '/home/orangepi/Desktop/Hull_control_ststem/ros2_hull/install/wheeltec_gps_path/share/wheeltec_gps_path/package.zsh'
[15.810s] Level 1:colcon.colcon_core.environment:create_file_with_runtime_dependencies(/home/orangepi/Desktop/Hull_control_ststem/ros2_hull/install/wheeltec_gps_path/share/colcon-core/packages/wheeltec_gps_path)
[15.813s] DEBUG:colcon.colcon_parallel_executor.executor.parallel:closing loop
[15.815s] DEBUG:colcon.colcon_parallel_executor.executor.parallel:loop closed
[15.815s] DEBUG:colcon.colcon_parallel_executor.executor.parallel:run_until_complete finished with '0'
[15.815s] DEBUG:colcon.colcon_core.event_reactor:joining thread
[15.817s] DEBUG:colcon.colcon_core.event_reactor:joined thread
[15.818s] INFO:colcon.colcon_core.shell:Creating prefix script '/home/orangepi/Desktop/Hull_control_ststem/ros2_hull/install/local_setup.ps1'
[15.820s] INFO:colcon.colcon_core.shell:Creating prefix util module '/home/orangepi/Desktop/Hull_control_ststem/ros2_hull/install/_local_setup_util_ps1.py'
[15.822s] INFO:colcon.colcon_core.shell:Creating prefix chain script '/home/orangepi/Desktop/Hull_control_ststem/ros2_hull/install/setup.ps1'
[15.826s] INFO:colcon.colcon_core.shell:Creating prefix script '/home/orangepi/Desktop/Hull_control_ststem/ros2_hull/install/local_setup.sh'
[15.831s] INFO:colcon.colcon_core.shell:Creating prefix util module '/home/orangepi/Desktop/Hull_control_ststem/ros2_hull/install/_local_setup_util_sh.py'
[15.833s] INFO:colcon.colcon_core.shell:Creating prefix chain script '/home/orangepi/Desktop/Hull_control_ststem/ros2_hull/install/setup.sh'
[15.836s] INFO:colcon.colcon_core.shell:Creating prefix script '/home/orangepi/Desktop/Hull_control_ststem/ros2_hull/install/local_setup.bash'
[15.837s] INFO:colcon.colcon_core.shell:Creating prefix chain script '/home/orangepi/Desktop/Hull_control_ststem/ros2_hull/install/setup.bash'
[15.838s] INFO:colcon.colcon_core.shell:Creating prefix script '/home/orangepi/Desktop/Hull_control_ststem/ros2_hull/install/local_setup.zsh'
[15.841s] INFO:colcon.colcon_core.shell:Creating prefix chain script '/home/orangepi/Desktop/Hull_control_ststem/ros2_hull/install/setup.zsh'
