[1.224s] Invoking command in '/home/orangepi/Desktop/Hull_control_ststem/ros2_hull/src/nmea_navsat_driver': CMAKE_PREFIX_PATH=/home/orangepi/Desktop/Hull_control_ststem/ros2_hull/install/nmea_msgs:/home/orangepi/Desktop/Hull_control_ststem/ros2_hull/install/wheeltec_gps_path PYTHONPATH=/home/orangepi/Desktop/Hull_control_ststem/ros2_hull/build/nmea_navsat_driver/prefix_override:/usr/lib/python3/dist-packages/colcon_core/task/python/colcon_distutils_commands:/home/orangepi/Desktop/Hull_control_ststem/ros2_hull/install/nmea_navsat_driver/lib/python3.8/site-packages:/home/orangepi/Desktop/Hull_control_ststem/ros2_hull/install/nmea_msgs/lib/python3.8/site-packages:/home/orangepi/Desktop/Hull_control_ststem/ros2_hull/build/wgs84_gcj_bridge:/home/orangepi/Desktop/Hull_control_ststem/ros2_hull/install/wgs84_gcj_bridge/lib/python3.8/site-packages:/home/orangepi/Desktop/Hull_control_ststem/ros2_hull/install/nmea_navsat_driver/lib/python3.8/site-packages:/home/orangepi/Desktop/Hull_control_ststem/ros2_hull/install/gps_wgs84_to_gcj02/lib/python3.8/site-packages:/opt/ros/foxy/lib/python3.8/site-packages /usr/bin/python3 -W ignore:setup.py install is deprecated -W ignore:easy_install command is deprecated setup.py egg_info --egg-base ../../build/nmea_navsat_driver build --build-base /home/orangepi/Desktop/Hull_control_ststem/ros2_hull/build/nmea_navsat_driver/build install --record /home/orangepi/Desktop/Hull_control_ststem/ros2_hull/build/nmea_navsat_driver/install.log --single-version-externally-managed install_data
[1.530s] running egg_info
[1.532s] writing ../../build/nmea_navsat_driver/nmea_navsat_driver.egg-info/PKG-INFO
[1.533s] writing dependency_links to ../../build/nmea_navsat_driver/nmea_navsat_driver.egg-info/dependency_links.txt
[1.537s] writing entry points to ../../build/nmea_navsat_driver/nmea_navsat_driver.egg-info/entry_points.txt
[1.538s] writing requirements to ../../build/nmea_navsat_driver/nmea_navsat_driver.egg-info/requires.txt
[1.539s] writing top-level names to ../../build/nmea_navsat_driver/nmea_navsat_driver.egg-info/top_level.txt
[1.594s] reading manifest file '../../build/nmea_navsat_driver/nmea_navsat_driver.egg-info/SOURCES.txt'
[1.596s] writing manifest file '../../build/nmea_navsat_driver/nmea_navsat_driver.egg-info/SOURCES.txt'
[1.597s] running build
[1.597s] running build_py
[1.599s] running install
[1.601s] running install_lib
[1.606s] running install_data
[1.606s] copying config/nmea_serial_driver.yaml -> /home/orangepi/Desktop/Hull_control_ststem/ros2_hull/install/nmea_navsat_driver/share/nmea_navsat_driver/config
[1.607s] running install_egg_info
[1.610s] removing '/home/orangepi/Desktop/Hull_control_ststem/ros2_hull/install/nmea_navsat_driver/lib/python3.8/site-packages/nmea_navsat_driver-2.0.0-py3.8.egg-info' (and everything under it)
[1.610s] Copying ../../build/nmea_navsat_driver/nmea_navsat_driver.egg-info to /home/orangepi/Desktop/Hull_control_ststem/ros2_hull/install/nmea_navsat_driver/lib/python3.8/site-packages/nmea_navsat_driver-2.0.0-py3.8.egg-info
[1.611s] running install_scripts
[1.641s] Installing nmea_serial_driver script to /home/orangepi/Desktop/Hull_control_ststem/ros2_hull/install/nmea_navsat_driver/lib/nmea_navsat_driver
[1.641s] Installing nmea_socket_driver script to /home/orangepi/Desktop/Hull_control_ststem/ros2_hull/install/nmea_navsat_driver/lib/nmea_navsat_driver
[1.643s] Installing nmea_tcpclient_driver script to /home/orangepi/Desktop/Hull_control_ststem/ros2_hull/install/nmea_navsat_driver/lib/nmea_navsat_driver
[1.654s] Installing nmea_topic_driver script to /home/orangepi/Desktop/Hull_control_ststem/ros2_hull/install/nmea_navsat_driver/lib/nmea_navsat_driver
[1.656s] Installing nmea_topic_serial_reader script to /home/orangepi/Desktop/Hull_control_ststem/ros2_hull/install/nmea_navsat_driver/lib/nmea_navsat_driver
[1.658s] writing list of installed files to '/home/orangepi/Desktop/Hull_control_ststem/ros2_hull/build/nmea_navsat_driver/install.log'
[1.729s] Invoked command in '/home/orangepi/Desktop/Hull_control_ststem/ros2_hull/src/nmea_navsat_driver' returned '0': CMAKE_PREFIX_PATH=/home/orangepi/Desktop/Hull_control_ststem/ros2_hull/install/nmea_msgs:/home/orangepi/Desktop/Hull_control_ststem/ros2_hull/install/wheeltec_gps_path PYTHONPATH=/home/orangepi/Desktop/Hull_control_ststem/ros2_hull/build/nmea_navsat_driver/prefix_override:/usr/lib/python3/dist-packages/colcon_core/task/python/colcon_distutils_commands:/home/orangepi/Desktop/Hull_control_ststem/ros2_hull/install/nmea_navsat_driver/lib/python3.8/site-packages:/home/orangepi/Desktop/Hull_control_ststem/ros2_hull/install/nmea_msgs/lib/python3.8/site-packages:/home/orangepi/Desktop/Hull_control_ststem/ros2_hull/build/wgs84_gcj_bridge:/home/orangepi/Desktop/Hull_control_ststem/ros2_hull/install/wgs84_gcj_bridge/lib/python3.8/site-packages:/home/orangepi/Desktop/Hull_control_ststem/ros2_hull/install/nmea_navsat_driver/lib/python3.8/site-packages:/home/orangepi/Desktop/Hull_control_ststem/ros2_hull/install/gps_wgs84_to_gcj02/lib/python3.8/site-packages:/opt/ros/foxy/lib/python3.8/site-packages /usr/bin/python3 -W ignore:setup.py install is deprecated -W ignore:easy_install command is deprecated setup.py egg_info --egg-base ../../build/nmea_navsat_driver build --build-base /home/orangepi/Desktop/Hull_control_ststem/ros2_hull/build/nmea_navsat_driver/build install --record /home/orangepi/Desktop/Hull_control_ststem/ros2_hull/build/nmea_navsat_driver/install.log --single-version-externally-managed install_data
