[0.022s] Invoking command in '/home/orangepi/Desktop/Hull_control_ststem/ros2_hull/build/nmea_msgs': CMAKE_PREFIX_PATH=/opt/ros/foxy /usr/bin/cmake /home/orangepi/Desktop/Hull_control_ststem/ros2_hull/src/nmea_msgs-ros2 -DCMAKE_INSTALL_PREFIX=/home/orangepi/Desktop/Hull_control_ststem/ros2_hull/install/nmea_msgs
[0.554s] -- The C compiler identification is GNU 9.4.0
[1.270s] -- The CXX compiler identification is GNU 9.4.0
[1.281s] -- Check for working C compiler: /usr/bin/cc
[1.536s] -- Check for working C compiler: /usr/bin/cc -- works
[1.536s] -- Detecting C compiler ABI info
[1.835s] -- Detecting C compiler ABI info - done
[1.863s] -- Detecting C compile features
[1.864s] -- Detecting C compile features - done
[1.867s] -- Check for working CXX compiler: /usr/bin/c++
[2.090s] -- Check for working CXX compiler: /usr/bin/c++ -- works
[2.091s] -- Detecting CXX compiler ABI info
[2.299s] -- Detecting CXX compiler ABI info - done
[2.320s] -- Detecting CXX compile features
[2.320s] -- Detecting CXX compile features - done
[2.323s] -- Found ament_cmake: 0.9.12 (/opt/ros/foxy/share/ament_cmake/cmake)
[2.376s] -- Found PythonInterp: /usr/bin/python3 (found suitable version "3.8.10", minimum required is "3") 
[2.376s] -- Using PYTHON_EXECUTABLE: /usr/bin/python3
[2.723s] -- Found rosidl_default_generators: 1.0.1 (/opt/ros/foxy/share/rosidl_default_generators/cmake)
[2.725s] -- Using all available rosidl_typesupport_c: rosidl_typesupport_fastrtps_c;rosidl_typesupport_introspection_c
[2.734s] -- Found rosidl_adapter: 1.3.1 (/opt/ros/foxy/share/rosidl_adapter/cmake)
[2.998s] -- Found OpenSSL: /usr/lib/aarch64-linux-gnu/libcrypto.so (found version "1.1.1f")  
[3.047s] -- Found FastRTPS: /opt/ros/foxy/include  
[3.165s] -- Using all available rosidl_typesupport_cpp: rosidl_typesupport_fastrtps_cpp;rosidl_typesupport_introspection_cpp
[3.198s] -- Found std_msgs: 2.0.5 (/opt/ros/foxy/share/std_msgs/cmake)
[3.309s] -- Found PythonInterp: /usr/bin/python3 (found version "3.8.10") 
[3.666s] -- Found ament_cmake_ros: 0.9.2 (/opt/ros/foxy/share/ament_cmake_ros/cmake)
[3.950s] -- Using all available rosidl_typesupport_c: rosidl_typesupport_fastrtps_c;rosidl_typesupport_introspection_c
[4.034s] -- Using all available rosidl_typesupport_cpp: rosidl_typesupport_fastrtps_cpp;rosidl_typesupport_introspection_cpp
[4.100s] -- Found PythonInterp: /usr/bin/python3 (found suitable version "3.8.10", minimum required is "3.5") 
[4.102s] -- Found python_cmake_module: 0.8.1 (/opt/ros/foxy/share/python_cmake_module/cmake)
[4.183s] -- Found PythonLibs: /usr/lib/aarch64-linux-gnu/libpython3.8.so (found suitable version "3.8.10", minimum required is "3.5") 
[4.184s] -- Using PYTHON_EXECUTABLE: /usr/bin/python3
[4.184s] -- Using PYTHON_INCLUDE_DIRS: /usr/include/python3.8
[4.184s] -- Using PYTHON_LIBRARIES: /usr/lib/aarch64-linux-gnu/libpython3.8.so
[4.219s] -- Found PythonExtra: .so  
[4.321s] -- Configuring done
[4.412s] -- Generating done
[4.437s] -- Build files have been written to: /home/orangepi/Desktop/Hull_control_ststem/ros2_hull/build/nmea_msgs
[4.466s] Invoked command in '/home/orangepi/Desktop/Hull_control_ststem/ros2_hull/build/nmea_msgs' returned '0': CMAKE_PREFIX_PATH=/opt/ros/foxy /usr/bin/cmake /home/orangepi/Desktop/Hull_control_ststem/ros2_hull/src/nmea_msgs-ros2 -DCMAKE_INSTALL_PREFIX=/home/orangepi/Desktop/Hull_control_ststem/ros2_hull/install/nmea_msgs
[4.472s] Invoking command in '/home/orangepi/Desktop/Hull_control_ststem/ros2_hull/build/nmea_msgs': CMAKE_PREFIX_PATH=/opt/ros/foxy /usr/bin/cmake --build /home/orangepi/Desktop/Hull_control_ststem/ros2_hull/build/nmea_msgs -- -j8 -l8
[4.649s] [  1%] [34m[1mGenerating C code for ROS interfaces[0m
[4.650s] [35m[1mScanning dependencies of target nmea_msgs__cpp[0m
[4.681s] [  1%] [34m[1mGenerating C++ code for ROS interfaces[0m
[6.451s] [  1%] Built target nmea_msgs__cpp
[6.466s] [35m[1mScanning dependencies of target nmea_msgs__rosidl_generator_c[0m
[6.482s] [  2%] [34m[1mGenerating C++ introspection for ROS interfaces[0m
[6.489s] [  4%] [34m[1mGenerating C++ type support for eProsima Fast-RTPS[0m
[6.489s] [  4%] [34m[1mGenerating C++ type support dispatch for ROS interfaces[0m
[6.500s] [  5%] [32mBuilding C object CMakeFiles/nmea_msgs__rosidl_generator_c.dir/rosidl_generator_c/nmea_msgs/msg/detail/sentence__functions.c.o[0m
[6.513s] [  6%] [32mBuilding C object CMakeFiles/nmea_msgs__rosidl_generator_c.dir/rosidl_generator_c/nmea_msgs/msg/detail/gpgst__functions.c.o[0m
[6.518s] [  8%] [32mBuilding C object CMakeFiles/nmea_msgs__rosidl_generator_c.dir/rosidl_generator_c/nmea_msgs/msg/detail/gpgsa__functions.c.o[0m
[6.518s] [  8%] [32mBuilding C object CMakeFiles/nmea_msgs__rosidl_generator_c.dir/rosidl_generator_c/nmea_msgs/msg/detail/gpgga__functions.c.o[0m
[6.526s] [  9%] [32mBuilding C object CMakeFiles/nmea_msgs__rosidl_generator_c.dir/rosidl_generator_c/nmea_msgs/msg/detail/gpgsv__functions.c.o[0m
[6.661s] [ 10%] [32mBuilding C object CMakeFiles/nmea_msgs__rosidl_generator_c.dir/rosidl_generator_c/nmea_msgs/msg/detail/gpgsv_satellite__functions.c.o[0m
[6.728s] [ 11%] [32mBuilding C object CMakeFiles/nmea_msgs__rosidl_generator_c.dir/rosidl_generator_c/nmea_msgs/msg/detail/gprmc__functions.c.o[0m
[6.737s] [ 12%] [32mBuilding C object CMakeFiles/nmea_msgs__rosidl_generator_c.dir/rosidl_generator_c/nmea_msgs/msg/detail/gpvtg__functions.c.o[0m
[6.745s] [ 13%] [32mBuilding C object CMakeFiles/nmea_msgs__rosidl_generator_c.dir/rosidl_generator_c/nmea_msgs/msg/detail/gpzda__functions.c.o[0m
[6.756s] [ 14%] [32mBuilding C object CMakeFiles/nmea_msgs__rosidl_generator_c.dir/rosidl_generator_c/nmea_msgs/msg/detail/gphdt__functions.c.o[0m
[6.915s] [ 15%] [32m[1mLinking C shared library libnmea_msgs__rosidl_generator_c.so[0m
[7.087s] [ 15%] Built target nmea_msgs__rosidl_generator_c
[7.131s] [ 16%] [34m[1mGenerating C introspection for ROS interfaces[0m
[7.136s] [ 17%] [34m[1mGenerating C type support dispatch for ROS interfaces[0m
[7.862s] [35m[1mScanning dependencies of target nmea_msgs__rosidl_typesupport_cpp[0m
[7.931s] [ 18%] [32mBuilding CXX object CMakeFiles/nmea_msgs__rosidl_typesupport_cpp.dir/rosidl_typesupport_cpp/nmea_msgs/msg/sentence__type_support.cpp.o[0m
[7.965s] [ 19%] [32mBuilding CXX object CMakeFiles/nmea_msgs__rosidl_typesupport_cpp.dir/rosidl_typesupport_cpp/nmea_msgs/msg/gpgga__type_support.cpp.o[0m
[7.971s] [ 20%] [32mBuilding CXX object CMakeFiles/nmea_msgs__rosidl_typesupport_cpp.dir/rosidl_typesupport_cpp/nmea_msgs/msg/gpgsa__type_support.cpp.o[0m
[7.971s] [ 21%] [32mBuilding CXX object CMakeFiles/nmea_msgs__rosidl_typesupport_cpp.dir/rosidl_typesupport_cpp/nmea_msgs/msg/gpgst__type_support.cpp.o[0m
[7.992s] [35m[1mScanning dependencies of target nmea_msgs__rosidl_typesupport_introspection_cpp[0m
[8.049s] [ 22%] [32mBuilding CXX object CMakeFiles/nmea_msgs__rosidl_typesupport_introspection_cpp.dir/rosidl_typesupport_introspection_cpp/nmea_msgs/msg/detail/sentence__type_support.cpp.o[0m
[8.374s] [35m[1mScanning dependencies of target nmea_msgs__rosidl_typesupport_fastrtps_cpp[0m
[8.457s] [ 23%] [32mBuilding CXX object CMakeFiles/nmea_msgs__rosidl_typesupport_fastrtps_cpp.dir/rosidl_typesupport_fastrtps_cpp/nmea_msgs/msg/detail/dds_fastrtps/sentence__type_support.cpp.o[0m
[8.497s] [35m[1mScanning dependencies of target nmea_msgs__rosidl_typesupport_c[0m
[8.601s] [ 24%] [32mBuilding CXX object CMakeFiles/nmea_msgs__rosidl_typesupport_c.dir/rosidl_typesupport_c/nmea_msgs/msg/sentence__type_support.cpp.o[0m
[8.632s] [ 25%] [32mBuilding CXX object CMakeFiles/nmea_msgs__rosidl_typesupport_fastrtps_cpp.dir/rosidl_typesupport_fastrtps_cpp/nmea_msgs/msg/detail/dds_fastrtps/gpgga__type_support.cpp.o[0m
[8.691s] [ 26%] [32mBuilding CXX object CMakeFiles/nmea_msgs__rosidl_typesupport_introspection_cpp.dir/rosidl_typesupport_introspection_cpp/nmea_msgs/msg/detail/gpgga__type_support.cpp.o[0m
[8.733s] [ 27%] [32mBuilding CXX object CMakeFiles/nmea_msgs__rosidl_typesupport_c.dir/rosidl_typesupport_c/nmea_msgs/msg/gpgga__type_support.cpp.o[0m
[8.841s] [ 28%] [32mBuilding CXX object CMakeFiles/nmea_msgs__rosidl_typesupport_cpp.dir/rosidl_typesupport_cpp/nmea_msgs/msg/gpgsv__type_support.cpp.o[0m
[8.854s] [ 29%] [32mBuilding CXX object CMakeFiles/nmea_msgs__rosidl_typesupport_c.dir/rosidl_typesupport_c/nmea_msgs/msg/gpgsa__type_support.cpp.o[0m
[8.867s] [ 30%] [32mBuilding CXX object CMakeFiles/nmea_msgs__rosidl_typesupport_c.dir/rosidl_typesupport_c/nmea_msgs/msg/gpgst__type_support.cpp.o[0m
[8.894s] [ 31%] [32mBuilding CXX object CMakeFiles/nmea_msgs__rosidl_typesupport_cpp.dir/rosidl_typesupport_cpp/nmea_msgs/msg/gpgsv_satellite__type_support.cpp.o[0m
[8.984s] [ 32%] [32mBuilding CXX object CMakeFiles/nmea_msgs__rosidl_typesupport_c.dir/rosidl_typesupport_c/nmea_msgs/msg/gpgsv_satellite__type_support.cpp.o[0m
[8.992s] [ 33%] [32mBuilding CXX object CMakeFiles/nmea_msgs__rosidl_typesupport_c.dir/rosidl_typesupport_c/nmea_msgs/msg/gpgsv__type_support.cpp.o[0m
[9.034s] [ 34%] [32mBuilding CXX object CMakeFiles/nmea_msgs__rosidl_typesupport_c.dir/rosidl_typesupport_c/nmea_msgs/msg/gprmc__type_support.cpp.o[0m
[9.085s] [ 35%] [32mBuilding CXX object CMakeFiles/nmea_msgs__rosidl_typesupport_c.dir/rosidl_typesupport_c/nmea_msgs/msg/gpvtg__type_support.cpp.o[0m
[9.128s] [ 35%] [32mBuilding CXX object CMakeFiles/nmea_msgs__rosidl_typesupport_c.dir/rosidl_typesupport_c/nmea_msgs/msg/gpzda__type_support.cpp.o[0m
[9.136s] [ 36%] [32mBuilding CXX object CMakeFiles/nmea_msgs__rosidl_typesupport_c.dir/rosidl_typesupport_c/nmea_msgs/msg/gphdt__type_support.cpp.o[0m
[9.241s] [ 37%] [32m[1mLinking CXX shared library libnmea_msgs__rosidl_typesupport_c.so[0m
[9.250s] [ 38%] [32mBuilding CXX object CMakeFiles/nmea_msgs__rosidl_typesupport_introspection_cpp.dir/rosidl_typesupport_introspection_cpp/nmea_msgs/msg/detail/gpgsa__type_support.cpp.o[0m
[9.289s] [ 39%] [32mBuilding CXX object CMakeFiles/nmea_msgs__rosidl_typesupport_introspection_cpp.dir/rosidl_typesupport_introspection_cpp/nmea_msgs/msg/detail/gpgst__type_support.cpp.o[0m
[9.332s] [35m[1mScanning dependencies of target nmea_msgs__rosidl_typesupport_introspection_c[0m
[9.369s] [ 40%] [32mBuilding CXX object CMakeFiles/nmea_msgs__rosidl_typesupport_cpp.dir/rosidl_typesupport_cpp/nmea_msgs/msg/gprmc__type_support.cpp.o[0m
[9.388s] [ 40%] Built target nmea_msgs__rosidl_typesupport_c
[9.424s] [ 41%] [32mBuilding C object CMakeFiles/nmea_msgs__rosidl_typesupport_introspection_c.dir/rosidl_typesupport_introspection_c/nmea_msgs/msg/detail/sentence__type_support.c.o[0m
[9.428s] [ 42%] [32mBuilding CXX object CMakeFiles/nmea_msgs__rosidl_typesupport_cpp.dir/rosidl_typesupport_cpp/nmea_msgs/msg/gpvtg__type_support.cpp.o[0m
[9.508s] [ 42%] [32mBuilding CXX object CMakeFiles/nmea_msgs__rosidl_typesupport_fastrtps_cpp.dir/rosidl_typesupport_fastrtps_cpp/nmea_msgs/msg/detail/dds_fastrtps/gpgsa__type_support.cpp.o[0m
[9.539s] [ 43%] [32mBuilding C object CMakeFiles/nmea_msgs__rosidl_typesupport_introspection_c.dir/rosidl_typesupport_introspection_c/nmea_msgs/msg/detail/gpgga__type_support.c.o[0m
[9.607s] [ 44%] [32mBuilding C object CMakeFiles/nmea_msgs__rosidl_typesupport_introspection_c.dir/rosidl_typesupport_introspection_c/nmea_msgs/msg/detail/gpgsa__type_support.c.o[0m
[9.672s] [ 45%] [32mBuilding C object CMakeFiles/nmea_msgs__rosidl_typesupport_introspection_c.dir/rosidl_typesupport_introspection_c/nmea_msgs/msg/detail/gpgst__type_support.c.o[0m
[9.742s] [ 46%] [32mBuilding C object CMakeFiles/nmea_msgs__rosidl_typesupport_introspection_c.dir/rosidl_typesupport_introspection_c/nmea_msgs/msg/detail/gpgsv__type_support.c.o[0m
[9.815s] [ 47%] [32mBuilding C object CMakeFiles/nmea_msgs__rosidl_typesupport_introspection_c.dir/rosidl_typesupport_introspection_c/nmea_msgs/msg/detail/gpgsv_satellite__type_support.c.o[0m
[9.817s] [ 48%] [32mBuilding CXX object CMakeFiles/nmea_msgs__rosidl_typesupport_fastrtps_cpp.dir/rosidl_typesupport_fastrtps_cpp/nmea_msgs/msg/detail/dds_fastrtps/gpgst__type_support.cpp.o[0m
[9.821s] [ 49%] [32mBuilding CXX object CMakeFiles/nmea_msgs__rosidl_typesupport_introspection_cpp.dir/rosidl_typesupport_introspection_cpp/nmea_msgs/msg/detail/gpgsv__type_support.cpp.o[0m
[9.903s] [ 50%] [32mBuilding C object CMakeFiles/nmea_msgs__rosidl_typesupport_introspection_c.dir/rosidl_typesupport_introspection_c/nmea_msgs/msg/detail/gprmc__type_support.c.o[0m
[9.906s] [ 51%] [32mBuilding CXX object CMakeFiles/nmea_msgs__rosidl_typesupport_introspection_cpp.dir/rosidl_typesupport_introspection_cpp/nmea_msgs/msg/detail/gpgsv_satellite__type_support.cpp.o[0m
[9.910s] [ 52%] [32mBuilding CXX object CMakeFiles/nmea_msgs__rosidl_typesupport_cpp.dir/rosidl_typesupport_cpp/nmea_msgs/msg/gpzda__type_support.cpp.o[0m
[9.963s] [ 53%] [32mBuilding C object CMakeFiles/nmea_msgs__rosidl_typesupport_introspection_c.dir/rosidl_typesupport_introspection_c/nmea_msgs/msg/detail/gpvtg__type_support.c.o[0m
[10.020s] [ 54%] [32mBuilding C object CMakeFiles/nmea_msgs__rosidl_typesupport_introspection_c.dir/rosidl_typesupport_introspection_c/nmea_msgs/msg/detail/gpzda__type_support.c.o[0m
[10.147s] [ 55%] [32mBuilding C object CMakeFiles/nmea_msgs__rosidl_typesupport_introspection_c.dir/rosidl_typesupport_introspection_c/nmea_msgs/msg/detail/gphdt__type_support.c.o[0m
[10.203s] [ 56%] [32m[1mLinking C shared library libnmea_msgs__rosidl_typesupport_introspection_c.so[0m
[10.279s] [ 56%] Built target nmea_msgs__rosidl_typesupport_introspection_c
[10.326s] [ 57%] [32mBuilding CXX object CMakeFiles/nmea_msgs__rosidl_typesupport_introspection_cpp.dir/rosidl_typesupport_introspection_cpp/nmea_msgs/msg/detail/gprmc__type_support.cpp.o[0m
[10.354s] [ 58%] [32mBuilding CXX object CMakeFiles/nmea_msgs__rosidl_typesupport_introspection_cpp.dir/rosidl_typesupport_introspection_cpp/nmea_msgs/msg/detail/gpvtg__type_support.cpp.o[0m
[10.424s] [ 59%] [32mBuilding CXX object CMakeFiles/nmea_msgs__rosidl_typesupport_cpp.dir/rosidl_typesupport_cpp/nmea_msgs/msg/gphdt__type_support.cpp.o[0m
[10.476s] [ 60%] [32mBuilding CXX object CMakeFiles/nmea_msgs__rosidl_typesupport_introspection_cpp.dir/rosidl_typesupport_introspection_cpp/nmea_msgs/msg/detail/gpzda__type_support.cpp.o[0m
[10.494s] [ 61%] [32mBuilding CXX object CMakeFiles/nmea_msgs__rosidl_typesupport_fastrtps_cpp.dir/rosidl_typesupport_fastrtps_cpp/nmea_msgs/msg/detail/dds_fastrtps/gpgsv__type_support.cpp.o[0m
[10.761s] [ 62%] [32mBuilding CXX object CMakeFiles/nmea_msgs__rosidl_typesupport_fastrtps_cpp.dir/rosidl_typesupport_fastrtps_cpp/nmea_msgs/msg/detail/dds_fastrtps/gpgsv_satellite__type_support.cpp.o[0m
[10.905s] [ 63%] [32mBuilding CXX object CMakeFiles/nmea_msgs__rosidl_typesupport_introspection_cpp.dir/rosidl_typesupport_introspection_cpp/nmea_msgs/msg/detail/gphdt__type_support.cpp.o[0m
[10.939s] [ 64%] [32m[1mLinking CXX shared library libnmea_msgs__rosidl_typesupport_cpp.so[0m
[10.982s] [ 65%] [32mBuilding CXX object CMakeFiles/nmea_msgs__rosidl_typesupport_fastrtps_cpp.dir/rosidl_typesupport_fastrtps_cpp/nmea_msgs/msg/detail/dds_fastrtps/gprmc__type_support.cpp.o[0m
[11.059s] [ 65%] Built target nmea_msgs__rosidl_typesupport_cpp
[11.099s] [ 66%] [32mBuilding CXX object CMakeFiles/nmea_msgs__rosidl_typesupport_fastrtps_cpp.dir/rosidl_typesupport_fastrtps_cpp/nmea_msgs/msg/detail/dds_fastrtps/gpvtg__type_support.cpp.o[0m
[11.231s] [ 67%] [32mBuilding CXX object CMakeFiles/nmea_msgs__rosidl_typesupport_fastrtps_cpp.dir/rosidl_typesupport_fastrtps_cpp/nmea_msgs/msg/detail/dds_fastrtps/gpzda__type_support.cpp.o[0m
[11.353s] [ 68%] [32mBuilding CXX object CMakeFiles/nmea_msgs__rosidl_typesupport_fastrtps_cpp.dir/rosidl_typesupport_fastrtps_cpp/nmea_msgs/msg/detail/dds_fastrtps/gphdt__type_support.cpp.o[0m
[11.809s] [ 69%] [32m[1mLinking CXX shared library libnmea_msgs__rosidl_typesupport_introspection_cpp.so[0m
[12.018s] [ 69%] Built target nmea_msgs__rosidl_typesupport_introspection_cpp
[12.078s] [ 70%] [32m[1mLinking CXX shared library libnmea_msgs__rosidl_typesupport_fastrtps_cpp.so[0m
[12.333s] [ 70%] Built target nmea_msgs__rosidl_typesupport_fastrtps_cpp
[12.374s] [ 71%] [34m[1mGenerating C type support for eProsima Fast-RTPS[0m
[13.871s] [35m[1mScanning dependencies of target nmea_msgs__rosidl_typesupport_fastrtps_c[0m
[13.905s] [ 74%] [32mBuilding CXX object CMakeFiles/nmea_msgs__rosidl_typesupport_fastrtps_c.dir/rosidl_typesupport_fastrtps_c/nmea_msgs/msg/detail/gpvtg__type_support_c.cpp.o[0m
[13.906s] [ 74%] [32mBuilding CXX object CMakeFiles/nmea_msgs__rosidl_typesupport_fastrtps_c.dir/rosidl_typesupport_fastrtps_c/nmea_msgs/msg/detail/gpgst__type_support_c.cpp.o[0m
[13.906s] [ 74%] [32mBuilding CXX object CMakeFiles/nmea_msgs__rosidl_typesupport_fastrtps_c.dir/rosidl_typesupport_fastrtps_c/nmea_msgs/msg/detail/gprmc__type_support_c.cpp.o[0m
[13.911s] [ 75%] [32mBuilding CXX object CMakeFiles/nmea_msgs__rosidl_typesupport_fastrtps_c.dir/rosidl_typesupport_fastrtps_c/nmea_msgs/msg/detail/gpgsv__type_support_c.cpp.o[0m
[13.922s] [ 78%] [32mBuilding CXX object CMakeFiles/nmea_msgs__rosidl_typesupport_fastrtps_c.dir/rosidl_typesupport_fastrtps_c/nmea_msgs/msg/detail/gpgsv_satellite__type_support_c.cpp.o[0m
[13.923s] [ 79%] [32mBuilding CXX object CMakeFiles/nmea_msgs__rosidl_typesupport_fastrtps_c.dir/rosidl_typesupport_fastrtps_c/nmea_msgs/msg/detail/gpgga__type_support_c.cpp.o[0m
[13.923s] [ 78%] [32mBuilding CXX object CMakeFiles/nmea_msgs__rosidl_typesupport_fastrtps_c.dir/rosidl_typesupport_fastrtps_c/nmea_msgs/msg/detail/sentence__type_support_c.cpp.o[0m
[13.926s] [ 78%] [32mBuilding CXX object CMakeFiles/nmea_msgs__rosidl_typesupport_fastrtps_c.dir/rosidl_typesupport_fastrtps_c/nmea_msgs/msg/detail/gpgsa__type_support_c.cpp.o[0m
[14.487s] [ 80%] [32mBuilding CXX object CMakeFiles/nmea_msgs__rosidl_typesupport_fastrtps_c.dir/rosidl_typesupport_fastrtps_c/nmea_msgs/msg/detail/gpzda__type_support_c.cpp.o[0m
[14.526s] [ 81%] [32mBuilding CXX object CMakeFiles/nmea_msgs__rosidl_typesupport_fastrtps_c.dir/rosidl_typesupport_fastrtps_c/nmea_msgs/msg/detail/gphdt__type_support_c.cpp.o[0m
[15.333s] [ 82%] [32m[1mLinking CXX shared library libnmea_msgs__rosidl_typesupport_fastrtps_c.so[0m
[15.575s] [ 82%] Built target nmea_msgs__rosidl_typesupport_fastrtps_c
[15.615s] [35m[1mScanning dependencies of target nmea_msgs[0m
[15.655s] [ 82%] Built target nmea_msgs
[15.702s] [35m[1mScanning dependencies of target nmea_msgs__py[0m
[15.741s] [ 83%] [34m[1mGenerating Python code for ROS interfaces[0m
[18.805s] [ 83%] Built target nmea_msgs__py
[18.838s] [35m[1mScanning dependencies of target nmea_msgs__python[0m
[18.982s] [ 84%] [32mBuilding C object CMakeFiles/nmea_msgs__python.dir/rosidl_generator_py/nmea_msgs/msg/_gpgsv_satellite_s.c.o[0m
[18.996s] [ 86%] [32mBuilding C object CMakeFiles/nmea_msgs__python.dir/rosidl_generator_py/nmea_msgs/msg/_sentence_s.c.o[0m
[18.997s] [ 88%] [32mBuilding C object CMakeFiles/nmea_msgs__python.dir/rosidl_generator_py/nmea_msgs/msg/_gpgsv_s.c.o[0m
[18.998s] [ 88%] [32mBuilding C object CMakeFiles/nmea_msgs__python.dir/rosidl_generator_py/nmea_msgs/msg/_gpgsa_s.c.o[0m
[19.002s] [ 88%] [32mBuilding C object CMakeFiles/nmea_msgs__python.dir/rosidl_generator_py/nmea_msgs/msg/_gpgst_s.c.o[0m
[19.003s] [ 89%] [32mBuilding C object CMakeFiles/nmea_msgs__python.dir/rosidl_generator_py/nmea_msgs/msg/_gpgga_s.c.o[0m
[19.015s] [ 90%] [32mBuilding C object CMakeFiles/nmea_msgs__python.dir/rosidl_generator_py/nmea_msgs/msg/_gprmc_s.c.o[0m
[19.018s] [ 91%] [32mBuilding C object CMakeFiles/nmea_msgs__python.dir/rosidl_generator_py/nmea_msgs/msg/_gpvtg_s.c.o[0m
[19.232s] [ 92%] [32mBuilding C object CMakeFiles/nmea_msgs__python.dir/rosidl_generator_py/nmea_msgs/msg/_gpzda_s.c.o[0m
[19.235s] [ 93%] [32mBuilding C object CMakeFiles/nmea_msgs__python.dir/rosidl_generator_py/nmea_msgs/msg/_gphdt_s.c.o[0m
[19.410s] [ 94%] [32m[1mLinking C shared library rosidl_generator_py/nmea_msgs/libnmea_msgs__python.so[0m
[19.535s] [ 94%] Built target nmea_msgs__python
[19.576s] [35m[1mScanning dependencies of target nmea_msgs__rosidl_typesupport_fastrtps_c__pyext[0m
[19.577s] [35m[1mScanning dependencies of target nmea_msgs__rosidl_typesupport_c__pyext[0m
[19.577s] [35m[1mScanning dependencies of target nmea_msgs__rosidl_typesupport_introspection_c__pyext[0m
[19.638s] [ 95%] [32mBuilding C object CMakeFiles/nmea_msgs__rosidl_typesupport_fastrtps_c__pyext.dir/rosidl_generator_py/nmea_msgs/_nmea_msgs_s.ep.rosidl_typesupport_fastrtps_c.c.o[0m
[19.641s] [ 96%] [32mBuilding C object CMakeFiles/nmea_msgs__rosidl_typesupport_c__pyext.dir/rosidl_generator_py/nmea_msgs/_nmea_msgs_s.ep.rosidl_typesupport_c.c.o[0m
[19.662s] [ 97%] [32mBuilding C object CMakeFiles/nmea_msgs__rosidl_typesupport_introspection_c__pyext.dir/rosidl_generator_py/nmea_msgs/_nmea_msgs_s.ep.rosidl_typesupport_introspection_c.c.o[0m
[19.837s] [ 98%] [32m[1mLinking C shared library rosidl_generator_py/nmea_msgs/nmea_msgs_s__rosidl_typesupport_c.cpython-38-aarch64-linux-gnu.so[0m
[19.865s] [ 99%] [32m[1mLinking CXX shared library rosidl_generator_py/nmea_msgs/nmea_msgs_s__rosidl_typesupport_fastrtps_c.cpython-38-aarch64-linux-gnu.so[0m
[19.897s] [100%] [32m[1mLinking C shared library rosidl_generator_py/nmea_msgs/nmea_msgs_s__rosidl_typesupport_introspection_c.cpython-38-aarch64-linux-gnu.so[0m
[19.914s] [100%] Built target nmea_msgs__rosidl_typesupport_c__pyext
[20.027s] [100%] Built target nmea_msgs__rosidl_typesupport_fastrtps_c__pyext
[20.038s] [100%] Built target nmea_msgs__rosidl_typesupport_introspection_c__pyext
[20.091s] Invoked command in '/home/orangepi/Desktop/Hull_control_ststem/ros2_hull/build/nmea_msgs' returned '0': CMAKE_PREFIX_PATH=/opt/ros/foxy /usr/bin/cmake --build /home/orangepi/Desktop/Hull_control_ststem/ros2_hull/build/nmea_msgs -- -j8 -l8
[20.143s] Invoking command in '/home/orangepi/Desktop/Hull_control_ststem/ros2_hull/build/nmea_msgs': CMAKE_PREFIX_PATH=/opt/ros/foxy /usr/bin/cmake --install /home/orangepi/Desktop/Hull_control_ststem/ros2_hull/build/nmea_msgs
[20.181s] -- Install configuration: ""
[20.181s] -- Installing: /home/orangepi/Desktop/Hull_control_ststem/ros2_hull/install/nmea_msgs/share/ament_index/resource_index/rosidl_interfaces/nmea_msgs
[20.182s] -- Installing: /home/orangepi/Desktop/Hull_control_ststem/ros2_hull/install/nmea_msgs/include/nmea_msgs
[20.182s] -- Installing: /home/orangepi/Desktop/Hull_control_ststem/ros2_hull/install/nmea_msgs/include/nmea_msgs/msg
[20.183s] -- Installing: /home/orangepi/Desktop/Hull_control_ststem/ros2_hull/install/nmea_msgs/include/nmea_msgs/msg/detail
[20.183s] -- Installing: /home/orangepi/Desktop/Hull_control_ststem/ros2_hull/install/nmea_msgs/include/nmea_msgs/msg/detail/gprmc__functions.c
[20.183s] -- Installing: /home/orangepi/Desktop/Hull_control_ststem/ros2_hull/install/nmea_msgs/include/nmea_msgs/msg/detail/sentence__functions.h
[20.184s] -- Installing: /home/orangepi/Desktop/Hull_control_ststem/ros2_hull/install/nmea_msgs/include/nmea_msgs/msg/detail/gpzda__functions.c
[20.185s] -- Installing: /home/orangepi/Desktop/Hull_control_ststem/ros2_hull/install/nmea_msgs/include/nmea_msgs/msg/detail/gprmc__functions.h
[20.185s] -- Installing: /home/orangepi/Desktop/Hull_control_ststem/ros2_hull/install/nmea_msgs/include/nmea_msgs/msg/detail/gphdt__functions.c
[20.186s] -- Installing: /home/orangepi/Desktop/Hull_control_ststem/ros2_hull/install/nmea_msgs/include/nmea_msgs/msg/detail/gpgsa__functions.c
[20.186s] -- Installing: /home/orangepi/Desktop/Hull_control_ststem/ros2_hull/install/nmea_msgs/include/nmea_msgs/msg/detail/gpgst__struct.h
[20.187s] -- Installing: /home/orangepi/Desktop/Hull_control_ststem/ros2_hull/install/nmea_msgs/include/nmea_msgs/msg/detail/sentence__functions.c
[20.187s] -- Installing: /home/orangepi/Desktop/Hull_control_ststem/ros2_hull/install/nmea_msgs/include/nmea_msgs/msg/detail/gpgsv_satellite__struct.h
[20.188s] -- Installing: /home/orangepi/Desktop/Hull_control_ststem/ros2_hull/install/nmea_msgs/include/nmea_msgs/msg/detail/gpgst__functions.h
[20.188s] -- Installing: /home/orangepi/Desktop/Hull_control_ststem/ros2_hull/install/nmea_msgs/include/nmea_msgs/msg/detail/gpgsv_satellite__type_support.h
[20.189s] -- Installing: /home/orangepi/Desktop/Hull_control_ststem/ros2_hull/install/nmea_msgs/include/nmea_msgs/msg/detail/gpgsa__functions.h
[20.190s] -- Installing: /home/orangepi/Desktop/Hull_control_ststem/ros2_hull/install/nmea_msgs/include/nmea_msgs/msg/detail/gpzda__struct.h
[20.190s] -- Installing: /home/orangepi/Desktop/Hull_control_ststem/ros2_hull/install/nmea_msgs/include/nmea_msgs/msg/detail/gphdt__type_support.h
[20.190s] -- Installing: /home/orangepi/Desktop/Hull_control_ststem/ros2_hull/install/nmea_msgs/include/nmea_msgs/msg/detail/gphdt__functions.h
[20.191s] -- Installing: /home/orangepi/Desktop/Hull_control_ststem/ros2_hull/install/nmea_msgs/include/nmea_msgs/msg/detail/gpgsv_satellite__functions.c
[20.192s] -- Installing: /home/orangepi/Desktop/Hull_control_ststem/ros2_hull/install/nmea_msgs/include/nmea_msgs/msg/detail/sentence__struct.h
[20.192s] -- Installing: /home/orangepi/Desktop/Hull_control_ststem/ros2_hull/install/nmea_msgs/include/nmea_msgs/msg/detail/gpgsv_satellite__functions.h
[20.193s] -- Installing: /home/orangepi/Desktop/Hull_control_ststem/ros2_hull/install/nmea_msgs/include/nmea_msgs/msg/detail/gpgga__type_support.h
[20.193s] -- Installing: /home/orangepi/Desktop/Hull_control_ststem/ros2_hull/install/nmea_msgs/include/nmea_msgs/msg/detail/gpzda__functions.h
[20.194s] -- Installing: /home/orangepi/Desktop/Hull_control_ststem/ros2_hull/install/nmea_msgs/include/nmea_msgs/msg/detail/sentence__type_support.h
[20.194s] -- Installing: /home/orangepi/Desktop/Hull_control_ststem/ros2_hull/install/nmea_msgs/include/nmea_msgs/msg/detail/gpgsv__struct.h
[20.195s] -- Installing: /home/orangepi/Desktop/Hull_control_ststem/ros2_hull/install/nmea_msgs/include/nmea_msgs/msg/detail/gpgsv__functions.h
[20.196s] -- Installing: /home/orangepi/Desktop/Hull_control_ststem/ros2_hull/install/nmea_msgs/include/nmea_msgs/msg/detail/gpzda__type_support.h
[20.196s] -- Installing: /home/orangepi/Desktop/Hull_control_ststem/ros2_hull/install/nmea_msgs/include/nmea_msgs/msg/detail/gpvtg__functions.c
[20.197s] -- Installing: /home/orangepi/Desktop/Hull_control_ststem/ros2_hull/install/nmea_msgs/include/nmea_msgs/msg/detail/gpvtg__functions.h
[20.198s] -- Installing: /home/orangepi/Desktop/Hull_control_ststem/ros2_hull/install/nmea_msgs/include/nmea_msgs/msg/detail/gprmc__type_support.h
[20.199s] -- Installing: /home/orangepi/Desktop/Hull_control_ststem/ros2_hull/install/nmea_msgs/include/nmea_msgs/msg/detail/gpgga__functions.h
[20.199s] -- Installing: /home/orangepi/Desktop/Hull_control_ststem/ros2_hull/install/nmea_msgs/include/nmea_msgs/msg/detail/gpgst__type_support.h
[20.200s] -- Installing: /home/orangepi/Desktop/Hull_control_ststem/ros2_hull/install/nmea_msgs/include/nmea_msgs/msg/detail/gphdt__struct.h
[20.201s] -- Installing: /home/orangepi/Desktop/Hull_control_ststem/ros2_hull/install/nmea_msgs/include/nmea_msgs/msg/detail/gpgga__functions.c
[20.201s] -- Installing: /home/orangepi/Desktop/Hull_control_ststem/ros2_hull/install/nmea_msgs/include/nmea_msgs/msg/detail/gpgsv__type_support.h
[20.201s] -- Installing: /home/orangepi/Desktop/Hull_control_ststem/ros2_hull/install/nmea_msgs/include/nmea_msgs/msg/detail/gpgga__struct.h
[20.202s] -- Installing: /home/orangepi/Desktop/Hull_control_ststem/ros2_hull/install/nmea_msgs/include/nmea_msgs/msg/detail/gpgst__functions.c
[20.202s] -- Installing: /home/orangepi/Desktop/Hull_control_ststem/ros2_hull/install/nmea_msgs/include/nmea_msgs/msg/detail/gpgsv__functions.c
[20.203s] -- Installing: /home/orangepi/Desktop/Hull_control_ststem/ros2_hull/install/nmea_msgs/include/nmea_msgs/msg/detail/gpgsa__struct.h
[20.203s] -- Installing: /home/orangepi/Desktop/Hull_control_ststem/ros2_hull/install/nmea_msgs/include/nmea_msgs/msg/detail/gpvtg__struct.h
[20.203s] -- Installing: /home/orangepi/Desktop/Hull_control_ststem/ros2_hull/install/nmea_msgs/include/nmea_msgs/msg/detail/gpgsa__type_support.h
[20.204s] -- Installing: /home/orangepi/Desktop/Hull_control_ststem/ros2_hull/install/nmea_msgs/include/nmea_msgs/msg/detail/gprmc__struct.h
[20.204s] -- Installing: /home/orangepi/Desktop/Hull_control_ststem/ros2_hull/install/nmea_msgs/include/nmea_msgs/msg/detail/gpvtg__type_support.h
[20.204s] -- Installing: /home/orangepi/Desktop/Hull_control_ststem/ros2_hull/install/nmea_msgs/include/nmea_msgs/msg/gpgst.h
[20.205s] -- Installing: /home/orangepi/Desktop/Hull_control_ststem/ros2_hull/install/nmea_msgs/include/nmea_msgs/msg/gpgga.h
[20.205s] -- Installing: /home/orangepi/Desktop/Hull_control_ststem/ros2_hull/install/nmea_msgs/include/nmea_msgs/msg/gpgsv_satellite.h
[20.205s] -- Installing: /home/orangepi/Desktop/Hull_control_ststem/ros2_hull/install/nmea_msgs/include/nmea_msgs/msg/gpvtg.h
[20.206s] -- Installing: /home/orangepi/Desktop/Hull_control_ststem/ros2_hull/install/nmea_msgs/include/nmea_msgs/msg/gpzda.h
[20.206s] -- Installing: /home/orangepi/Desktop/Hull_control_ststem/ros2_hull/install/nmea_msgs/include/nmea_msgs/msg/gpgsv.h
[20.206s] -- Installing: /home/orangepi/Desktop/Hull_control_ststem/ros2_hull/install/nmea_msgs/include/nmea_msgs/msg/gpgsa.h
[20.207s] -- Installing: /home/orangepi/Desktop/Hull_control_ststem/ros2_hull/install/nmea_msgs/include/nmea_msgs/msg/sentence.h
[20.207s] -- Installing: /home/orangepi/Desktop/Hull_control_ststem/ros2_hull/install/nmea_msgs/include/nmea_msgs/msg/gprmc.h
[20.207s] -- Installing: /home/orangepi/Desktop/Hull_control_ststem/ros2_hull/install/nmea_msgs/include/nmea_msgs/msg/rosidl_generator_c__visibility_control.h
[20.208s] -- Installing: /home/orangepi/Desktop/Hull_control_ststem/ros2_hull/install/nmea_msgs/include/nmea_msgs/msg/gphdt.h
[20.208s] -- Installing: /home/orangepi/Desktop/Hull_control_ststem/ros2_hull/install/nmea_msgs/share/nmea_msgs/environment/library_path.sh
[20.208s] -- Installing: /home/orangepi/Desktop/Hull_control_ststem/ros2_hull/install/nmea_msgs/share/nmea_msgs/environment/library_path.dsv
[20.209s] -- Installing: /home/orangepi/Desktop/Hull_control_ststem/ros2_hull/install/nmea_msgs/lib/libnmea_msgs__rosidl_generator_c.so
[20.209s] -- Set runtime path of "/home/orangepi/Desktop/Hull_control_ststem/ros2_hull/install/nmea_msgs/lib/libnmea_msgs__rosidl_generator_c.so" to ""
[20.209s] -- Up-to-date: /home/orangepi/Desktop/Hull_control_ststem/ros2_hull/install/nmea_msgs/include/nmea_msgs
[20.210s] -- Up-to-date: /home/orangepi/Desktop/Hull_control_ststem/ros2_hull/install/nmea_msgs/include/nmea_msgs/msg
[20.210s] -- Up-to-date: /home/orangepi/Desktop/Hull_control_ststem/ros2_hull/install/nmea_msgs/include/nmea_msgs/msg/detail
[20.210s] -- Installing: /home/orangepi/Desktop/Hull_control_ststem/ros2_hull/install/nmea_msgs/include/nmea_msgs/msg/detail/gpvtg__rosidl_typesupport_fastrtps_c.h
[20.211s] -- Installing: /home/orangepi/Desktop/Hull_control_ststem/ros2_hull/install/nmea_msgs/include/nmea_msgs/msg/detail/gpgsa__rosidl_typesupport_fastrtps_c.h
[20.211s] -- Installing: /home/orangepi/Desktop/Hull_control_ststem/ros2_hull/install/nmea_msgs/include/nmea_msgs/msg/detail/gpgga__rosidl_typesupport_fastrtps_c.h
[20.211s] -- Installing: /home/orangepi/Desktop/Hull_control_ststem/ros2_hull/install/nmea_msgs/include/nmea_msgs/msg/detail/gphdt__rosidl_typesupport_fastrtps_c.h
[20.212s] -- Installing: /home/orangepi/Desktop/Hull_control_ststem/ros2_hull/install/nmea_msgs/include/nmea_msgs/msg/detail/gpgst__rosidl_typesupport_fastrtps_c.h
[20.212s] -- Installing: /home/orangepi/Desktop/Hull_control_ststem/ros2_hull/install/nmea_msgs/include/nmea_msgs/msg/detail/sentence__rosidl_typesupport_fastrtps_c.h
[20.212s] -- Installing: /home/orangepi/Desktop/Hull_control_ststem/ros2_hull/install/nmea_msgs/include/nmea_msgs/msg/detail/gpgsv_satellite__rosidl_typesupport_fastrtps_c.h
[20.213s] -- Installing: /home/orangepi/Desktop/Hull_control_ststem/ros2_hull/install/nmea_msgs/include/nmea_msgs/msg/detail/gpzda__rosidl_typesupport_fastrtps_c.h
[20.213s] -- Installing: /home/orangepi/Desktop/Hull_control_ststem/ros2_hull/install/nmea_msgs/include/nmea_msgs/msg/detail/gpgsv__rosidl_typesupport_fastrtps_c.h
[20.213s] -- Installing: /home/orangepi/Desktop/Hull_control_ststem/ros2_hull/install/nmea_msgs/include/nmea_msgs/msg/detail/gprmc__rosidl_typesupport_fastrtps_c.h
[20.214s] -- Installing: /home/orangepi/Desktop/Hull_control_ststem/ros2_hull/install/nmea_msgs/include/nmea_msgs/msg/rosidl_typesupport_fastrtps_c__visibility_control.h
[20.214s] -- Installing: /home/orangepi/Desktop/Hull_control_ststem/ros2_hull/install/nmea_msgs/lib/libnmea_msgs__rosidl_typesupport_fastrtps_c.so
[20.215s] -- Set runtime path of "/home/orangepi/Desktop/Hull_control_ststem/ros2_hull/install/nmea_msgs/lib/libnmea_msgs__rosidl_typesupport_fastrtps_c.so" to ""
[20.215s] -- Up-to-date: /home/orangepi/Desktop/Hull_control_ststem/ros2_hull/install/nmea_msgs/include/nmea_msgs
[20.215s] -- Up-to-date: /home/orangepi/Desktop/Hull_control_ststem/ros2_hull/install/nmea_msgs/include/nmea_msgs/msg
[20.215s] -- Up-to-date: /home/orangepi/Desktop/Hull_control_ststem/ros2_hull/install/nmea_msgs/include/nmea_msgs/msg/detail
[20.216s] -- Installing: /home/orangepi/Desktop/Hull_control_ststem/ros2_hull/install/nmea_msgs/include/nmea_msgs/msg/detail/gpgsa__rosidl_typesupport_fastrtps_cpp.hpp
[20.216s] -- Installing: /home/orangepi/Desktop/Hull_control_ststem/ros2_hull/install/nmea_msgs/include/nmea_msgs/msg/detail/gpzda__rosidl_typesupport_fastrtps_cpp.hpp
[20.217s] -- Installing: /home/orangepi/Desktop/Hull_control_ststem/ros2_hull/install/nmea_msgs/include/nmea_msgs/msg/detail/gprmc__rosidl_typesupport_fastrtps_cpp.hpp
[20.217s] -- Installing: /home/orangepi/Desktop/Hull_control_ststem/ros2_hull/install/nmea_msgs/include/nmea_msgs/msg/detail/sentence__rosidl_typesupport_fastrtps_cpp.hpp
[20.217s] -- Installing: /home/orangepi/Desktop/Hull_control_ststem/ros2_hull/install/nmea_msgs/include/nmea_msgs/msg/detail/gpgst__rosidl_typesupport_fastrtps_cpp.hpp
[20.217s] -- Installing: /home/orangepi/Desktop/Hull_control_ststem/ros2_hull/install/nmea_msgs/include/nmea_msgs/msg/detail/gpgsv_satellite__rosidl_typesupport_fastrtps_cpp.hpp
[20.218s] -- Installing: /home/orangepi/Desktop/Hull_control_ststem/ros2_hull/install/nmea_msgs/include/nmea_msgs/msg/detail/gpvtg__rosidl_typesupport_fastrtps_cpp.hpp
[20.218s] -- Installing: /home/orangepi/Desktop/Hull_control_ststem/ros2_hull/install/nmea_msgs/include/nmea_msgs/msg/detail/gpgga__rosidl_typesupport_fastrtps_cpp.hpp
[20.219s] -- Installing: /home/orangepi/Desktop/Hull_control_ststem/ros2_hull/install/nmea_msgs/include/nmea_msgs/msg/detail/dds_fastrtps
[20.219s] -- Installing: /home/orangepi/Desktop/Hull_control_ststem/ros2_hull/install/nmea_msgs/include/nmea_msgs/msg/detail/gpgsv__rosidl_typesupport_fastrtps_cpp.hpp
[20.219s] -- Installing: /home/orangepi/Desktop/Hull_control_ststem/ros2_hull/install/nmea_msgs/include/nmea_msgs/msg/detail/gphdt__rosidl_typesupport_fastrtps_cpp.hpp
[20.220s] -- Installing: /home/orangepi/Desktop/Hull_control_ststem/ros2_hull/install/nmea_msgs/include/nmea_msgs/msg/rosidl_typesupport_fastrtps_cpp__visibility_control.h
[20.220s] -- Installing: /home/orangepi/Desktop/Hull_control_ststem/ros2_hull/install/nmea_msgs/lib/libnmea_msgs__rosidl_typesupport_fastrtps_cpp.so
[20.220s] -- Set runtime path of "/home/orangepi/Desktop/Hull_control_ststem/ros2_hull/install/nmea_msgs/lib/libnmea_msgs__rosidl_typesupport_fastrtps_cpp.so" to ""
[20.220s] -- Up-to-date: /home/orangepi/Desktop/Hull_control_ststem/ros2_hull/install/nmea_msgs/include/nmea_msgs
[20.221s] -- Up-to-date: /home/orangepi/Desktop/Hull_control_ststem/ros2_hull/install/nmea_msgs/include/nmea_msgs/msg
[20.221s] -- Up-to-date: /home/orangepi/Desktop/Hull_control_ststem/ros2_hull/install/nmea_msgs/include/nmea_msgs/msg/detail
[20.222s] -- Installing: /home/orangepi/Desktop/Hull_control_ststem/ros2_hull/install/nmea_msgs/include/nmea_msgs/msg/detail/gprmc__type_support.c
[20.222s] -- Installing: /home/orangepi/Desktop/Hull_control_ststem/ros2_hull/install/nmea_msgs/include/nmea_msgs/msg/detail/gpgsa__rosidl_typesupport_introspection_c.h
[20.222s] -- Installing: /home/orangepi/Desktop/Hull_control_ststem/ros2_hull/install/nmea_msgs/include/nmea_msgs/msg/detail/gpgsv__rosidl_typesupport_introspection_c.h
[20.223s] -- Installing: /home/orangepi/Desktop/Hull_control_ststem/ros2_hull/install/nmea_msgs/include/nmea_msgs/msg/detail/gphdt__type_support.c
[20.223s] -- Installing: /home/orangepi/Desktop/Hull_control_ststem/ros2_hull/install/nmea_msgs/include/nmea_msgs/msg/detail/sentence__type_support.c
[20.223s] -- Installing: /home/orangepi/Desktop/Hull_control_ststem/ros2_hull/install/nmea_msgs/include/nmea_msgs/msg/detail/gpgsv_satellite__rosidl_typesupport_introspection_c.h
[20.224s] -- Installing: /home/orangepi/Desktop/Hull_control_ststem/ros2_hull/install/nmea_msgs/include/nmea_msgs/msg/detail/gpgsv__type_support.c
[20.224s] -- Installing: /home/orangepi/Desktop/Hull_control_ststem/ros2_hull/install/nmea_msgs/include/nmea_msgs/msg/detail/sentence__rosidl_typesupport_introspection_c.h
[20.224s] -- Installing: /home/orangepi/Desktop/Hull_control_ststem/ros2_hull/install/nmea_msgs/include/nmea_msgs/msg/detail/gpgga__type_support.c
[20.225s] -- Installing: /home/orangepi/Desktop/Hull_control_ststem/ros2_hull/install/nmea_msgs/include/nmea_msgs/msg/detail/gpzda__type_support.c
[20.225s] -- Installing: /home/orangepi/Desktop/Hull_control_ststem/ros2_hull/install/nmea_msgs/include/nmea_msgs/msg/detail/gpgga__rosidl_typesupport_introspection_c.h
[20.225s] -- Installing: /home/orangepi/Desktop/Hull_control_ststem/ros2_hull/install/nmea_msgs/include/nmea_msgs/msg/detail/gpgst__type_support.c
[20.226s] -- Installing: /home/orangepi/Desktop/Hull_control_ststem/ros2_hull/install/nmea_msgs/include/nmea_msgs/msg/detail/gpgsv_satellite__type_support.c
[20.226s] -- Installing: /home/orangepi/Desktop/Hull_control_ststem/ros2_hull/install/nmea_msgs/include/nmea_msgs/msg/detail/gpgsa__type_support.c
[20.226s] -- Installing: /home/orangepi/Desktop/Hull_control_ststem/ros2_hull/install/nmea_msgs/include/nmea_msgs/msg/detail/gpgst__rosidl_typesupport_introspection_c.h
[20.227s] -- Installing: /home/orangepi/Desktop/Hull_control_ststem/ros2_hull/install/nmea_msgs/include/nmea_msgs/msg/detail/gpzda__rosidl_typesupport_introspection_c.h
[20.227s] -- Installing: /home/orangepi/Desktop/Hull_control_ststem/ros2_hull/install/nmea_msgs/include/nmea_msgs/msg/detail/gprmc__rosidl_typesupport_introspection_c.h
[20.227s] -- Installing: /home/orangepi/Desktop/Hull_control_ststem/ros2_hull/install/nmea_msgs/include/nmea_msgs/msg/detail/gpvtg__type_support.c
[20.228s] -- Installing: /home/orangepi/Desktop/Hull_control_ststem/ros2_hull/install/nmea_msgs/include/nmea_msgs/msg/detail/gphdt__rosidl_typesupport_introspection_c.h
[20.228s] -- Installing: /home/orangepi/Desktop/Hull_control_ststem/ros2_hull/install/nmea_msgs/include/nmea_msgs/msg/detail/gpvtg__rosidl_typesupport_introspection_c.h
[20.228s] -- Installing: /home/orangepi/Desktop/Hull_control_ststem/ros2_hull/install/nmea_msgs/include/nmea_msgs/msg/rosidl_typesupport_introspection_c__visibility_control.h
[20.229s] -- Installing: /home/orangepi/Desktop/Hull_control_ststem/ros2_hull/install/nmea_msgs/lib/libnmea_msgs__rosidl_typesupport_introspection_c.so
[20.229s] -- Set runtime path of "/home/orangepi/Desktop/Hull_control_ststem/ros2_hull/install/nmea_msgs/lib/libnmea_msgs__rosidl_typesupport_introspection_c.so" to ""
[20.229s] -- Installing: /home/orangepi/Desktop/Hull_control_ststem/ros2_hull/install/nmea_msgs/lib/libnmea_msgs__rosidl_typesupport_c.so
[20.230s] -- Set runtime path of "/home/orangepi/Desktop/Hull_control_ststem/ros2_hull/install/nmea_msgs/lib/libnmea_msgs__rosidl_typesupport_c.so" to ""
[20.230s] -- Up-to-date: /home/orangepi/Desktop/Hull_control_ststem/ros2_hull/install/nmea_msgs/include/nmea_msgs
[20.230s] -- Up-to-date: /home/orangepi/Desktop/Hull_control_ststem/ros2_hull/install/nmea_msgs/include/nmea_msgs/msg
[20.231s] -- Installing: /home/orangepi/Desktop/Hull_control_ststem/ros2_hull/install/nmea_msgs/include/nmea_msgs/msg/gpgst.hpp
[20.231s] -- Installing: /home/orangepi/Desktop/Hull_control_ststem/ros2_hull/install/nmea_msgs/include/nmea_msgs/msg/gpzda.hpp
[20.231s] -- Up-to-date: /home/orangepi/Desktop/Hull_control_ststem/ros2_hull/install/nmea_msgs/include/nmea_msgs/msg/detail
[20.232s] -- Installing: /home/orangepi/Desktop/Hull_control_ststem/ros2_hull/install/nmea_msgs/include/nmea_msgs/msg/detail/gpzda__type_support.hpp
[20.232s] -- Installing: /home/orangepi/Desktop/Hull_control_ststem/ros2_hull/install/nmea_msgs/include/nmea_msgs/msg/detail/sentence__traits.hpp
[20.232s] -- Installing: /home/orangepi/Desktop/Hull_control_ststem/ros2_hull/install/nmea_msgs/include/nmea_msgs/msg/detail/sentence__type_support.hpp
[20.233s] -- Installing: /home/orangepi/Desktop/Hull_control_ststem/ros2_hull/install/nmea_msgs/include/nmea_msgs/msg/detail/gpgsv__builder.hpp
[20.233s] -- Installing: /home/orangepi/Desktop/Hull_control_ststem/ros2_hull/install/nmea_msgs/include/nmea_msgs/msg/detail/gphdt__builder.hpp
[20.233s] -- Installing: /home/orangepi/Desktop/Hull_control_ststem/ros2_hull/install/nmea_msgs/include/nmea_msgs/msg/detail/gphdt__traits.hpp
[20.234s] -- Installing: /home/orangepi/Desktop/Hull_control_ststem/ros2_hull/install/nmea_msgs/include/nmea_msgs/msg/detail/gprmc__type_support.hpp
[20.234s] -- Installing: /home/orangepi/Desktop/Hull_control_ststem/ros2_hull/install/nmea_msgs/include/nmea_msgs/msg/detail/gprmc__builder.hpp
[20.234s] -- Installing: /home/orangepi/Desktop/Hull_control_ststem/ros2_hull/install/nmea_msgs/include/nmea_msgs/msg/detail/gpgst__builder.hpp
[20.235s] -- Installing: /home/orangepi/Desktop/Hull_control_ststem/ros2_hull/install/nmea_msgs/include/nmea_msgs/msg/detail/gpgga__type_support.hpp
[20.235s] -- Installing: /home/orangepi/Desktop/Hull_control_ststem/ros2_hull/install/nmea_msgs/include/nmea_msgs/msg/detail/gpvtg__struct.hpp
[20.235s] -- Installing: /home/orangepi/Desktop/Hull_control_ststem/ros2_hull/install/nmea_msgs/include/nmea_msgs/msg/detail/gpgst__struct.hpp
[20.235s] -- Installing: /home/orangepi/Desktop/Hull_control_ststem/ros2_hull/install/nmea_msgs/include/nmea_msgs/msg/detail/gpgsv__struct.hpp
[20.235s] -- Installing: /home/orangepi/Desktop/Hull_control_ststem/ros2_hull/install/nmea_msgs/include/nmea_msgs/msg/detail/sentence__builder.hpp
[20.235s] -- Installing: /home/orangepi/Desktop/Hull_control_ststem/ros2_hull/install/nmea_msgs/include/nmea_msgs/msg/detail/gphdt__struct.hpp
[20.235s] -- Installing: /home/orangepi/Desktop/Hull_control_ststem/ros2_hull/install/nmea_msgs/include/nmea_msgs/msg/detail/gpzda__traits.hpp
[20.236s] -- Installing: /home/orangepi/Desktop/Hull_control_ststem/ros2_hull/install/nmea_msgs/include/nmea_msgs/msg/detail/gpgsa__struct.hpp
[20.236s] -- Installing: /home/orangepi/Desktop/Hull_control_ststem/ros2_hull/install/nmea_msgs/include/nmea_msgs/msg/detail/sentence__struct.hpp
[20.236s] -- Installing: /home/orangepi/Desktop/Hull_control_ststem/ros2_hull/install/nmea_msgs/include/nmea_msgs/msg/detail/gpzda__builder.hpp
[20.236s] -- Installing: /home/orangepi/Desktop/Hull_control_ststem/ros2_hull/install/nmea_msgs/include/nmea_msgs/msg/detail/gpgst__type_support.hpp
[20.236s] -- Installing: /home/orangepi/Desktop/Hull_control_ststem/ros2_hull/install/nmea_msgs/include/nmea_msgs/msg/detail/gphdt__type_support.hpp
[20.236s] -- Installing: /home/orangepi/Desktop/Hull_control_ststem/ros2_hull/install/nmea_msgs/include/nmea_msgs/msg/detail/gpgsa__builder.hpp
[20.236s] -- Installing: /home/orangepi/Desktop/Hull_control_ststem/ros2_hull/install/nmea_msgs/include/nmea_msgs/msg/detail/gpgsa__traits.hpp
[20.236s] -- Installing: /home/orangepi/Desktop/Hull_control_ststem/ros2_hull/install/nmea_msgs/include/nmea_msgs/msg/detail/gpgst__traits.hpp
[20.236s] -- Installing: /home/orangepi/Desktop/Hull_control_ststem/ros2_hull/install/nmea_msgs/include/nmea_msgs/msg/detail/gpgga__struct.hpp
[20.236s] -- Installing: /home/orangepi/Desktop/Hull_control_ststem/ros2_hull/install/nmea_msgs/include/nmea_msgs/msg/detail/gpvtg__type_support.hpp
[20.236s] -- Installing: /home/orangepi/Desktop/Hull_control_ststem/ros2_hull/install/nmea_msgs/include/nmea_msgs/msg/detail/gprmc__struct.hpp
[20.236s] -- Installing: /home/orangepi/Desktop/Hull_control_ststem/ros2_hull/install/nmea_msgs/include/nmea_msgs/msg/detail/gpgsv_satellite__type_support.hpp
[20.236s] -- Installing: /home/orangepi/Desktop/Hull_control_ststem/ros2_hull/install/nmea_msgs/include/nmea_msgs/msg/detail/gpzda__struct.hpp
[20.236s] -- Installing: /home/orangepi/Desktop/Hull_control_ststem/ros2_hull/install/nmea_msgs/include/nmea_msgs/msg/detail/gpvtg__builder.hpp
[20.236s] -- Installing: /home/orangepi/Desktop/Hull_control_ststem/ros2_hull/install/nmea_msgs/include/nmea_msgs/msg/detail/gpgga__builder.hpp
[20.237s] -- Installing: /home/orangepi/Desktop/Hull_control_ststem/ros2_hull/install/nmea_msgs/include/nmea_msgs/msg/detail/gpvtg__traits.hpp
[20.237s] -- Installing: /home/orangepi/Desktop/Hull_control_ststem/ros2_hull/install/nmea_msgs/include/nmea_msgs/msg/detail/gprmc__traits.hpp
[20.237s] -- Installing: /home/orangepi/Desktop/Hull_control_ststem/ros2_hull/install/nmea_msgs/include/nmea_msgs/msg/detail/gpgga__traits.hpp
[20.237s] -- Installing: /home/orangepi/Desktop/Hull_control_ststem/ros2_hull/install/nmea_msgs/include/nmea_msgs/msg/detail/gpgsv__traits.hpp
[20.237s] -- Installing: /home/orangepi/Desktop/Hull_control_ststem/ros2_hull/install/nmea_msgs/include/nmea_msgs/msg/detail/gpgsv__type_support.hpp
[20.237s] -- Installing: /home/orangepi/Desktop/Hull_control_ststem/ros2_hull/install/nmea_msgs/include/nmea_msgs/msg/detail/gpgsv_satellite__traits.hpp
[20.237s] -- Installing: /home/orangepi/Desktop/Hull_control_ststem/ros2_hull/install/nmea_msgs/include/nmea_msgs/msg/detail/gpgsv_satellite__struct.hpp
[20.237s] -- Installing: /home/orangepi/Desktop/Hull_control_ststem/ros2_hull/install/nmea_msgs/include/nmea_msgs/msg/detail/gpgsa__type_support.hpp
[20.237s] -- Installing: /home/orangepi/Desktop/Hull_control_ststem/ros2_hull/install/nmea_msgs/include/nmea_msgs/msg/detail/gpgsv_satellite__builder.hpp
[20.237s] -- Installing: /home/orangepi/Desktop/Hull_control_ststem/ros2_hull/install/nmea_msgs/include/nmea_msgs/msg/gprmc.hpp
[20.237s] -- Installing: /home/orangepi/Desktop/Hull_control_ststem/ros2_hull/install/nmea_msgs/include/nmea_msgs/msg/gpgga.hpp
[20.237s] -- Installing: /home/orangepi/Desktop/Hull_control_ststem/ros2_hull/install/nmea_msgs/include/nmea_msgs/msg/gpgsv_satellite.hpp
[20.237s] -- Installing: /home/orangepi/Desktop/Hull_control_ststem/ros2_hull/install/nmea_msgs/include/nmea_msgs/msg/gphdt.hpp
[20.237s] -- Installing: /home/orangepi/Desktop/Hull_control_ststem/ros2_hull/install/nmea_msgs/include/nmea_msgs/msg/rosidl_generator_cpp__visibility_control.hpp
[20.237s] -- Installing: /home/orangepi/Desktop/Hull_control_ststem/ros2_hull/install/nmea_msgs/include/nmea_msgs/msg/gpgsv.hpp
[20.238s] -- Installing: /home/orangepi/Desktop/Hull_control_ststem/ros2_hull/install/nmea_msgs/include/nmea_msgs/msg/sentence.hpp
[20.238s] -- Installing: /home/orangepi/Desktop/Hull_control_ststem/ros2_hull/install/nmea_msgs/include/nmea_msgs/msg/gpvtg.hpp
[20.238s] -- Installing: /home/orangepi/Desktop/Hull_control_ststem/ros2_hull/install/nmea_msgs/include/nmea_msgs/msg/gpgsa.hpp
[20.238s] -- Up-to-date: /home/orangepi/Desktop/Hull_control_ststem/ros2_hull/install/nmea_msgs/include/nmea_msgs
[20.238s] -- Up-to-date: /home/orangepi/Desktop/Hull_control_ststem/ros2_hull/install/nmea_msgs/include/nmea_msgs/msg
[20.238s] -- Up-to-date: /home/orangepi/Desktop/Hull_control_ststem/ros2_hull/install/nmea_msgs/include/nmea_msgs/msg/detail
[20.238s] -- Installing: /home/orangepi/Desktop/Hull_control_ststem/ros2_hull/install/nmea_msgs/include/nmea_msgs/msg/detail/gpgsv__type_support.cpp
[20.238s] -- Installing: /home/orangepi/Desktop/Hull_control_ststem/ros2_hull/install/nmea_msgs/include/nmea_msgs/msg/detail/gpvtg__rosidl_typesupport_introspection_cpp.hpp
[20.238s] -- Installing: /home/orangepi/Desktop/Hull_control_ststem/ros2_hull/install/nmea_msgs/include/nmea_msgs/msg/detail/gpgsv_satellite__rosidl_typesupport_introspection_cpp.hpp
[20.238s] -- Installing: /home/orangepi/Desktop/Hull_control_ststem/ros2_hull/install/nmea_msgs/include/nmea_msgs/msg/detail/gpgga__rosidl_typesupport_introspection_cpp.hpp
[20.238s] -- Installing: /home/orangepi/Desktop/Hull_control_ststem/ros2_hull/install/nmea_msgs/include/nmea_msgs/msg/detail/gprmc__rosidl_typesupport_introspection_cpp.hpp
[20.238s] -- Installing: /home/orangepi/Desktop/Hull_control_ststem/ros2_hull/install/nmea_msgs/include/nmea_msgs/msg/detail/gpgsa__rosidl_typesupport_introspection_cpp.hpp
[20.238s] -- Installing: /home/orangepi/Desktop/Hull_control_ststem/ros2_hull/install/nmea_msgs/include/nmea_msgs/msg/detail/gpgst__type_support.cpp
[20.238s] -- Installing: /home/orangepi/Desktop/Hull_control_ststem/ros2_hull/install/nmea_msgs/include/nmea_msgs/msg/detail/gpzda__rosidl_typesupport_introspection_cpp.hpp
[20.238s] -- Installing: /home/orangepi/Desktop/Hull_control_ststem/ros2_hull/install/nmea_msgs/include/nmea_msgs/msg/detail/gpgsv__rosidl_typesupport_introspection_cpp.hpp
[20.239s] -- Installing: /home/orangepi/Desktop/Hull_control_ststem/ros2_hull/install/nmea_msgs/include/nmea_msgs/msg/detail/gpgsa__type_support.cpp
[20.239s] -- Installing: /home/orangepi/Desktop/Hull_control_ststem/ros2_hull/install/nmea_msgs/include/nmea_msgs/msg/detail/gpgsv_satellite__type_support.cpp
[20.239s] -- Installing: /home/orangepi/Desktop/Hull_control_ststem/ros2_hull/install/nmea_msgs/include/nmea_msgs/msg/detail/gpgst__rosidl_typesupport_introspection_cpp.hpp
[20.239s] -- Installing: /home/orangepi/Desktop/Hull_control_ststem/ros2_hull/install/nmea_msgs/include/nmea_msgs/msg/detail/gphdt__type_support.cpp
[20.239s] -- Installing: /home/orangepi/Desktop/Hull_control_ststem/ros2_hull/install/nmea_msgs/include/nmea_msgs/msg/detail/gpvtg__type_support.cpp
[20.239s] -- Installing: /home/orangepi/Desktop/Hull_control_ststem/ros2_hull/install/nmea_msgs/include/nmea_msgs/msg/detail/gpgga__type_support.cpp
[20.239s] -- Installing: /home/orangepi/Desktop/Hull_control_ststem/ros2_hull/install/nmea_msgs/include/nmea_msgs/msg/detail/sentence__rosidl_typesupport_introspection_cpp.hpp
[20.239s] -- Installing: /home/orangepi/Desktop/Hull_control_ststem/ros2_hull/install/nmea_msgs/include/nmea_msgs/msg/detail/gprmc__type_support.cpp
[20.239s] -- Installing: /home/orangepi/Desktop/Hull_control_ststem/ros2_hull/install/nmea_msgs/include/nmea_msgs/msg/detail/gpzda__type_support.cpp
[20.239s] -- Installing: /home/orangepi/Desktop/Hull_control_ststem/ros2_hull/install/nmea_msgs/include/nmea_msgs/msg/detail/sentence__type_support.cpp
[20.239s] -- Installing: /home/orangepi/Desktop/Hull_control_ststem/ros2_hull/install/nmea_msgs/include/nmea_msgs/msg/detail/gphdt__rosidl_typesupport_introspection_cpp.hpp
[20.239s] -- Installing: /home/orangepi/Desktop/Hull_control_ststem/ros2_hull/install/nmea_msgs/lib/libnmea_msgs__rosidl_typesupport_introspection_cpp.so
[20.239s] -- Set runtime path of "/home/orangepi/Desktop/Hull_control_ststem/ros2_hull/install/nmea_msgs/lib/libnmea_msgs__rosidl_typesupport_introspection_cpp.so" to ""
[20.239s] -- Installing: /home/orangepi/Desktop/Hull_control_ststem/ros2_hull/install/nmea_msgs/lib/libnmea_msgs__rosidl_typesupport_cpp.so
[20.239s] -- Set runtime path of "/home/orangepi/Desktop/Hull_control_ststem/ros2_hull/install/nmea_msgs/lib/libnmea_msgs__rosidl_typesupport_cpp.so" to ""
[20.240s] -- Installing: /home/orangepi/Desktop/Hull_control_ststem/ros2_hull/install/nmea_msgs/share/nmea_msgs/environment/pythonpath.sh
[20.240s] -- Installing: /home/orangepi/Desktop/Hull_control_ststem/ros2_hull/install/nmea_msgs/share/nmea_msgs/environment/pythonpath.dsv
[20.240s] -- Installing: /home/orangepi/Desktop/Hull_control_ststem/ros2_hull/install/nmea_msgs/lib/python3.8/site-packages/nmea_msgs/__init__.py
[20.247s] Compiling '/home/orangepi/Desktop/Hull_control_ststem/ros2_hull/install/nmea_msgs/lib/python3.8/site-packages/nmea_msgs/__init__.py'...
[20.260s] -- Installing: /home/orangepi/Desktop/Hull_control_ststem/ros2_hull/install/nmea_msgs/lib/python3.8/site-packages/nmea_msgs/msg
[20.260s] -- Installing: /home/orangepi/Desktop/Hull_control_ststem/ros2_hull/install/nmea_msgs/lib/python3.8/site-packages/nmea_msgs/msg/_gpzda.py
[20.260s] -- Installing: /home/orangepi/Desktop/Hull_control_ststem/ros2_hull/install/nmea_msgs/lib/python3.8/site-packages/nmea_msgs/msg/_gpgsv_satellite_s.c
[20.261s] -- Installing: /home/orangepi/Desktop/Hull_control_ststem/ros2_hull/install/nmea_msgs/lib/python3.8/site-packages/nmea_msgs/msg/_gprmc_s.c
[20.273s] -- Installing: /home/orangepi/Desktop/Hull_control_ststem/ros2_hull/install/nmea_msgs/lib/python3.8/site-packages/nmea_msgs/msg/_sentence.py
[20.273s] -- Installing: /home/orangepi/Desktop/Hull_control_ststem/ros2_hull/install/nmea_msgs/lib/python3.8/site-packages/nmea_msgs/msg/_gpgsa.py
[20.274s] -- Installing: /home/orangepi/Desktop/Hull_control_ststem/ros2_hull/install/nmea_msgs/lib/python3.8/site-packages/nmea_msgs/msg/_gpgst_s.c
[20.274s] -- Installing: /home/orangepi/Desktop/Hull_control_ststem/ros2_hull/install/nmea_msgs/lib/python3.8/site-packages/nmea_msgs/msg/_gpgst.py
[20.274s] -- Installing: /home/orangepi/Desktop/Hull_control_ststem/ros2_hull/install/nmea_msgs/lib/python3.8/site-packages/nmea_msgs/msg/_gpgsv_s.c
[20.275s] -- Installing: /home/orangepi/Desktop/Hull_control_ststem/ros2_hull/install/nmea_msgs/lib/python3.8/site-packages/nmea_msgs/msg/_gpgsv.py
[20.275s] -- Installing: /home/orangepi/Desktop/Hull_control_ststem/ros2_hull/install/nmea_msgs/lib/python3.8/site-packages/nmea_msgs/msg/_gphdt.py
[20.276s] -- Installing: /home/orangepi/Desktop/Hull_control_ststem/ros2_hull/install/nmea_msgs/lib/python3.8/site-packages/nmea_msgs/msg/_gpgsa_s.c
[20.276s] -- Installing: /home/orangepi/Desktop/Hull_control_ststem/ros2_hull/install/nmea_msgs/lib/python3.8/site-packages/nmea_msgs/msg/_gphdt_s.c
[20.277s] -- Installing: /home/orangepi/Desktop/Hull_control_ststem/ros2_hull/install/nmea_msgs/lib/python3.8/site-packages/nmea_msgs/msg/_gpgga.py
[20.277s] -- Installing: /home/orangepi/Desktop/Hull_control_ststem/ros2_hull/install/nmea_msgs/lib/python3.8/site-packages/nmea_msgs/msg/_sentence_s.c
[20.277s] -- Installing: /home/orangepi/Desktop/Hull_control_ststem/ros2_hull/install/nmea_msgs/lib/python3.8/site-packages/nmea_msgs/msg/_gpgga_s.c
[20.278s] -- Installing: /home/orangepi/Desktop/Hull_control_ststem/ros2_hull/install/nmea_msgs/lib/python3.8/site-packages/nmea_msgs/msg/_gpvtg_s.c
[20.278s] -- Installing: /home/orangepi/Desktop/Hull_control_ststem/ros2_hull/install/nmea_msgs/lib/python3.8/site-packages/nmea_msgs/msg/_gpgsv_satellite.py
[20.278s] -- Installing: /home/orangepi/Desktop/Hull_control_ststem/ros2_hull/install/nmea_msgs/lib/python3.8/site-packages/nmea_msgs/msg/_gpzda_s.c
[20.279s] -- Installing: /home/orangepi/Desktop/Hull_control_ststem/ros2_hull/install/nmea_msgs/lib/python3.8/site-packages/nmea_msgs/msg/_gpvtg.py
[20.279s] -- Installing: /home/orangepi/Desktop/Hull_control_ststem/ros2_hull/install/nmea_msgs/lib/python3.8/site-packages/nmea_msgs/msg/_gprmc.py
[20.280s] -- Installing: /home/orangepi/Desktop/Hull_control_ststem/ros2_hull/install/nmea_msgs/lib/python3.8/site-packages/nmea_msgs/msg/__init__.py
[20.280s] -- Installing: /home/orangepi/Desktop/Hull_control_ststem/ros2_hull/install/nmea_msgs/lib/python3.8/site-packages/nmea_msgs/nmea_msgs_s__rosidl_typesupport_fastrtps_c.cpython-38-aarch64-linux-gnu.so
[20.281s] -- Set runtime path of "/home/orangepi/Desktop/Hull_control_ststem/ros2_hull/install/nmea_msgs/lib/python3.8/site-packages/nmea_msgs/nmea_msgs_s__rosidl_typesupport_fastrtps_c.cpython-38-aarch64-linux-gnu.so" to ""
[20.282s] -- Installing: /home/orangepi/Desktop/Hull_control_ststem/ros2_hull/install/nmea_msgs/lib/python3.8/site-packages/nmea_msgs/nmea_msgs_s__rosidl_typesupport_introspection_c.cpython-38-aarch64-linux-gnu.so
[20.284s] -- Set runtime path of "/home/orangepi/Desktop/Hull_control_ststem/ros2_hull/install/nmea_msgs/lib/python3.8/site-packages/nmea_msgs/nmea_msgs_s__rosidl_typesupport_introspection_c.cpython-38-aarch64-linux-gnu.so" to ""
[20.285s] -- Installing: /home/orangepi/Desktop/Hull_control_ststem/ros2_hull/install/nmea_msgs/lib/python3.8/site-packages/nmea_msgs/nmea_msgs_s__rosidl_typesupport_c.cpython-38-aarch64-linux-gnu.so
[20.287s] -- Set runtime path of "/home/orangepi/Desktop/Hull_control_ststem/ros2_hull/install/nmea_msgs/lib/python3.8/site-packages/nmea_msgs/nmea_msgs_s__rosidl_typesupport_c.cpython-38-aarch64-linux-gnu.so" to ""
[20.288s] -- Installing: /home/orangepi/Desktop/Hull_control_ststem/ros2_hull/install/nmea_msgs/lib/libnmea_msgs__python.so
[20.289s] -- Set runtime path of "/home/orangepi/Desktop/Hull_control_ststem/ros2_hull/install/nmea_msgs/lib/libnmea_msgs__python.so" to ""
[20.289s] -- Installing: /home/orangepi/Desktop/Hull_control_ststem/ros2_hull/install/nmea_msgs/share/nmea_msgs/msg/Sentence.idl
[20.289s] -- Installing: /home/orangepi/Desktop/Hull_control_ststem/ros2_hull/install/nmea_msgs/share/nmea_msgs/msg/Gpgga.idl
[20.290s] -- Installing: /home/orangepi/Desktop/Hull_control_ststem/ros2_hull/install/nmea_msgs/share/nmea_msgs/msg/Gpgsa.idl
[20.290s] -- Installing: /home/orangepi/Desktop/Hull_control_ststem/ros2_hull/install/nmea_msgs/share/nmea_msgs/msg/Gpgst.idl
[20.291s] -- Installing: /home/orangepi/Desktop/Hull_control_ststem/ros2_hull/install/nmea_msgs/share/nmea_msgs/msg/Gpgsv.idl
[20.291s] -- Installing: /home/orangepi/Desktop/Hull_control_ststem/ros2_hull/install/nmea_msgs/share/nmea_msgs/msg/GpgsvSatellite.idl
[20.291s] -- Installing: /home/orangepi/Desktop/Hull_control_ststem/ros2_hull/install/nmea_msgs/share/nmea_msgs/msg/Gprmc.idl
[20.292s] -- Installing: /home/orangepi/Desktop/Hull_control_ststem/ros2_hull/install/nmea_msgs/share/nmea_msgs/msg/Gpvtg.idl
[20.292s] -- Installing: /home/orangepi/Desktop/Hull_control_ststem/ros2_hull/install/nmea_msgs/share/nmea_msgs/msg/Gpzda.idl
[20.292s] -- Installing: /home/orangepi/Desktop/Hull_control_ststem/ros2_hull/install/nmea_msgs/share/nmea_msgs/msg/Gphdt.idl
[20.293s] -- Installing: /home/orangepi/Desktop/Hull_control_ststem/ros2_hull/install/nmea_msgs/share/nmea_msgs/msg/Sentence.msg
[20.293s] -- Installing: /home/orangepi/Desktop/Hull_control_ststem/ros2_hull/install/nmea_msgs/share/nmea_msgs/msg/Gpgga.msg
[20.293s] -- Installing: /home/orangepi/Desktop/Hull_control_ststem/ros2_hull/install/nmea_msgs/share/nmea_msgs/msg/Gpgsa.msg
[20.294s] -- Installing: /home/orangepi/Desktop/Hull_control_ststem/ros2_hull/install/nmea_msgs/share/nmea_msgs/msg/Gpgst.msg
[20.294s] -- Installing: /home/orangepi/Desktop/Hull_control_ststem/ros2_hull/install/nmea_msgs/share/nmea_msgs/msg/Gpgsv.msg
[20.294s] -- Installing: /home/orangepi/Desktop/Hull_control_ststem/ros2_hull/install/nmea_msgs/share/nmea_msgs/msg/GpgsvSatellite.msg
[20.295s] -- Installing: /home/orangepi/Desktop/Hull_control_ststem/ros2_hull/install/nmea_msgs/share/nmea_msgs/msg/Gprmc.msg
[20.295s] -- Installing: /home/orangepi/Desktop/Hull_control_ststem/ros2_hull/install/nmea_msgs/share/nmea_msgs/msg/Gpvtg.msg
[20.295s] -- Installing: /home/orangepi/Desktop/Hull_control_ststem/ros2_hull/install/nmea_msgs/share/nmea_msgs/msg/Gpzda.msg
[20.296s] -- Installing: /home/orangepi/Desktop/Hull_control_ststem/ros2_hull/install/nmea_msgs/share/nmea_msgs/msg/Gphdt.msg
[20.296s] -- Installing: /home/orangepi/Desktop/Hull_control_ststem/ros2_hull/install/nmea_msgs/share/ament_index/resource_index/package_run_dependencies/nmea_msgs
[20.297s] -- Installing: /home/orangepi/Desktop/Hull_control_ststem/ros2_hull/install/nmea_msgs/share/ament_index/resource_index/parent_prefix_path/nmea_msgs
[20.297s] -- Installing: /home/orangepi/Desktop/Hull_control_ststem/ros2_hull/install/nmea_msgs/share/nmea_msgs/environment/ament_prefix_path.sh
[20.297s] -- Installing: /home/orangepi/Desktop/Hull_control_ststem/ros2_hull/install/nmea_msgs/share/nmea_msgs/environment/ament_prefix_path.dsv
[20.298s] -- Installing: /home/orangepi/Desktop/Hull_control_ststem/ros2_hull/install/nmea_msgs/share/nmea_msgs/environment/path.sh
[20.298s] -- Installing: /home/orangepi/Desktop/Hull_control_ststem/ros2_hull/install/nmea_msgs/share/nmea_msgs/environment/path.dsv
[20.299s] -- Installing: /home/orangepi/Desktop/Hull_control_ststem/ros2_hull/install/nmea_msgs/share/nmea_msgs/local_setup.bash
[20.299s] -- Installing: /home/orangepi/Desktop/Hull_control_ststem/ros2_hull/install/nmea_msgs/share/nmea_msgs/local_setup.sh
[20.299s] -- Installing: /home/orangepi/Desktop/Hull_control_ststem/ros2_hull/install/nmea_msgs/share/nmea_msgs/local_setup.zsh
[20.300s] -- Installing: /home/orangepi/Desktop/Hull_control_ststem/ros2_hull/install/nmea_msgs/share/nmea_msgs/local_setup.dsv
[20.300s] -- Installing: /home/orangepi/Desktop/Hull_control_ststem/ros2_hull/install/nmea_msgs/share/nmea_msgs/package.dsv
[20.300s] -- Installing: /home/orangepi/Desktop/Hull_control_ststem/ros2_hull/install/nmea_msgs/share/ament_index/resource_index/packages/nmea_msgs
[20.301s] -- Installing: /home/orangepi/Desktop/Hull_control_ststem/ros2_hull/install/nmea_msgs/share/nmea_msgs/cmake/nmea_msgs__rosidl_generator_cExport.cmake
[20.301s] -- Installing: /home/orangepi/Desktop/Hull_control_ststem/ros2_hull/install/nmea_msgs/share/nmea_msgs/cmake/nmea_msgs__rosidl_generator_cExport-noconfig.cmake
[20.301s] -- Installing: /home/orangepi/Desktop/Hull_control_ststem/ros2_hull/install/nmea_msgs/share/nmea_msgs/cmake/nmea_msgs__rosidl_typesupport_introspection_cExport.cmake
[20.302s] -- Installing: /home/orangepi/Desktop/Hull_control_ststem/ros2_hull/install/nmea_msgs/share/nmea_msgs/cmake/nmea_msgs__rosidl_typesupport_introspection_cExport-noconfig.cmake
[20.303s] -- Installing: /home/orangepi/Desktop/Hull_control_ststem/ros2_hull/install/nmea_msgs/share/nmea_msgs/cmake/nmea_msgs__rosidl_typesupport_cExport.cmake
[20.304s] -- Installing: /home/orangepi/Desktop/Hull_control_ststem/ros2_hull/install/nmea_msgs/share/nmea_msgs/cmake/nmea_msgs__rosidl_typesupport_cExport-noconfig.cmake
[20.306s] -- Installing: /home/orangepi/Desktop/Hull_control_ststem/ros2_hull/install/nmea_msgs/share/nmea_msgs/cmake/nmea_msgs__rosidl_generator_cppExport.cmake
[20.307s] -- Installing: /home/orangepi/Desktop/Hull_control_ststem/ros2_hull/install/nmea_msgs/share/nmea_msgs/cmake/nmea_msgs__rosidl_typesupport_introspection_cppExport.cmake
[20.308s] -- Installing: /home/orangepi/Desktop/Hull_control_ststem/ros2_hull/install/nmea_msgs/share/nmea_msgs/cmake/nmea_msgs__rosidl_typesupport_introspection_cppExport-noconfig.cmake
[20.308s] -- Installing: /home/orangepi/Desktop/Hull_control_ststem/ros2_hull/install/nmea_msgs/share/nmea_msgs/cmake/nmea_msgs__rosidl_typesupport_cppExport.cmake
[20.309s] -- Installing: /home/orangepi/Desktop/Hull_control_ststem/ros2_hull/install/nmea_msgs/share/nmea_msgs/cmake/nmea_msgs__rosidl_typesupport_cppExport-noconfig.cmake
[20.309s] -- Installing: /home/orangepi/Desktop/Hull_control_ststem/ros2_hull/install/nmea_msgs/share/nmea_msgs/cmake/rosidl_cmake-extras.cmake
[20.310s] -- Installing: /home/orangepi/Desktop/Hull_control_ststem/ros2_hull/install/nmea_msgs/share/nmea_msgs/cmake/ament_cmake_export_dependencies-extras.cmake
[20.311s] -- Installing: /home/orangepi/Desktop/Hull_control_ststem/ros2_hull/install/nmea_msgs/share/nmea_msgs/cmake/ament_cmake_export_libraries-extras.cmake
[20.311s] -- Installing: /home/orangepi/Desktop/Hull_control_ststem/ros2_hull/install/nmea_msgs/share/nmea_msgs/cmake/ament_cmake_export_targets-extras.cmake
[20.312s] -- Installing: /home/orangepi/Desktop/Hull_control_ststem/ros2_hull/install/nmea_msgs/share/nmea_msgs/cmake/ament_cmake_export_include_directories-extras.cmake
[20.312s] -- Installing: /home/orangepi/Desktop/Hull_control_ststem/ros2_hull/install/nmea_msgs/share/nmea_msgs/cmake/rosidl_cmake_export_typesupport_libraries-extras.cmake
[20.313s] -- Installing: /home/orangepi/Desktop/Hull_control_ststem/ros2_hull/install/nmea_msgs/share/nmea_msgs/cmake/rosidl_cmake_export_typesupport_targets-extras.cmake
[20.314s] -- Installing: /home/orangepi/Desktop/Hull_control_ststem/ros2_hull/install/nmea_msgs/share/nmea_msgs/cmake/nmea_msgsConfig.cmake
[20.314s] -- Installing: /home/orangepi/Desktop/Hull_control_ststem/ros2_hull/install/nmea_msgs/share/nmea_msgs/cmake/nmea_msgsConfig-version.cmake
[20.315s] -- Installing: /home/orangepi/Desktop/Hull_control_ststem/ros2_hull/install/nmea_msgs/share/nmea_msgs/package.xml
[20.316s] Invoked command in '/home/orangepi/Desktop/Hull_control_ststem/ros2_hull/build/nmea_msgs' returned '0': CMAKE_PREFIX_PATH=/opt/ros/foxy /usr/bin/cmake --install /home/orangepi/Desktop/Hull_control_ststem/ros2_hull/build/nmea_msgs
