-- Found ament_cmake: 0.9.12 (/opt/ros/foxy/share/ament_cmake/cmake)
-- Using PYTHON_EXECUTABLE: /usr/bin/python3
-- Found geometry_msgs: 2.0.5 (/opt/ros/foxy/share/geometry_msgs/cmake)
-- Using all available rosidl_typesupport_c: rosidl_typesupport_fastrtps_c;rosidl_typesupport_introspection_c
-- Found rosidl_adapter: 1.3.1 (/opt/ros/foxy/share/rosidl_adapter/cmake)
-- Using all available rosidl_typesupport_cpp: rosidl_typesupport_fastrtps_cpp;rosidl_typesupport_introspection_cpp
-- Found nav2_msgs: 0.4.7 (/opt/ros/foxy/share/nav2_msgs/cmake)
-- Found rclcpp: 2.4.3 (/opt/ros/foxy/share/rclcpp/cmake)
-- Found rmw_implementation_cmake: 1.0.4 (/opt/ros/foxy/share/rmw_implementation_cmake/cmake)
-- Using RMW implementation 'rmw_fastrtps_cpp' as default
-- Found rclpy: 1.0.13 (/opt/ros/foxy/share/rclpy/cmake)
-- Found sensor_msgs: 2.0.5 (/opt/ros/foxy/share/sensor_msgs/cmake)
-- Found ament_lint_auto: 0.9.8 (/opt/ros/foxy/share/ament_lint_auto/cmake)
-- Added test 'copyright' to check source files copyright and LICENSE
-- Added test 'cppcheck' to perform static code analysis on C / C++ code
-- Configured cppcheck include dirs: /home/orangepi/Desktop/Hull_control_ststem/ros2_hull/src/wheeltec_gps_path/include
-- Configured cppcheck exclude dirs and/or files: 
-- Added test 'cpplint' to check C / C++ code against the Google style
-- Configured cpplint exclude dirs and/or files: 
-- Added test 'flake8' to check Python code syntax and style conventions
-- Added test 'lint_cmake' to check CMake code style
-- Added test 'pep257' to check Python code against some of the style conventions in PEP 257
-- Added test 'uncrustify' to check C / C++ code style
-- Configured uncrustify additional arguments: 
-- Added test 'xmllint' to check XML markup files
-- Configuring done
-- Generating done
-- Build files have been written to: /home/orangepi/Desktop/Hull_control_ststem/ros2_hull/build/wheeltec_gps_path
Scanning dependencies of target gps_path
[ 50%] Building CXX object CMakeFiles/gps_path.dir/src/gps_path.cpp.o
[100%] Linking CXX executable gps_path
[100%] Built target gps_path
-- Install configuration: ""
-- Installing: /home/orangepi/Desktop/Hull_control_ststem/ros2_hull/install/wheeltec_gps_path/lib/wheeltec_gps_path/gps_path
-- Set runtime path of "/home/orangepi/Desktop/Hull_control_ststem/ros2_hull/install/wheeltec_gps_path/lib/wheeltec_gps_path/gps_path" to ""
-- Up-to-date: /home/orangepi/Desktop/Hull_control_ststem/ros2_hull/install/wheeltec_gps_path/share/wheeltec_gps_path/launch
-- Installing: /home/orangepi/Desktop/Hull_control_ststem/ros2_hull/install/wheeltec_gps_path/share/wheeltec_gps_path/launch/gps_path.launch.py
-- Installing: /home/orangepi/Desktop/Hull_control_ststem/ros2_hull/install/wheeltec_gps_path/share/ament_index/resource_index/package_run_dependencies/wheeltec_gps_path
-- Installing: /home/orangepi/Desktop/Hull_control_ststem/ros2_hull/install/wheeltec_gps_path/share/ament_index/resource_index/parent_prefix_path/wheeltec_gps_path
-- Up-to-date: /home/orangepi/Desktop/Hull_control_ststem/ros2_hull/install/wheeltec_gps_path/share/wheeltec_gps_path/environment/ament_prefix_path.sh
-- Installing: /home/orangepi/Desktop/Hull_control_ststem/ros2_hull/install/wheeltec_gps_path/share/wheeltec_gps_path/environment/ament_prefix_path.dsv
-- Up-to-date: /home/orangepi/Desktop/Hull_control_ststem/ros2_hull/install/wheeltec_gps_path/share/wheeltec_gps_path/environment/path.sh
-- Installing: /home/orangepi/Desktop/Hull_control_ststem/ros2_hull/install/wheeltec_gps_path/share/wheeltec_gps_path/environment/path.dsv
-- Up-to-date: /home/orangepi/Desktop/Hull_control_ststem/ros2_hull/install/wheeltec_gps_path/share/wheeltec_gps_path/local_setup.bash
-- Up-to-date: /home/orangepi/Desktop/Hull_control_ststem/ros2_hull/install/wheeltec_gps_path/share/wheeltec_gps_path/local_setup.sh
-- Up-to-date: /home/orangepi/Desktop/Hull_control_ststem/ros2_hull/install/wheeltec_gps_path/share/wheeltec_gps_path/local_setup.zsh
-- Installing: /home/orangepi/Desktop/Hull_control_ststem/ros2_hull/install/wheeltec_gps_path/share/wheeltec_gps_path/local_setup.dsv
-- Installing: /home/orangepi/Desktop/Hull_control_ststem/ros2_hull/install/wheeltec_gps_path/share/wheeltec_gps_path/package.dsv
-- Up-to-date: /home/orangepi/Desktop/Hull_control_ststem/ros2_hull/install/wheeltec_gps_path/share/ament_index/resource_index/packages/wheeltec_gps_path
-- Up-to-date: /home/orangepi/Desktop/Hull_control_ststem/ros2_hull/install/wheeltec_gps_path/share/wheeltec_gps_path/cmake/wheeltec_gps_pathConfig.cmake
-- Up-to-date: /home/orangepi/Desktop/Hull_control_ststem/ros2_hull/install/wheeltec_gps_path/share/wheeltec_gps_path/cmake/wheeltec_gps_pathConfig-version.cmake
-- Installing: /home/orangepi/Desktop/Hull_control_ststem/ros2_hull/install/wheeltec_gps_path/share/wheeltec_gps_path/package.xml
