[0.026s] Invoking command in '/home/orangepi/Desktop/Hull_control_ststem/ros2_hull/build/wheeltec_gps_path': AMENT_PREFIX_PATH=/home/orangepi/Desktop/Hull_control_ststem/ros2_hull/install/gps_wgs84_to_gcj02:${AMENT_PREFIX_PATH} CMAKE_PREFIX_PATH=/opt/ros/foxy PYTHONPATH=/home/orangepi/Desktop/Hull_control_ststem/ros2_hull/install/gps_wgs84_to_gcj02/lib/python3.8/site-packages:${PYTHONPATH} /usr/bin/cmake --build /home/orangepi/Desktop/Hull_control_ststem/ros2_hull/build/wheeltec_gps_path -- -j8 -l8
[0.372s] -- Found ament_cmake: 0.9.12 (/opt/ros/foxy/share/ament_cmake/cmake)
[0.464s] -- Using PYTHON_EXECUTABLE: /usr/bin/python3
[0.840s] -- Found geometry_msgs: 2.0.5 (/opt/ros/foxy/share/geometry_msgs/cmake)
[0.944s] -- Using all available rosidl_typesupport_c: rosidl_typesupport_fastrtps_c;rosidl_typesupport_introspection_c
[0.961s] -- Found rosidl_adapter: 1.3.1 (/opt/ros/foxy/share/rosidl_adapter/cmake)
[1.231s] -- Using all available rosidl_typesupport_cpp: rosidl_typesupport_fastrtps_cpp;rosidl_typesupport_introspection_cpp
[1.408s] -- Found nav2_msgs: 0.4.7 (/opt/ros/foxy/share/nav2_msgs/cmake)
[1.993s] -- Found rclcpp: 2.4.3 (/opt/ros/foxy/share/rclcpp/cmake)
[2.125s] -- Found rmw_implementation_cmake: 1.0.4 (/opt/ros/foxy/share/rmw_implementation_cmake/cmake)
[2.131s] -- Using RMW implementation 'rmw_fastrtps_cpp' as default
[2.416s] -- Found rclpy: 1.0.13 (/opt/ros/foxy/share/rclpy/cmake)
[2.417s] -- Found sensor_msgs: 2.0.5 (/opt/ros/foxy/share/sensor_msgs/cmake)
[2.547s] -- Found ament_lint_auto: 0.9.8 (/opt/ros/foxy/share/ament_lint_auto/cmake)
[2.746s] -- Added test 'copyright' to check source files copyright and LICENSE
[2.747s] -- Added test 'cppcheck' to perform static code analysis on C / C++ code
[2.748s] -- Configured cppcheck include dirs: /home/orangepi/Desktop/Hull_control_ststem/ros2_hull/src/wheeltec_gps_path/include
[2.748s] -- Configured cppcheck exclude dirs and/or files: 
[2.749s] -- Added test 'cpplint' to check C / C++ code against the Google style
[2.750s] -- Configured cpplint exclude dirs and/or files: 
[2.754s] -- Added test 'flake8' to check Python code syntax and style conventions
[2.757s] -- Added test 'lint_cmake' to check CMake code style
[2.758s] -- Added test 'pep257' to check Python code against some of the style conventions in PEP 257
[2.759s] -- Added test 'uncrustify' to check C / C++ code style
[2.760s] -- Configured uncrustify additional arguments: 
[2.760s] -- Added test 'xmllint' to check XML markup files
[2.766s] -- Configuring done
[2.813s] -- Generating done
[2.844s] -- Build files have been written to: /home/orangepi/Desktop/Hull_control_ststem/ros2_hull/build/wheeltec_gps_path
[3.042s] Scanning dependencies of target gps_path
[3.096s] [ 50%] Building CXX object CMakeFiles/gps_path.dir/src/gps_path.cpp.o
[14.084s] [100%] Linking CXX executable gps_path
[14.833s] [100%] Built target gps_path
[14.852s] Invoked command in '/home/orangepi/Desktop/Hull_control_ststem/ros2_hull/build/wheeltec_gps_path' returned '0': AMENT_PREFIX_PATH=/home/orangepi/Desktop/Hull_control_ststem/ros2_hull/install/gps_wgs84_to_gcj02:${AMENT_PREFIX_PATH} CMAKE_PREFIX_PATH=/opt/ros/foxy PYTHONPATH=/home/orangepi/Desktop/Hull_control_ststem/ros2_hull/install/gps_wgs84_to_gcj02/lib/python3.8/site-packages:${PYTHONPATH} /usr/bin/cmake --build /home/orangepi/Desktop/Hull_control_ststem/ros2_hull/build/wheeltec_gps_path -- -j8 -l8
[14.893s] Invoking command in '/home/orangepi/Desktop/Hull_control_ststem/ros2_hull/build/wheeltec_gps_path': AMENT_PREFIX_PATH=/home/orangepi/Desktop/Hull_control_ststem/ros2_hull/install/gps_wgs84_to_gcj02:${AMENT_PREFIX_PATH} CMAKE_PREFIX_PATH=/opt/ros/foxy PYTHONPATH=/home/orangepi/Desktop/Hull_control_ststem/ros2_hull/install/gps_wgs84_to_gcj02/lib/python3.8/site-packages:${PYTHONPATH} /usr/bin/cmake --install /home/orangepi/Desktop/Hull_control_ststem/ros2_hull/build/wheeltec_gps_path
[14.929s] -- Install configuration: ""
[14.930s] -- Installing: /home/orangepi/Desktop/Hull_control_ststem/ros2_hull/install/wheeltec_gps_path/lib/wheeltec_gps_path/gps_path
[14.935s] -- Set runtime path of "/home/orangepi/Desktop/Hull_control_ststem/ros2_hull/install/wheeltec_gps_path/lib/wheeltec_gps_path/gps_path" to ""
[14.935s] -- Up-to-date: /home/orangepi/Desktop/Hull_control_ststem/ros2_hull/install/wheeltec_gps_path/share/wheeltec_gps_path/launch
[14.935s] -- Installing: /home/orangepi/Desktop/Hull_control_ststem/ros2_hull/install/wheeltec_gps_path/share/wheeltec_gps_path/launch/gps_path.launch.py
[14.936s] -- Installing: /home/orangepi/Desktop/Hull_control_ststem/ros2_hull/install/wheeltec_gps_path/share/ament_index/resource_index/package_run_dependencies/wheeltec_gps_path
[14.936s] -- Installing: /home/orangepi/Desktop/Hull_control_ststem/ros2_hull/install/wheeltec_gps_path/share/ament_index/resource_index/parent_prefix_path/wheeltec_gps_path
[14.937s] -- Up-to-date: /home/orangepi/Desktop/Hull_control_ststem/ros2_hull/install/wheeltec_gps_path/share/wheeltec_gps_path/environment/ament_prefix_path.sh
[14.937s] -- Installing: /home/orangepi/Desktop/Hull_control_ststem/ros2_hull/install/wheeltec_gps_path/share/wheeltec_gps_path/environment/ament_prefix_path.dsv
[14.937s] -- Up-to-date: /home/orangepi/Desktop/Hull_control_ststem/ros2_hull/install/wheeltec_gps_path/share/wheeltec_gps_path/environment/path.sh
[14.937s] -- Installing: /home/orangepi/Desktop/Hull_control_ststem/ros2_hull/install/wheeltec_gps_path/share/wheeltec_gps_path/environment/path.dsv
[14.939s] -- Up-to-date: /home/orangepi/Desktop/Hull_control_ststem/ros2_hull/install/wheeltec_gps_path/share/wheeltec_gps_path/local_setup.bash
[14.939s] -- Up-to-date: /home/orangepi/Desktop/Hull_control_ststem/ros2_hull/install/wheeltec_gps_path/share/wheeltec_gps_path/local_setup.sh
[14.940s] -- Up-to-date: /home/orangepi/Desktop/Hull_control_ststem/ros2_hull/install/wheeltec_gps_path/share/wheeltec_gps_path/local_setup.zsh
[14.940s] -- Installing: /home/orangepi/Desktop/Hull_control_ststem/ros2_hull/install/wheeltec_gps_path/share/wheeltec_gps_path/local_setup.dsv
[14.940s] -- Installing: /home/orangepi/Desktop/Hull_control_ststem/ros2_hull/install/wheeltec_gps_path/share/wheeltec_gps_path/package.dsv
[14.940s] -- Up-to-date: /home/orangepi/Desktop/Hull_control_ststem/ros2_hull/install/wheeltec_gps_path/share/ament_index/resource_index/packages/wheeltec_gps_path
[14.940s] -- Up-to-date: /home/orangepi/Desktop/Hull_control_ststem/ros2_hull/install/wheeltec_gps_path/share/wheeltec_gps_path/cmake/wheeltec_gps_pathConfig.cmake
[14.940s] -- Up-to-date: /home/orangepi/Desktop/Hull_control_ststem/ros2_hull/install/wheeltec_gps_path/share/wheeltec_gps_path/cmake/wheeltec_gps_pathConfig-version.cmake
[14.940s] -- Installing: /home/orangepi/Desktop/Hull_control_ststem/ros2_hull/install/wheeltec_gps_path/share/wheeltec_gps_path/package.xml
[14.945s] Invoked command in '/home/orangepi/Desktop/Hull_control_ststem/ros2_hull/build/wheeltec_gps_path' returned '0': AMENT_PREFIX_PATH=/home/orangepi/Desktop/Hull_control_ststem/ros2_hull/install/gps_wgs84_to_gcj02:${AMENT_PREFIX_PATH} CMAKE_PREFIX_PATH=/opt/ros/foxy PYTHONPATH=/home/orangepi/Desktop/Hull_control_ststem/ros2_hull/install/gps_wgs84_to_gcj02/lib/python3.8/site-packages:${PYTHONPATH} /usr/bin/cmake --install /home/orangepi/Desktop/Hull_control_ststem/ros2_hull/build/wheeltec_gps_path
