[0.522s] Invoking command in '/home/orangepi/Desktop/Hull_control_ststem/ros2_hull/build/nmea_msgs': CMAKE_PREFIX_PATH=${CMAKE_PREFIX_PATH}:/home/orangepi/Desktop/Hull_control_ststem/ros2_hull/install/wgs84_gcj_bridge:/home/orangepi/Desktop/Hull_control_ststem/ros2_hull/install/nmea_navsat_driver:/home/orangepi/Desktop/Hull_control_ststem/ros2_hull/install/gps_wgs84_to_gcj02:/opt/ros/foxy /usr/bin/cmake --build /home/orangepi/Desktop/Hull_control_ststem/ros2_hull/build/nmea_msgs -- -j8 -l8
[0.694s] [  1%] Built target nmea_msgs__cpp
[0.746s] [ 12%] Built target nmea_msgs__rosidl_generator_c
[0.785s] [ 24%] Built target nmea_msgs__rosidl_typesupport_introspection_cpp
[0.826s] [ 35%] Built target nmea_msgs__rosidl_typesupport_introspection_c
[0.866s] [ 46%] Built target nmea_msgs__rosidl_typesupport_c
[0.913s] [ 58%] Built target nmea_msgs__rosidl_typesupport_fastrtps_cpp
[0.969s] [ 69%] Built target nmea_msgs__rosidl_typesupport_cpp
[1.025s] [ 81%] Built target nmea_msgs__rosidl_typesupport_fastrtps_c
[1.065s] [ 81%] Built target nmea_msgs
[1.102s] [ 82%] Built target nmea_msgs__py
[1.265s] [ 92%] Built target nmea_msgs__python
[1.347s] [ 94%] Built target nmea_msgs__rosidl_typesupport_fastrtps_c__pyext
[1.509s] [ 97%] Built target nmea_msgs__rosidl_typesupport_introspection_c__pyext
[1.635s] [100%] Built target nmea_msgs__rosidl_typesupport_c__pyext
[1.686s] Invoked command in '/home/orangepi/Desktop/Hull_control_ststem/ros2_hull/build/nmea_msgs' returned '0': CMAKE_PREFIX_PATH=${CMAKE_PREFIX_PATH}:/home/orangepi/Desktop/Hull_control_ststem/ros2_hull/install/wgs84_gcj_bridge:/home/orangepi/Desktop/Hull_control_ststem/ros2_hull/install/nmea_navsat_driver:/home/orangepi/Desktop/Hull_control_ststem/ros2_hull/install/gps_wgs84_to_gcj02:/opt/ros/foxy /usr/bin/cmake --build /home/orangepi/Desktop/Hull_control_ststem/ros2_hull/build/nmea_msgs -- -j8 -l8
[1.718s] Invoking command in '/home/orangepi/Desktop/Hull_control_ststem/ros2_hull/build/nmea_msgs': CMAKE_PREFIX_PATH=${CMAKE_PREFIX_PATH}:/home/orangepi/Desktop/Hull_control_ststem/ros2_hull/install/wgs84_gcj_bridge:/home/orangepi/Desktop/Hull_control_ststem/ros2_hull/install/nmea_navsat_driver:/home/orangepi/Desktop/Hull_control_ststem/ros2_hull/install/gps_wgs84_to_gcj02:/opt/ros/foxy /usr/bin/cmake --install /home/orangepi/Desktop/Hull_control_ststem/ros2_hull/build/nmea_msgs
[1.737s] -- Install configuration: ""
[1.738s] -- Up-to-date: /home/orangepi/Desktop/Hull_control_ststem/ros2_hull/install/nmea_msgs/share/ament_index/resource_index/rosidl_interfaces/nmea_msgs
[1.738s] -- Up-to-date: /home/orangepi/Desktop/Hull_control_ststem/ros2_hull/install/nmea_msgs/include/nmea_msgs
[1.739s] -- Up-to-date: /home/orangepi/Desktop/Hull_control_ststem/ros2_hull/install/nmea_msgs/include/nmea_msgs/msg
[1.739s] -- Up-to-date: /home/orangepi/Desktop/Hull_control_ststem/ros2_hull/install/nmea_msgs/include/nmea_msgs/msg/detail
[1.740s] -- Up-to-date: /home/orangepi/Desktop/Hull_control_ststem/ros2_hull/install/nmea_msgs/include/nmea_msgs/msg/detail/gprmc__functions.c
[1.740s] -- Up-to-date: /home/orangepi/Desktop/Hull_control_ststem/ros2_hull/install/nmea_msgs/include/nmea_msgs/msg/detail/sentence__functions.h
[1.740s] -- Up-to-date: /home/orangepi/Desktop/Hull_control_ststem/ros2_hull/install/nmea_msgs/include/nmea_msgs/msg/detail/gprmc__functions.h
[1.741s] -- Up-to-date: /home/orangepi/Desktop/Hull_control_ststem/ros2_hull/install/nmea_msgs/include/nmea_msgs/msg/detail/gpgsa__functions.c
[1.741s] -- Up-to-date: /home/orangepi/Desktop/Hull_control_ststem/ros2_hull/install/nmea_msgs/include/nmea_msgs/msg/detail/gpgst__struct.h
[1.741s] -- Up-to-date: /home/orangepi/Desktop/Hull_control_ststem/ros2_hull/install/nmea_msgs/include/nmea_msgs/msg/detail/sentence__functions.c
[1.742s] -- Up-to-date: /home/orangepi/Desktop/Hull_control_ststem/ros2_hull/install/nmea_msgs/include/nmea_msgs/msg/detail/gpgsv_satellite__struct.h
[1.742s] -- Up-to-date: /home/orangepi/Desktop/Hull_control_ststem/ros2_hull/install/nmea_msgs/include/nmea_msgs/msg/detail/gpgst__functions.h
[1.742s] -- Up-to-date: /home/orangepi/Desktop/Hull_control_ststem/ros2_hull/install/nmea_msgs/include/nmea_msgs/msg/detail/gpgsv_satellite__type_support.h
[1.742s] -- Up-to-date: /home/orangepi/Desktop/Hull_control_ststem/ros2_hull/install/nmea_msgs/include/nmea_msgs/msg/detail/gpgsa__functions.h
[1.743s] -- Up-to-date: /home/orangepi/Desktop/Hull_control_ststem/ros2_hull/install/nmea_msgs/include/nmea_msgs/msg/detail/gpgsv_satellite__functions.c
[1.743s] -- Up-to-date: /home/orangepi/Desktop/Hull_control_ststem/ros2_hull/install/nmea_msgs/include/nmea_msgs/msg/detail/sentence__struct.h
[1.744s] -- Up-to-date: /home/orangepi/Desktop/Hull_control_ststem/ros2_hull/install/nmea_msgs/include/nmea_msgs/msg/detail/gpgsv_satellite__functions.h
[1.744s] -- Up-to-date: /home/orangepi/Desktop/Hull_control_ststem/ros2_hull/install/nmea_msgs/include/nmea_msgs/msg/detail/gpgga__type_support.h
[1.744s] -- Up-to-date: /home/orangepi/Desktop/Hull_control_ststem/ros2_hull/install/nmea_msgs/include/nmea_msgs/msg/detail/sentence__type_support.h
[1.744s] -- Up-to-date: /home/orangepi/Desktop/Hull_control_ststem/ros2_hull/install/nmea_msgs/include/nmea_msgs/msg/detail/gpgsv__struct.h
[1.745s] -- Up-to-date: /home/orangepi/Desktop/Hull_control_ststem/ros2_hull/install/nmea_msgs/include/nmea_msgs/msg/detail/gpgsv__functions.h
[1.745s] -- Up-to-date: /home/orangepi/Desktop/Hull_control_ststem/ros2_hull/install/nmea_msgs/include/nmea_msgs/msg/detail/gprmc__type_support.h
[1.745s] -- Up-to-date: /home/orangepi/Desktop/Hull_control_ststem/ros2_hull/install/nmea_msgs/include/nmea_msgs/msg/detail/gpgga__functions.h
[1.746s] -- Up-to-date: /home/orangepi/Desktop/Hull_control_ststem/ros2_hull/install/nmea_msgs/include/nmea_msgs/msg/detail/gpgst__type_support.h
[1.746s] -- Up-to-date: /home/orangepi/Desktop/Hull_control_ststem/ros2_hull/install/nmea_msgs/include/nmea_msgs/msg/detail/gpgga__functions.c
[1.746s] -- Up-to-date: /home/orangepi/Desktop/Hull_control_ststem/ros2_hull/install/nmea_msgs/include/nmea_msgs/msg/detail/gpgsv__type_support.h
[1.746s] -- Up-to-date: /home/orangepi/Desktop/Hull_control_ststem/ros2_hull/install/nmea_msgs/include/nmea_msgs/msg/detail/gpgga__struct.h
[1.747s] -- Up-to-date: /home/orangepi/Desktop/Hull_control_ststem/ros2_hull/install/nmea_msgs/include/nmea_msgs/msg/detail/gpgst__functions.c
[1.747s] -- Up-to-date: /home/orangepi/Desktop/Hull_control_ststem/ros2_hull/install/nmea_msgs/include/nmea_msgs/msg/detail/gpgsv__functions.c
[1.748s] -- Up-to-date: /home/orangepi/Desktop/Hull_control_ststem/ros2_hull/install/nmea_msgs/include/nmea_msgs/msg/detail/gpgsa__struct.h
[1.748s] -- Up-to-date: /home/orangepi/Desktop/Hull_control_ststem/ros2_hull/install/nmea_msgs/include/nmea_msgs/msg/detail/gpgsa__type_support.h
[1.748s] -- Up-to-date: /home/orangepi/Desktop/Hull_control_ststem/ros2_hull/install/nmea_msgs/include/nmea_msgs/msg/detail/gprmc__struct.h
[1.748s] -- Up-to-date: /home/orangepi/Desktop/Hull_control_ststem/ros2_hull/install/nmea_msgs/include/nmea_msgs/msg/gpgst.h
[1.749s] -- Up-to-date: /home/orangepi/Desktop/Hull_control_ststem/ros2_hull/install/nmea_msgs/include/nmea_msgs/msg/gpgga.h
[1.750s] -- Up-to-date: /home/orangepi/Desktop/Hull_control_ststem/ros2_hull/install/nmea_msgs/include/nmea_msgs/msg/gpgsv_satellite.h
[1.750s] -- Up-to-date: /home/orangepi/Desktop/Hull_control_ststem/ros2_hull/install/nmea_msgs/include/nmea_msgs/msg/gpgsv.h
[1.750s] -- Up-to-date: /home/orangepi/Desktop/Hull_control_ststem/ros2_hull/install/nmea_msgs/include/nmea_msgs/msg/gpgsa.h
[1.751s] -- Up-to-date: /home/orangepi/Desktop/Hull_control_ststem/ros2_hull/install/nmea_msgs/include/nmea_msgs/msg/sentence.h
[1.751s] -- Up-to-date: /home/orangepi/Desktop/Hull_control_ststem/ros2_hull/install/nmea_msgs/include/nmea_msgs/msg/gprmc.h
[1.751s] -- Up-to-date: /home/orangepi/Desktop/Hull_control_ststem/ros2_hull/install/nmea_msgs/include/nmea_msgs/msg/rosidl_generator_c__visibility_control.h
[1.752s] -- Up-to-date: /home/orangepi/Desktop/Hull_control_ststem/ros2_hull/install/nmea_msgs/share/nmea_msgs/environment/library_path.sh
[1.752s] -- Up-to-date: /home/orangepi/Desktop/Hull_control_ststem/ros2_hull/install/nmea_msgs/share/nmea_msgs/environment/library_path.dsv
[1.753s] -- Up-to-date: /home/orangepi/Desktop/Hull_control_ststem/ros2_hull/install/nmea_msgs/lib/libnmea_msgs__rosidl_generator_c.so
[1.755s] -- Up-to-date: /home/orangepi/Desktop/Hull_control_ststem/ros2_hull/install/nmea_msgs/include/nmea_msgs
[1.755s] -- Up-to-date: /home/orangepi/Desktop/Hull_control_ststem/ros2_hull/install/nmea_msgs/include/nmea_msgs/msg
[1.756s] -- Up-to-date: /home/orangepi/Desktop/Hull_control_ststem/ros2_hull/install/nmea_msgs/include/nmea_msgs/msg/detail
[1.756s] -- Up-to-date: /home/orangepi/Desktop/Hull_control_ststem/ros2_hull/install/nmea_msgs/include/nmea_msgs/msg/detail/gpgsa__rosidl_typesupport_fastrtps_c.h
[1.757s] -- Up-to-date: /home/orangepi/Desktop/Hull_control_ststem/ros2_hull/install/nmea_msgs/include/nmea_msgs/msg/detail/gpgga__rosidl_typesupport_fastrtps_c.h
[1.757s] -- Up-to-date: /home/orangepi/Desktop/Hull_control_ststem/ros2_hull/install/nmea_msgs/include/nmea_msgs/msg/detail/gpgst__rosidl_typesupport_fastrtps_c.h
[1.757s] -- Up-to-date: /home/orangepi/Desktop/Hull_control_ststem/ros2_hull/install/nmea_msgs/include/nmea_msgs/msg/detail/sentence__rosidl_typesupport_fastrtps_c.h
[1.758s] -- Up-to-date: /home/orangepi/Desktop/Hull_control_ststem/ros2_hull/install/nmea_msgs/include/nmea_msgs/msg/detail/gpgsv_satellite__rosidl_typesupport_fastrtps_c.h
[1.758s] -- Up-to-date: /home/orangepi/Desktop/Hull_control_ststem/ros2_hull/install/nmea_msgs/include/nmea_msgs/msg/detail/gpgsv__rosidl_typesupport_fastrtps_c.h
[1.758s] -- Up-to-date: /home/orangepi/Desktop/Hull_control_ststem/ros2_hull/install/nmea_msgs/include/nmea_msgs/msg/detail/gprmc__rosidl_typesupport_fastrtps_c.h
[1.758s] -- Up-to-date: /home/orangepi/Desktop/Hull_control_ststem/ros2_hull/install/nmea_msgs/include/nmea_msgs/msg/rosidl_typesupport_fastrtps_c__visibility_control.h
[1.759s] -- Up-to-date: /home/orangepi/Desktop/Hull_control_ststem/ros2_hull/install/nmea_msgs/lib/libnmea_msgs__rosidl_typesupport_fastrtps_c.so
[1.760s] -- Up-to-date: /home/orangepi/Desktop/Hull_control_ststem/ros2_hull/install/nmea_msgs/include/nmea_msgs
[1.760s] -- Up-to-date: /home/orangepi/Desktop/Hull_control_ststem/ros2_hull/install/nmea_msgs/include/nmea_msgs/msg
[1.761s] -- Up-to-date: /home/orangepi/Desktop/Hull_control_ststem/ros2_hull/install/nmea_msgs/include/nmea_msgs/msg/detail
[1.761s] -- Up-to-date: /home/orangepi/Desktop/Hull_control_ststem/ros2_hull/install/nmea_msgs/include/nmea_msgs/msg/detail/gpgsa__rosidl_typesupport_fastrtps_cpp.hpp
[1.761s] -- Up-to-date: /home/orangepi/Desktop/Hull_control_ststem/ros2_hull/install/nmea_msgs/include/nmea_msgs/msg/detail/gprmc__rosidl_typesupport_fastrtps_cpp.hpp
[1.762s] -- Up-to-date: /home/orangepi/Desktop/Hull_control_ststem/ros2_hull/install/nmea_msgs/include/nmea_msgs/msg/detail/sentence__rosidl_typesupport_fastrtps_cpp.hpp
[1.762s] -- Up-to-date: /home/orangepi/Desktop/Hull_control_ststem/ros2_hull/install/nmea_msgs/include/nmea_msgs/msg/detail/gpgst__rosidl_typesupport_fastrtps_cpp.hpp
[1.762s] -- Up-to-date: /home/orangepi/Desktop/Hull_control_ststem/ros2_hull/install/nmea_msgs/include/nmea_msgs/msg/detail/gpgsv_satellite__rosidl_typesupport_fastrtps_cpp.hpp
[1.763s] -- Up-to-date: /home/orangepi/Desktop/Hull_control_ststem/ros2_hull/install/nmea_msgs/include/nmea_msgs/msg/detail/gpgga__rosidl_typesupport_fastrtps_cpp.hpp
[1.763s] -- Up-to-date: /home/orangepi/Desktop/Hull_control_ststem/ros2_hull/install/nmea_msgs/include/nmea_msgs/msg/detail/dds_fastrtps
[1.764s] -- Up-to-date: /home/orangepi/Desktop/Hull_control_ststem/ros2_hull/install/nmea_msgs/include/nmea_msgs/msg/detail/gpgsv__rosidl_typesupport_fastrtps_cpp.hpp
[1.764s] -- Up-to-date: /home/orangepi/Desktop/Hull_control_ststem/ros2_hull/install/nmea_msgs/include/nmea_msgs/msg/rosidl_typesupport_fastrtps_cpp__visibility_control.h
[1.765s] -- Up-to-date: /home/orangepi/Desktop/Hull_control_ststem/ros2_hull/install/nmea_msgs/lib/libnmea_msgs__rosidl_typesupport_fastrtps_cpp.so
[1.766s] -- Up-to-date: /home/orangepi/Desktop/Hull_control_ststem/ros2_hull/install/nmea_msgs/include/nmea_msgs
[1.766s] -- Up-to-date: /home/orangepi/Desktop/Hull_control_ststem/ros2_hull/install/nmea_msgs/include/nmea_msgs/msg
[1.767s] -- Up-to-date: /home/orangepi/Desktop/Hull_control_ststem/ros2_hull/install/nmea_msgs/include/nmea_msgs/msg/detail
[1.767s] -- Up-to-date: /home/orangepi/Desktop/Hull_control_ststem/ros2_hull/install/nmea_msgs/include/nmea_msgs/msg/detail/gprmc__type_support.c
[1.768s] -- Up-to-date: /home/orangepi/Desktop/Hull_control_ststem/ros2_hull/install/nmea_msgs/include/nmea_msgs/msg/detail/gpgsa__rosidl_typesupport_introspection_c.h
[1.768s] -- Up-to-date: /home/orangepi/Desktop/Hull_control_ststem/ros2_hull/install/nmea_msgs/include/nmea_msgs/msg/detail/gpgsv__rosidl_typesupport_introspection_c.h
[1.769s] -- Up-to-date: /home/orangepi/Desktop/Hull_control_ststem/ros2_hull/install/nmea_msgs/include/nmea_msgs/msg/detail/sentence__type_support.c
[1.769s] -- Up-to-date: /home/orangepi/Desktop/Hull_control_ststem/ros2_hull/install/nmea_msgs/include/nmea_msgs/msg/detail/gpgsv_satellite__rosidl_typesupport_introspection_c.h
[1.769s] -- Up-to-date: /home/orangepi/Desktop/Hull_control_ststem/ros2_hull/install/nmea_msgs/include/nmea_msgs/msg/detail/gpgsv__type_support.c
[1.770s] -- Up-to-date: /home/orangepi/Desktop/Hull_control_ststem/ros2_hull/install/nmea_msgs/include/nmea_msgs/msg/detail/sentence__rosidl_typesupport_introspection_c.h
[1.770s] -- Up-to-date: /home/orangepi/Desktop/Hull_control_ststem/ros2_hull/install/nmea_msgs/include/nmea_msgs/msg/detail/gpgga__type_support.c
[1.771s] -- Up-to-date: /home/orangepi/Desktop/Hull_control_ststem/ros2_hull/install/nmea_msgs/include/nmea_msgs/msg/detail/gpgga__rosidl_typesupport_introspection_c.h
[1.771s] -- Up-to-date: /home/orangepi/Desktop/Hull_control_ststem/ros2_hull/install/nmea_msgs/include/nmea_msgs/msg/detail/gpgst__type_support.c
[1.772s] -- Up-to-date: /home/orangepi/Desktop/Hull_control_ststem/ros2_hull/install/nmea_msgs/include/nmea_msgs/msg/detail/gpgsv_satellite__type_support.c
[1.774s] -- Up-to-date: /home/orangepi/Desktop/Hull_control_ststem/ros2_hull/install/nmea_msgs/include/nmea_msgs/msg/detail/gpgsa__type_support.c
[1.775s] -- Up-to-date: /home/orangepi/Desktop/Hull_control_ststem/ros2_hull/install/nmea_msgs/include/nmea_msgs/msg/detail/gpgst__rosidl_typesupport_introspection_c.h
[1.776s] -- Up-to-date: /home/orangepi/Desktop/Hull_control_ststem/ros2_hull/install/nmea_msgs/include/nmea_msgs/msg/detail/gprmc__rosidl_typesupport_introspection_c.h
[1.776s] -- Up-to-date: /home/orangepi/Desktop/Hull_control_ststem/ros2_hull/install/nmea_msgs/include/nmea_msgs/msg/rosidl_typesupport_introspection_c__visibility_control.h
[1.778s] -- Up-to-date: /home/orangepi/Desktop/Hull_control_ststem/ros2_hull/install/nmea_msgs/lib/libnmea_msgs__rosidl_typesupport_introspection_c.so
[1.780s] -- Up-to-date: /home/orangepi/Desktop/Hull_control_ststem/ros2_hull/install/nmea_msgs/lib/libnmea_msgs__rosidl_typesupport_c.so
[1.781s] -- Up-to-date: /home/orangepi/Desktop/Hull_control_ststem/ros2_hull/install/nmea_msgs/include/nmea_msgs
[1.782s] -- Up-to-date: /home/orangepi/Desktop/Hull_control_ststem/ros2_hull/install/nmea_msgs/include/nmea_msgs/msg
[1.784s] -- Up-to-date: /home/orangepi/Desktop/Hull_control_ststem/ros2_hull/install/nmea_msgs/include/nmea_msgs/msg/gpgst.hpp
[1.784s] -- Up-to-date: /home/orangepi/Desktop/Hull_control_ststem/ros2_hull/install/nmea_msgs/include/nmea_msgs/msg/detail
[1.785s] -- Up-to-date: /home/orangepi/Desktop/Hull_control_ststem/ros2_hull/install/nmea_msgs/include/nmea_msgs/msg/detail/sentence__traits.hpp
[1.786s] -- Up-to-date: /home/orangepi/Desktop/Hull_control_ststem/ros2_hull/install/nmea_msgs/include/nmea_msgs/msg/detail/sentence__type_support.hpp
[1.787s] -- Up-to-date: /home/orangepi/Desktop/Hull_control_ststem/ros2_hull/install/nmea_msgs/include/nmea_msgs/msg/detail/gpgsv__builder.hpp
[1.787s] -- Up-to-date: /home/orangepi/Desktop/Hull_control_ststem/ros2_hull/install/nmea_msgs/include/nmea_msgs/msg/detail/gprmc__type_support.hpp
[1.788s] -- Up-to-date: /home/orangepi/Desktop/Hull_control_ststem/ros2_hull/install/nmea_msgs/include/nmea_msgs/msg/detail/gprmc__builder.hpp
[1.788s] -- Up-to-date: /home/orangepi/Desktop/Hull_control_ststem/ros2_hull/install/nmea_msgs/include/nmea_msgs/msg/detail/gpgst__builder.hpp
[1.788s] -- Up-to-date: /home/orangepi/Desktop/Hull_control_ststem/ros2_hull/install/nmea_msgs/include/nmea_msgs/msg/detail/gpgga__type_support.hpp
[1.789s] -- Up-to-date: /home/orangepi/Desktop/Hull_control_ststem/ros2_hull/install/nmea_msgs/include/nmea_msgs/msg/detail/gpgst__struct.hpp
[1.790s] -- Up-to-date: /home/orangepi/Desktop/Hull_control_ststem/ros2_hull/install/nmea_msgs/include/nmea_msgs/msg/detail/gpgsv__struct.hpp
[1.791s] -- Up-to-date: /home/orangepi/Desktop/Hull_control_ststem/ros2_hull/install/nmea_msgs/include/nmea_msgs/msg/detail/sentence__builder.hpp
[1.792s] -- Up-to-date: /home/orangepi/Desktop/Hull_control_ststem/ros2_hull/install/nmea_msgs/include/nmea_msgs/msg/detail/gpgsa__struct.hpp
[1.792s] -- Up-to-date: /home/orangepi/Desktop/Hull_control_ststem/ros2_hull/install/nmea_msgs/include/nmea_msgs/msg/detail/sentence__struct.hpp
[1.793s] -- Up-to-date: /home/orangepi/Desktop/Hull_control_ststem/ros2_hull/install/nmea_msgs/include/nmea_msgs/msg/detail/gpgst__type_support.hpp
[1.793s] -- Up-to-date: /home/orangepi/Desktop/Hull_control_ststem/ros2_hull/install/nmea_msgs/include/nmea_msgs/msg/detail/gpgsa__builder.hpp
[1.794s] -- Up-to-date: /home/orangepi/Desktop/Hull_control_ststem/ros2_hull/install/nmea_msgs/include/nmea_msgs/msg/detail/gpgsa__traits.hpp
[1.794s] -- Up-to-date: /home/orangepi/Desktop/Hull_control_ststem/ros2_hull/install/nmea_msgs/include/nmea_msgs/msg/detail/gpgst__traits.hpp
[1.795s] -- Up-to-date: /home/orangepi/Desktop/Hull_control_ststem/ros2_hull/install/nmea_msgs/include/nmea_msgs/msg/detail/gpgga__struct.hpp
[1.796s] -- Up-to-date: /home/orangepi/Desktop/Hull_control_ststem/ros2_hull/install/nmea_msgs/include/nmea_msgs/msg/detail/gprmc__struct.hpp
[1.797s] -- Up-to-date: /home/orangepi/Desktop/Hull_control_ststem/ros2_hull/install/nmea_msgs/include/nmea_msgs/msg/detail/gpgsv_satellite__type_support.hpp
[1.799s] -- Up-to-date: /home/orangepi/Desktop/Hull_control_ststem/ros2_hull/install/nmea_msgs/include/nmea_msgs/msg/detail/gpgga__builder.hpp
[1.800s] -- Up-to-date: /home/orangepi/Desktop/Hull_control_ststem/ros2_hull/install/nmea_msgs/include/nmea_msgs/msg/detail/gprmc__traits.hpp
[1.800s] -- Up-to-date: /home/orangepi/Desktop/Hull_control_ststem/ros2_hull/install/nmea_msgs/include/nmea_msgs/msg/detail/gpgga__traits.hpp
[1.801s] -- Up-to-date: /home/orangepi/Desktop/Hull_control_ststem/ros2_hull/install/nmea_msgs/include/nmea_msgs/msg/detail/gpgsv__traits.hpp
[1.801s] -- Up-to-date: /home/orangepi/Desktop/Hull_control_ststem/ros2_hull/install/nmea_msgs/include/nmea_msgs/msg/detail/gpgsv__type_support.hpp
[1.802s] -- Up-to-date: /home/orangepi/Desktop/Hull_control_ststem/ros2_hull/install/nmea_msgs/include/nmea_msgs/msg/detail/gpgsv_satellite__traits.hpp
[1.802s] -- Up-to-date: /home/orangepi/Desktop/Hull_control_ststem/ros2_hull/install/nmea_msgs/include/nmea_msgs/msg/detail/gpgsv_satellite__struct.hpp
[1.803s] -- Up-to-date: /home/orangepi/Desktop/Hull_control_ststem/ros2_hull/install/nmea_msgs/include/nmea_msgs/msg/detail/gpgsa__type_support.hpp
[1.803s] -- Up-to-date: /home/orangepi/Desktop/Hull_control_ststem/ros2_hull/install/nmea_msgs/include/nmea_msgs/msg/detail/gpgsv_satellite__builder.hpp
[1.804s] -- Up-to-date: /home/orangepi/Desktop/Hull_control_ststem/ros2_hull/install/nmea_msgs/include/nmea_msgs/msg/gprmc.hpp
[1.805s] -- Up-to-date: /home/orangepi/Desktop/Hull_control_ststem/ros2_hull/install/nmea_msgs/include/nmea_msgs/msg/gpgga.hpp
[1.917s] -- Up-to-date: /home/orangepi/Desktop/Hull_control_ststem/ros2_hull/install/nmea_msgs/include/nmea_msgs/msg/gpgsv_satellite.hpp
[1.919s] -- Up-to-date: /home/orangepi/Desktop/Hull_control_ststem/ros2_hull/install/nmea_msgs/include/nmea_msgs/msg/rosidl_generator_cpp__visibility_control.hpp
[1.919s] -- Up-to-date: /home/orangepi/Desktop/Hull_control_ststem/ros2_hull/install/nmea_msgs/include/nmea_msgs/msg/gpgsv.hpp
[1.920s] -- Up-to-date: /home/orangepi/Desktop/Hull_control_ststem/ros2_hull/install/nmea_msgs/include/nmea_msgs/msg/sentence.hpp
[1.920s] -- Up-to-date: /home/orangepi/Desktop/Hull_control_ststem/ros2_hull/install/nmea_msgs/include/nmea_msgs/msg/gpgsa.hpp
[1.920s] -- Up-to-date: /home/orangepi/Desktop/Hull_control_ststem/ros2_hull/install/nmea_msgs/include/nmea_msgs
[1.921s] -- Up-to-date: /home/orangepi/Desktop/Hull_control_ststem/ros2_hull/install/nmea_msgs/include/nmea_msgs/msg
[1.921s] -- Up-to-date: /home/orangepi/Desktop/Hull_control_ststem/ros2_hull/install/nmea_msgs/include/nmea_msgs/msg/detail
[1.921s] -- Up-to-date: /home/orangepi/Desktop/Hull_control_ststem/ros2_hull/install/nmea_msgs/include/nmea_msgs/msg/detail/gpgsv__type_support.cpp
[1.922s] -- Up-to-date: /home/orangepi/Desktop/Hull_control_ststem/ros2_hull/install/nmea_msgs/include/nmea_msgs/msg/detail/gpgsv_satellite__rosidl_typesupport_introspection_cpp.hpp
[1.922s] -- Up-to-date: /home/orangepi/Desktop/Hull_control_ststem/ros2_hull/install/nmea_msgs/include/nmea_msgs/msg/detail/gpgga__rosidl_typesupport_introspection_cpp.hpp
[1.923s] -- Up-to-date: /home/orangepi/Desktop/Hull_control_ststem/ros2_hull/install/nmea_msgs/include/nmea_msgs/msg/detail/gprmc__rosidl_typesupport_introspection_cpp.hpp
[1.923s] -- Up-to-date: /home/orangepi/Desktop/Hull_control_ststem/ros2_hull/install/nmea_msgs/include/nmea_msgs/msg/detail/gpgsa__rosidl_typesupport_introspection_cpp.hpp
[1.927s] -- Up-to-date: /home/orangepi/Desktop/Hull_control_ststem/ros2_hull/install/nmea_msgs/include/nmea_msgs/msg/detail/gpgst__type_support.cpp
[1.928s] -- Up-to-date: /home/orangepi/Desktop/Hull_control_ststem/ros2_hull/install/nmea_msgs/include/nmea_msgs/msg/detail/gpgsv__rosidl_typesupport_introspection_cpp.hpp
[1.928s] -- Up-to-date: /home/orangepi/Desktop/Hull_control_ststem/ros2_hull/install/nmea_msgs/include/nmea_msgs/msg/detail/gpgsa__type_support.cpp
[1.928s] -- Up-to-date: /home/orangepi/Desktop/Hull_control_ststem/ros2_hull/install/nmea_msgs/include/nmea_msgs/msg/detail/gpgsv_satellite__type_support.cpp
[1.928s] -- Up-to-date: /home/orangepi/Desktop/Hull_control_ststem/ros2_hull/install/nmea_msgs/include/nmea_msgs/msg/detail/gpgst__rosidl_typesupport_introspection_cpp.hpp
[1.928s] -- Up-to-date: /home/orangepi/Desktop/Hull_control_ststem/ros2_hull/install/nmea_msgs/include/nmea_msgs/msg/detail/gpgga__type_support.cpp
[1.928s] -- Up-to-date: /home/orangepi/Desktop/Hull_control_ststem/ros2_hull/install/nmea_msgs/include/nmea_msgs/msg/detail/sentence__rosidl_typesupport_introspection_cpp.hpp
[1.928s] -- Up-to-date: /home/orangepi/Desktop/Hull_control_ststem/ros2_hull/install/nmea_msgs/include/nmea_msgs/msg/detail/gprmc__type_support.cpp
[1.928s] -- Up-to-date: /home/orangepi/Desktop/Hull_control_ststem/ros2_hull/install/nmea_msgs/include/nmea_msgs/msg/detail/sentence__type_support.cpp
[1.928s] -- Up-to-date: /home/orangepi/Desktop/Hull_control_ststem/ros2_hull/install/nmea_msgs/lib/libnmea_msgs__rosidl_typesupport_introspection_cpp.so
[1.928s] -- Up-to-date: /home/orangepi/Desktop/Hull_control_ststem/ros2_hull/install/nmea_msgs/lib/libnmea_msgs__rosidl_typesupport_cpp.so
[1.928s] -- Up-to-date: /home/orangepi/Desktop/Hull_control_ststem/ros2_hull/install/nmea_msgs/share/nmea_msgs/environment/pythonpath.sh
[1.929s] -- Up-to-date: /home/orangepi/Desktop/Hull_control_ststem/ros2_hull/install/nmea_msgs/share/nmea_msgs/environment/pythonpath.dsv
[1.929s] -- Up-to-date: /home/orangepi/Desktop/Hull_control_ststem/ros2_hull/install/nmea_msgs/lib/python3.8/site-packages/nmea_msgs/__init__.py
[1.929s] -- Up-to-date: /home/orangepi/Desktop/Hull_control_ststem/ros2_hull/install/nmea_msgs/lib/python3.8/site-packages/nmea_msgs/msg
[1.929s] -- Up-to-date: /home/orangepi/Desktop/Hull_control_ststem/ros2_hull/install/nmea_msgs/lib/python3.8/site-packages/nmea_msgs/msg/_gpgsv_satellite_s.c
[1.944s] -- Up-to-date: /home/orangepi/Desktop/Hull_control_ststem/ros2_hull/install/nmea_msgs/lib/python3.8/site-packages/nmea_msgs/msg/_gprmc_s.c
[1.944s] -- Up-to-date: /home/orangepi/Desktop/Hull_control_ststem/ros2_hull/install/nmea_msgs/lib/python3.8/site-packages/nmea_msgs/msg/_sentence.py
[1.944s] -- Up-to-date: /home/orangepi/Desktop/Hull_control_ststem/ros2_hull/install/nmea_msgs/lib/python3.8/site-packages/nmea_msgs/msg/_gpgsa.py
[1.944s] -- Up-to-date: /home/orangepi/Desktop/Hull_control_ststem/ros2_hull/install/nmea_msgs/lib/python3.8/site-packages/nmea_msgs/msg/_gpgst_s.c
[1.944s] -- Up-to-date: /home/orangepi/Desktop/Hull_control_ststem/ros2_hull/install/nmea_msgs/lib/python3.8/site-packages/nmea_msgs/msg/_gpgst.py
[1.944s] -- Up-to-date: /home/orangepi/Desktop/Hull_control_ststem/ros2_hull/install/nmea_msgs/lib/python3.8/site-packages/nmea_msgs/msg/_gpgsv_s.c
[1.944s] -- Up-to-date: /home/orangepi/Desktop/Hull_control_ststem/ros2_hull/install/nmea_msgs/lib/python3.8/site-packages/nmea_msgs/msg/_gpgsv.py
[1.944s] -- Up-to-date: /home/orangepi/Desktop/Hull_control_ststem/ros2_hull/install/nmea_msgs/lib/python3.8/site-packages/nmea_msgs/msg/_gpgsa_s.c
[1.944s] -- Up-to-date: /home/orangepi/Desktop/Hull_control_ststem/ros2_hull/install/nmea_msgs/lib/python3.8/site-packages/nmea_msgs/msg/_gpgga.py
[1.944s] -- Up-to-date: /home/orangepi/Desktop/Hull_control_ststem/ros2_hull/install/nmea_msgs/lib/python3.8/site-packages/nmea_msgs/msg/_sentence_s.c
[1.945s] -- Up-to-date: /home/orangepi/Desktop/Hull_control_ststem/ros2_hull/install/nmea_msgs/lib/python3.8/site-packages/nmea_msgs/msg/_gpgga_s.c
[1.945s] -- Up-to-date: /home/orangepi/Desktop/Hull_control_ststem/ros2_hull/install/nmea_msgs/lib/python3.8/site-packages/nmea_msgs/msg/_gpgsv_satellite.py
[1.945s] -- Up-to-date: /home/orangepi/Desktop/Hull_control_ststem/ros2_hull/install/nmea_msgs/lib/python3.8/site-packages/nmea_msgs/msg/_gprmc.py
[1.945s] -- Up-to-date: /home/orangepi/Desktop/Hull_control_ststem/ros2_hull/install/nmea_msgs/lib/python3.8/site-packages/nmea_msgs/msg/__init__.py
[1.945s] -- Up-to-date: /home/orangepi/Desktop/Hull_control_ststem/ros2_hull/install/nmea_msgs/lib/python3.8/site-packages/nmea_msgs/nmea_msgs_s__rosidl_typesupport_fastrtps_c.cpython-38-aarch64-linux-gnu.so
[1.945s] -- Up-to-date: /home/orangepi/Desktop/Hull_control_ststem/ros2_hull/install/nmea_msgs/lib/python3.8/site-packages/nmea_msgs/nmea_msgs_s__rosidl_typesupport_introspection_c.cpython-38-aarch64-linux-gnu.so
[1.945s] -- Up-to-date: /home/orangepi/Desktop/Hull_control_ststem/ros2_hull/install/nmea_msgs/lib/python3.8/site-packages/nmea_msgs/nmea_msgs_s__rosidl_typesupport_c.cpython-38-aarch64-linux-gnu.so
[1.945s] -- Up-to-date: /home/orangepi/Desktop/Hull_control_ststem/ros2_hull/install/nmea_msgs/lib/libnmea_msgs__python.so
[1.945s] -- Up-to-date: /home/orangepi/Desktop/Hull_control_ststem/ros2_hull/install/nmea_msgs/share/nmea_msgs/msg/Sentence.idl
[1.945s] -- Up-to-date: /home/orangepi/Desktop/Hull_control_ststem/ros2_hull/install/nmea_msgs/share/nmea_msgs/msg/Gpgga.idl
[1.946s] -- Up-to-date: /home/orangepi/Desktop/Hull_control_ststem/ros2_hull/install/nmea_msgs/share/nmea_msgs/msg/Gpgsa.idl
[1.946s] -- Up-to-date: /home/orangepi/Desktop/Hull_control_ststem/ros2_hull/install/nmea_msgs/share/nmea_msgs/msg/Gpgst.idl
[1.946s] -- Up-to-date: /home/orangepi/Desktop/Hull_control_ststem/ros2_hull/install/nmea_msgs/share/nmea_msgs/msg/Gpgsv.idl
[1.946s] -- Up-to-date: /home/orangepi/Desktop/Hull_control_ststem/ros2_hull/install/nmea_msgs/share/nmea_msgs/msg/GpgsvSatellite.idl
[1.947s] -- Up-to-date: /home/orangepi/Desktop/Hull_control_ststem/ros2_hull/install/nmea_msgs/share/nmea_msgs/msg/Gprmc.idl
[1.947s] -- Up-to-date: /home/orangepi/Desktop/Hull_control_ststem/ros2_hull/install/nmea_msgs/share/nmea_msgs/msg/Sentence.msg
[1.947s] -- Up-to-date: /home/orangepi/Desktop/Hull_control_ststem/ros2_hull/install/nmea_msgs/share/nmea_msgs/msg/Gpgga.msg
[1.952s] -- Up-to-date: /home/orangepi/Desktop/Hull_control_ststem/ros2_hull/install/nmea_msgs/share/nmea_msgs/msg/Gpgsa.msg
[1.952s] -- Up-to-date: /home/orangepi/Desktop/Hull_control_ststem/ros2_hull/install/nmea_msgs/share/nmea_msgs/msg/Gpgst.msg
[1.953s] -- Up-to-date: /home/orangepi/Desktop/Hull_control_ststem/ros2_hull/install/nmea_msgs/share/nmea_msgs/msg/Gpgsv.msg
[1.953s] -- Up-to-date: /home/orangepi/Desktop/Hull_control_ststem/ros2_hull/install/nmea_msgs/share/nmea_msgs/msg/GpgsvSatellite.msg
[1.953s] -- Up-to-date: /home/orangepi/Desktop/Hull_control_ststem/ros2_hull/install/nmea_msgs/share/nmea_msgs/msg/Gprmc.msg
[1.954s] -- Up-to-date: /home/orangepi/Desktop/Hull_control_ststem/ros2_hull/install/nmea_msgs/share/ament_index/resource_index/package_run_dependencies/nmea_msgs
[1.954s] -- Up-to-date: /home/orangepi/Desktop/Hull_control_ststem/ros2_hull/install/nmea_msgs/share/ament_index/resource_index/parent_prefix_path/nmea_msgs
[1.954s] -- Up-to-date: /home/orangepi/Desktop/Hull_control_ststem/ros2_hull/install/nmea_msgs/share/nmea_msgs/environment/ament_prefix_path.sh
[1.954s] -- Up-to-date: /home/orangepi/Desktop/Hull_control_ststem/ros2_hull/install/nmea_msgs/share/nmea_msgs/environment/ament_prefix_path.dsv
[1.955s] -- Up-to-date: /home/orangepi/Desktop/Hull_control_ststem/ros2_hull/install/nmea_msgs/share/nmea_msgs/environment/path.sh
[1.955s] -- Up-to-date: /home/orangepi/Desktop/Hull_control_ststem/ros2_hull/install/nmea_msgs/share/nmea_msgs/environment/path.dsv
[1.955s] -- Up-to-date: /home/orangepi/Desktop/Hull_control_ststem/ros2_hull/install/nmea_msgs/share/nmea_msgs/local_setup.bash
[1.955s] -- Up-to-date: /home/orangepi/Desktop/Hull_control_ststem/ros2_hull/install/nmea_msgs/share/nmea_msgs/local_setup.sh
[1.956s] -- Up-to-date: /home/orangepi/Desktop/Hull_control_ststem/ros2_hull/install/nmea_msgs/share/nmea_msgs/local_setup.zsh
[1.956s] -- Up-to-date: /home/orangepi/Desktop/Hull_control_ststem/ros2_hull/install/nmea_msgs/share/nmea_msgs/local_setup.dsv
[1.956s] -- Installing: /home/orangepi/Desktop/Hull_control_ststem/ros2_hull/install/nmea_msgs/share/nmea_msgs/package.dsv
[1.956s] -- Up-to-date: /home/orangepi/Desktop/Hull_control_ststem/ros2_hull/install/nmea_msgs/share/ament_index/resource_index/packages/nmea_msgs
[1.957s] -- Up-to-date: /home/orangepi/Desktop/Hull_control_ststem/ros2_hull/install/nmea_msgs/share/nmea_msgs/cmake/nmea_msgs__rosidl_generator_cExport.cmake
[1.957s] -- Up-to-date: /home/orangepi/Desktop/Hull_control_ststem/ros2_hull/install/nmea_msgs/share/nmea_msgs/cmake/nmea_msgs__rosidl_generator_cExport-noconfig.cmake
[1.957s] -- Up-to-date: /home/orangepi/Desktop/Hull_control_ststem/ros2_hull/install/nmea_msgs/share/nmea_msgs/cmake/nmea_msgs__rosidl_typesupport_introspection_cExport.cmake
[1.957s] -- Up-to-date: /home/orangepi/Desktop/Hull_control_ststem/ros2_hull/install/nmea_msgs/share/nmea_msgs/cmake/nmea_msgs__rosidl_typesupport_introspection_cExport-noconfig.cmake
[1.958s] -- Up-to-date: /home/orangepi/Desktop/Hull_control_ststem/ros2_hull/install/nmea_msgs/share/nmea_msgs/cmake/nmea_msgs__rosidl_typesupport_cExport.cmake
[1.958s] -- Up-to-date: /home/orangepi/Desktop/Hull_control_ststem/ros2_hull/install/nmea_msgs/share/nmea_msgs/cmake/nmea_msgs__rosidl_typesupport_cExport-noconfig.cmake
[1.958s] -- Up-to-date: /home/orangepi/Desktop/Hull_control_ststem/ros2_hull/install/nmea_msgs/share/nmea_msgs/cmake/nmea_msgs__rosidl_generator_cppExport.cmake
[1.959s] -- Up-to-date: /home/orangepi/Desktop/Hull_control_ststem/ros2_hull/install/nmea_msgs/share/nmea_msgs/cmake/nmea_msgs__rosidl_typesupport_introspection_cppExport.cmake
[1.961s] -- Up-to-date: /home/orangepi/Desktop/Hull_control_ststem/ros2_hull/install/nmea_msgs/share/nmea_msgs/cmake/nmea_msgs__rosidl_typesupport_introspection_cppExport-noconfig.cmake
[1.961s] -- Up-to-date: /home/orangepi/Desktop/Hull_control_ststem/ros2_hull/install/nmea_msgs/share/nmea_msgs/cmake/nmea_msgs__rosidl_typesupport_cppExport.cmake
[1.961s] -- Up-to-date: /home/orangepi/Desktop/Hull_control_ststem/ros2_hull/install/nmea_msgs/share/nmea_msgs/cmake/nmea_msgs__rosidl_typesupport_cppExport-noconfig.cmake
[1.961s] -- Up-to-date: /home/orangepi/Desktop/Hull_control_ststem/ros2_hull/install/nmea_msgs/share/nmea_msgs/cmake/rosidl_cmake-extras.cmake
[1.961s] -- Up-to-date: /home/orangepi/Desktop/Hull_control_ststem/ros2_hull/install/nmea_msgs/share/nmea_msgs/cmake/ament_cmake_export_dependencies-extras.cmake
[1.961s] -- Up-to-date: /home/orangepi/Desktop/Hull_control_ststem/ros2_hull/install/nmea_msgs/share/nmea_msgs/cmake/ament_cmake_export_libraries-extras.cmake
[1.961s] -- Up-to-date: /home/orangepi/Desktop/Hull_control_ststem/ros2_hull/install/nmea_msgs/share/nmea_msgs/cmake/ament_cmake_export_targets-extras.cmake
[1.961s] -- Up-to-date: /home/orangepi/Desktop/Hull_control_ststem/ros2_hull/install/nmea_msgs/share/nmea_msgs/cmake/ament_cmake_export_include_directories-extras.cmake
[1.961s] -- Up-to-date: /home/orangepi/Desktop/Hull_control_ststem/ros2_hull/install/nmea_msgs/share/nmea_msgs/cmake/rosidl_cmake_export_typesupport_libraries-extras.cmake
[1.961s] -- Up-to-date: /home/orangepi/Desktop/Hull_control_ststem/ros2_hull/install/nmea_msgs/share/nmea_msgs/cmake/rosidl_cmake_export_typesupport_targets-extras.cmake
[1.962s] -- Up-to-date: /home/orangepi/Desktop/Hull_control_ststem/ros2_hull/install/nmea_msgs/share/nmea_msgs/cmake/nmea_msgsConfig.cmake
[1.962s] -- Up-to-date: /home/orangepi/Desktop/Hull_control_ststem/ros2_hull/install/nmea_msgs/share/nmea_msgs/cmake/nmea_msgsConfig-version.cmake
[1.962s] -- Up-to-date: /home/orangepi/Desktop/Hull_control_ststem/ros2_hull/install/nmea_msgs/share/nmea_msgs/package.xml
[1.962s] Invoked command in '/home/orangepi/Desktop/Hull_control_ststem/ros2_hull/build/nmea_msgs' returned '0': CMAKE_PREFIX_PATH=${CMAKE_PREFIX_PATH}:/home/orangepi/Desktop/Hull_control_ststem/ros2_hull/install/wgs84_gcj_bridge:/home/orangepi/Desktop/Hull_control_ststem/ros2_hull/install/nmea_navsat_driver:/home/orangepi/Desktop/Hull_control_ststem/ros2_hull/install/gps_wgs84_to_gcj02:/opt/ros/foxy /usr/bin/cmake --install /home/orangepi/Desktop/Hull_control_ststem/ros2_hull/build/nmea_msgs
