[0.532s] DEBUG:colcon:Command line arguments: ['/usr/bin/colcon', 'build', '--paths', 'src/gps_wgs84_to_gcj02', 'src/wheeltec_gps_path', '--event-handlers', 'console_direct+']
[0.533s] DEBUG:colcon:Parsed command line arguments: Namespace(ament_cmake_args=None, base_paths=['.'], build_base='build', catkin_cmake_args=None, catkin_skip_building_tests=False, cmake_args=None, cmake_clean_cache=False, cmake_clean_first=False, cmake_force_configure=False, cmake_target=None, cmake_target_skip_unavailable=False, continue_on_error=False, event_handlers=['console_direct+'], executor='parallel', ignore_user_meta=False, install_base='install', log_base=None, log_level=None, main=<bound method BuildVerb.main of <colcon_core.verb.build.BuildVerb object at 0x7fac39e640>>, merge_install=False, metas=['./colcon.meta'], packages_above=None, packages_above_and_dependencies=None, packages_above_depth=None, packages_end=None, packages_ignore=None, packages_ignore_regex=None, packages_select=None, packages_select_build_failed=False, packages_select_by_dep=None, packages_select_regex=None, packages_select_test_failures=False, packages_skip=None, packages_skip_build_finished=False, packages_skip_by_dep=None, packages_skip_regex=None, packages_skip_test_passed=False, packages_skip_up_to=None, packages_start=None, packages_up_to=None, packages_up_to_regex=None, parallel_workers=8, paths=['/home/orangepi/Desktop/Hull_control_ststem/ros2_hull/src/gps_wgs84_to_gcj02', '/home/orangepi/Desktop/Hull_control_ststem/ros2_hull/src/wheeltec_gps_path'], symlink_install=False, test_result_base=None, verb_extension=<colcon_core.verb.build.BuildVerb object at 0x7fac39e640>, verb_name='build', verb_parser=<colcon_defaults.argument_parser.defaults.DefaultArgumentsDecorator object at 0x7fac34c100>)
[0.819s] Level 1:colcon.colcon_core.package_discovery:discover_packages(colcon_meta) check parameters
[0.820s] Level 1:colcon.colcon_core.package_discovery:discover_packages(recursive) check parameters
[0.820s] Level 1:colcon.colcon_core.package_discovery:discover_packages(ignore) check parameters
[0.820s] Level 1:colcon.colcon_core.package_discovery:discover_packages(path) check parameters
[0.820s] Level 1:colcon.colcon_core.package_discovery:discover_packages(path) discover
[0.820s] Level 1:colcon.colcon_core.package_discovery:PathPackageDiscovery.discover(['/home/orangepi/Desktop/Hull_control_ststem/ros2_hull/src/gps_wgs84_to_gcj02', '/home/orangepi/Desktop/Hull_control_ststem/ros2_hull/src/wheeltec_gps_path'])
[0.820s] Level 1:colcon.colcon_core.package_identification:_identify(/home/orangepi/Desktop/Hull_control_ststem/ros2_hull/src/gps_wgs84_to_gcj02) by extensions ['ignore', 'ignore_ament_install']
[0.821s] Level 1:colcon.colcon_core.package_identification:_identify(/home/orangepi/Desktop/Hull_control_ststem/ros2_hull/src/gps_wgs84_to_gcj02) by extension 'ignore'
[0.821s] Level 1:colcon.colcon_core.package_identification:_identify(/home/orangepi/Desktop/Hull_control_ststem/ros2_hull/src/gps_wgs84_to_gcj02) by extension 'ignore_ament_install'
[0.821s] Level 1:colcon.colcon_core.package_identification:_identify(/home/orangepi/Desktop/Hull_control_ststem/ros2_hull/src/gps_wgs84_to_gcj02) by extensions ['colcon_pkg']
[0.821s] Level 1:colcon.colcon_core.package_identification:_identify(/home/orangepi/Desktop/Hull_control_ststem/ros2_hull/src/gps_wgs84_to_gcj02) by extension 'colcon_pkg'
[0.821s] Level 1:colcon.colcon_core.package_identification:_identify(/home/orangepi/Desktop/Hull_control_ststem/ros2_hull/src/gps_wgs84_to_gcj02) by extensions ['colcon_meta']
[0.821s] Level 1:colcon.colcon_core.package_identification:_identify(/home/orangepi/Desktop/Hull_control_ststem/ros2_hull/src/gps_wgs84_to_gcj02) by extension 'colcon_meta'
[0.821s] Level 1:colcon.colcon_core.package_identification:_identify(/home/orangepi/Desktop/Hull_control_ststem/ros2_hull/src/gps_wgs84_to_gcj02) by extensions ['ros']
[0.821s] Level 1:colcon.colcon_core.package_identification:_identify(/home/orangepi/Desktop/Hull_control_ststem/ros2_hull/src/gps_wgs84_to_gcj02) by extension 'ros'
[0.874s] DEBUG:colcon.colcon_core.package_identification:Package '/home/orangepi/Desktop/Hull_control_ststem/ros2_hull/src/gps_wgs84_to_gcj02' with type 'ros.ament_python' and name 'gps_wgs84_to_gcj02'
[0.875s] Level 1:colcon.colcon_core.package_identification:_identify(/home/orangepi/Desktop/Hull_control_ststem/ros2_hull/src/wheeltec_gps_path) by extensions ['ignore', 'ignore_ament_install']
[0.875s] Level 1:colcon.colcon_core.package_identification:_identify(/home/orangepi/Desktop/Hull_control_ststem/ros2_hull/src/wheeltec_gps_path) by extension 'ignore'
[0.875s] Level 1:colcon.colcon_core.package_identification:_identify(/home/orangepi/Desktop/Hull_control_ststem/ros2_hull/src/wheeltec_gps_path) by extension 'ignore_ament_install'
[0.875s] Level 1:colcon.colcon_core.package_identification:_identify(/home/orangepi/Desktop/Hull_control_ststem/ros2_hull/src/wheeltec_gps_path) by extensions ['colcon_pkg']
[0.875s] Level 1:colcon.colcon_core.package_identification:_identify(/home/orangepi/Desktop/Hull_control_ststem/ros2_hull/src/wheeltec_gps_path) by extension 'colcon_pkg'
[0.875s] Level 1:colcon.colcon_core.package_identification:_identify(/home/orangepi/Desktop/Hull_control_ststem/ros2_hull/src/wheeltec_gps_path) by extensions ['colcon_meta']
[0.875s] Level 1:colcon.colcon_core.package_identification:_identify(/home/orangepi/Desktop/Hull_control_ststem/ros2_hull/src/wheeltec_gps_path) by extension 'colcon_meta'
[0.876s] Level 1:colcon.colcon_core.package_identification:_identify(/home/orangepi/Desktop/Hull_control_ststem/ros2_hull/src/wheeltec_gps_path) by extensions ['ros']
[0.876s] Level 1:colcon.colcon_core.package_identification:_identify(/home/orangepi/Desktop/Hull_control_ststem/ros2_hull/src/wheeltec_gps_path) by extension 'ros'
[0.883s] DEBUG:colcon.colcon_core.package_identification:Package '/home/orangepi/Desktop/Hull_control_ststem/ros2_hull/src/wheeltec_gps_path' with type 'ros.ament_cmake' and name 'wheeltec_gps_path'
[0.883s] Level 1:colcon.colcon_core.package_discovery:discover_packages(path) using defaults
[0.958s] Level 5:colcon.colcon_core.verb:set package 'gps_wgs84_to_gcj02' build argument 'cmake_args' from command line to 'None'
[0.958s] Level 5:colcon.colcon_core.verb:set package 'gps_wgs84_to_gcj02' build argument 'cmake_target' from command line to 'None'
[0.958s] Level 5:colcon.colcon_core.verb:set package 'gps_wgs84_to_gcj02' build argument 'cmake_target_skip_unavailable' from command line to 'False'
[0.958s] Level 5:colcon.colcon_core.verb:set package 'gps_wgs84_to_gcj02' build argument 'cmake_clean_cache' from command line to 'False'
[0.958s] Level 5:colcon.colcon_core.verb:set package 'gps_wgs84_to_gcj02' build argument 'cmake_clean_first' from command line to 'False'
[0.958s] Level 5:colcon.colcon_core.verb:set package 'gps_wgs84_to_gcj02' build argument 'cmake_force_configure' from command line to 'False'
[0.958s] Level 5:colcon.colcon_core.verb:set package 'gps_wgs84_to_gcj02' build argument 'ament_cmake_args' from command line to 'None'
[0.958s] Level 5:colcon.colcon_core.verb:set package 'gps_wgs84_to_gcj02' build argument 'catkin_cmake_args' from command line to 'None'
[0.958s] Level 5:colcon.colcon_core.verb:set package 'gps_wgs84_to_gcj02' build argument 'catkin_skip_building_tests' from command line to 'False'
[0.958s] DEBUG:colcon.colcon_core.verb:Building package 'gps_wgs84_to_gcj02' with the following arguments: {'ament_cmake_args': None, 'build_base': '/home/orangepi/Desktop/Hull_control_ststem/ros2_hull/build/gps_wgs84_to_gcj02', 'catkin_cmake_args': None, 'catkin_skip_building_tests': False, 'cmake_args': None, 'cmake_clean_cache': False, 'cmake_clean_first': False, 'cmake_force_configure': False, 'cmake_target': None, 'cmake_target_skip_unavailable': False, 'install_base': '/home/orangepi/Desktop/Hull_control_ststem/ros2_hull/install/gps_wgs84_to_gcj02', 'merge_install': False, 'path': '/home/orangepi/Desktop/Hull_control_ststem/ros2_hull/src/gps_wgs84_to_gcj02', 'symlink_install': False, 'test_result_base': None}
[0.959s] Level 5:colcon.colcon_core.verb:set package 'wheeltec_gps_path' build argument 'cmake_args' from command line to 'None'
[0.959s] Level 5:colcon.colcon_core.verb:set package 'wheeltec_gps_path' build argument 'cmake_target' from command line to 'None'
[0.959s] Level 5:colcon.colcon_core.verb:set package 'wheeltec_gps_path' build argument 'cmake_target_skip_unavailable' from command line to 'False'
[0.959s] Level 5:colcon.colcon_core.verb:set package 'wheeltec_gps_path' build argument 'cmake_clean_cache' from command line to 'False'
[0.959s] Level 5:colcon.colcon_core.verb:set package 'wheeltec_gps_path' build argument 'cmake_clean_first' from command line to 'False'
[0.959s] Level 5:colcon.colcon_core.verb:set package 'wheeltec_gps_path' build argument 'cmake_force_configure' from command line to 'False'
[0.959s] Level 5:colcon.colcon_core.verb:set package 'wheeltec_gps_path' build argument 'ament_cmake_args' from command line to 'None'
[0.959s] Level 5:colcon.colcon_core.verb:set package 'wheeltec_gps_path' build argument 'catkin_cmake_args' from command line to 'None'
[0.959s] Level 5:colcon.colcon_core.verb:set package 'wheeltec_gps_path' build argument 'catkin_skip_building_tests' from command line to 'False'
[0.959s] DEBUG:colcon.colcon_core.verb:Building package 'wheeltec_gps_path' with the following arguments: {'ament_cmake_args': None, 'build_base': '/home/orangepi/Desktop/Hull_control_ststem/ros2_hull/build/wheeltec_gps_path', 'catkin_cmake_args': None, 'catkin_skip_building_tests': False, 'cmake_args': None, 'cmake_clean_cache': False, 'cmake_clean_first': False, 'cmake_force_configure': False, 'cmake_target': None, 'cmake_target_skip_unavailable': False, 'install_base': '/home/orangepi/Desktop/Hull_control_ststem/ros2_hull/install/wheeltec_gps_path', 'merge_install': False, 'path': '/home/orangepi/Desktop/Hull_control_ststem/ros2_hull/src/wheeltec_gps_path', 'symlink_install': False, 'test_result_base': None}
[0.959s] INFO:colcon.colcon_core.executor:Executing jobs using 'parallel' executor
[0.962s] DEBUG:colcon.colcon_parallel_executor.executor.parallel:run_until_complete
[0.964s] INFO:colcon.colcon_ros.task.ament_python.build:Building ROS package in '/home/orangepi/Desktop/Hull_control_ststem/ros2_hull/src/gps_wgs84_to_gcj02' with build type 'ament_python'
[0.965s] Level 1:colcon.colcon_core.shell:create_environment_hook('gps_wgs84_to_gcj02', 'ament_prefix_path')
[0.981s] INFO:colcon.colcon_core.plugin_system:Skipping extension 'colcon_core.shell.bat': Not used on non-Windows systems
[0.981s] INFO:colcon.colcon_core.shell:Creating environment hook '/home/orangepi/Desktop/Hull_control_ststem/ros2_hull/install/gps_wgs84_to_gcj02/share/gps_wgs84_to_gcj02/hook/ament_prefix_path.ps1'
[0.988s] INFO:colcon.colcon_core.shell:Creating environment descriptor '/home/orangepi/Desktop/Hull_control_ststem/ros2_hull/install/gps_wgs84_to_gcj02/share/gps_wgs84_to_gcj02/hook/ament_prefix_path.dsv'
[0.989s] INFO:colcon.colcon_core.shell:Creating environment hook '/home/orangepi/Desktop/Hull_control_ststem/ros2_hull/install/gps_wgs84_to_gcj02/share/gps_wgs84_to_gcj02/hook/ament_prefix_path.sh'
[0.991s] INFO:colcon.colcon_core.shell:Skip shell extension 'powershell' for command environment: Not usable outside of PowerShell
[0.991s] DEBUG:colcon.colcon_core.shell:Skip shell extension 'dsv' for command environment
[1.375s] INFO:colcon.colcon_core.task.python.build:Building Python package in '/home/orangepi/Desktop/Hull_control_ststem/ros2_hull/src/gps_wgs84_to_gcj02'
[1.376s] INFO:colcon.colcon_core.shell:Skip shell extension 'powershell' for command environment: Not usable outside of PowerShell
[1.376s] DEBUG:colcon.colcon_core.shell:Skip shell extension 'dsv' for command environment
[2.378s] DEBUG:colcon.colcon_core.event_handler.log_command:Invoking command in '/home/orangepi/Desktop/Hull_control_ststem/ros2_hull/src/gps_wgs84_to_gcj02': PYTHONPATH=/home/orangepi/Desktop/Hull_control_ststem/ros2_hull/build/gps_wgs84_to_gcj02/prefix_override:/usr/lib/python3/dist-packages/colcon_core/task/python/colcon_distutils_commands:/home/orangepi/Desktop/Hull_control_ststem/ros2_hull/install/gps_wgs84_to_gcj02/lib/python3.8/site-packages:${PYTHONPATH} /usr/bin/python3 -W ignore:setup.py install is deprecated -W ignore:easy_install command is deprecated setup.py egg_info --egg-base ../../build/gps_wgs84_to_gcj02 build --build-base /home/orangepi/Desktop/Hull_control_ststem/ros2_hull/build/gps_wgs84_to_gcj02/build install --record /home/orangepi/Desktop/Hull_control_ststem/ros2_hull/build/gps_wgs84_to_gcj02/install.log --single-version-externally-managed install_data
[2.886s] DEBUG:colcon.colcon_core.event_handler.log_command:Invoked command in '/home/orangepi/Desktop/Hull_control_ststem/ros2_hull/src/gps_wgs84_to_gcj02' returned '0': PYTHONPATH=/home/orangepi/Desktop/Hull_control_ststem/ros2_hull/build/gps_wgs84_to_gcj02/prefix_override:/usr/lib/python3/dist-packages/colcon_core/task/python/colcon_distutils_commands:/home/orangepi/Desktop/Hull_control_ststem/ros2_hull/install/gps_wgs84_to_gcj02/lib/python3.8/site-packages:${PYTHONPATH} /usr/bin/python3 -W ignore:setup.py install is deprecated -W ignore:easy_install command is deprecated setup.py egg_info --egg-base ../../build/gps_wgs84_to_gcj02 build --build-base /home/orangepi/Desktop/Hull_control_ststem/ros2_hull/build/gps_wgs84_to_gcj02/build install --record /home/orangepi/Desktop/Hull_control_ststem/ros2_hull/build/gps_wgs84_to_gcj02/install.log --single-version-externally-managed install_data
[2.903s] Level 1:colcon.colcon_core.environment:checking '/home/orangepi/Desktop/Hull_control_ststem/ros2_hull/install/gps_wgs84_to_gcj02' for CMake module files
[2.904s] Level 1:colcon.colcon_core.environment:checking '/home/orangepi/Desktop/Hull_control_ststem/ros2_hull/install/gps_wgs84_to_gcj02' for CMake config files
[2.907s] Level 1:colcon.colcon_core.environment:checking '/home/orangepi/Desktop/Hull_control_ststem/ros2_hull/install/gps_wgs84_to_gcj02/lib'
[2.908s] Level 1:colcon.colcon_core.environment:checking '/home/orangepi/Desktop/Hull_control_ststem/ros2_hull/install/gps_wgs84_to_gcj02/bin'
[2.909s] Level 1:colcon.colcon_core.environment:checking '/home/orangepi/Desktop/Hull_control_ststem/ros2_hull/install/gps_wgs84_to_gcj02/lib/pkgconfig/gps_wgs84_to_gcj02.pc'
[2.909s] Level 1:colcon.colcon_core.environment:checking '/home/orangepi/Desktop/Hull_control_ststem/ros2_hull/install/gps_wgs84_to_gcj02/lib/python3.8/site-packages'
[2.909s] Level 1:colcon.colcon_core.shell:create_environment_hook('gps_wgs84_to_gcj02', 'pythonpath')
[2.910s] INFO:colcon.colcon_core.shell:Creating environment hook '/home/orangepi/Desktop/Hull_control_ststem/ros2_hull/install/gps_wgs84_to_gcj02/share/gps_wgs84_to_gcj02/hook/pythonpath.ps1'
[2.911s] INFO:colcon.colcon_core.shell:Creating environment descriptor '/home/orangepi/Desktop/Hull_control_ststem/ros2_hull/install/gps_wgs84_to_gcj02/share/gps_wgs84_to_gcj02/hook/pythonpath.dsv'
[2.912s] INFO:colcon.colcon_core.shell:Creating environment hook '/home/orangepi/Desktop/Hull_control_ststem/ros2_hull/install/gps_wgs84_to_gcj02/share/gps_wgs84_to_gcj02/hook/pythonpath.sh'
[2.913s] Level 1:colcon.colcon_core.environment:checking '/home/orangepi/Desktop/Hull_control_ststem/ros2_hull/install/gps_wgs84_to_gcj02/bin'
[2.913s] Level 1:colcon.colcon_core.environment:create_environment_scripts_only(gps_wgs84_to_gcj02)
[2.914s] INFO:colcon.colcon_core.shell:Creating package script '/home/orangepi/Desktop/Hull_control_ststem/ros2_hull/install/gps_wgs84_to_gcj02/share/gps_wgs84_to_gcj02/package.ps1'
[2.917s] INFO:colcon.colcon_core.shell:Creating package descriptor '/home/orangepi/Desktop/Hull_control_ststem/ros2_hull/install/gps_wgs84_to_gcj02/share/gps_wgs84_to_gcj02/package.dsv'
[2.918s] INFO:colcon.colcon_core.shell:Creating package script '/home/orangepi/Desktop/Hull_control_ststem/ros2_hull/install/gps_wgs84_to_gcj02/share/gps_wgs84_to_gcj02/package.sh'
[2.920s] INFO:colcon.colcon_core.shell:Creating package script '/home/orangepi/Desktop/Hull_control_ststem/ros2_hull/install/gps_wgs84_to_gcj02/share/gps_wgs84_to_gcj02/package.bash'
[2.925s] INFO:colcon.colcon_core.shell:Creating package script '/home/orangepi/Desktop/Hull_control_ststem/ros2_hull/install/gps_wgs84_to_gcj02/share/gps_wgs84_to_gcj02/package.zsh'
[2.928s] Level 1:colcon.colcon_core.environment:create_file_with_runtime_dependencies(/home/orangepi/Desktop/Hull_control_ststem/ros2_hull/install/gps_wgs84_to_gcj02/share/colcon-core/packages/gps_wgs84_to_gcj02)
[2.933s] INFO:colcon.colcon_ros.task.ament_cmake.build:Building ROS package in '/home/orangepi/Desktop/Hull_control_ststem/ros2_hull/src/wheeltec_gps_path' with build type 'ament_cmake'
[2.933s] INFO:colcon.colcon_cmake.task.cmake.build:Building CMake package in '/home/orangepi/Desktop/Hull_control_ststem/ros2_hull/src/wheeltec_gps_path'
[2.934s] INFO:colcon.colcon_core.shell:Skip shell extension 'powershell' for command environment: Not usable outside of PowerShell
[2.934s] DEBUG:colcon.colcon_core.shell:Skip shell extension 'dsv' for command environment
[2.960s] DEBUG:colcon.colcon_core.event_handler.log_command:Invoking command in '/home/orangepi/Desktop/Hull_control_ststem/ros2_hull/build/wheeltec_gps_path': AMENT_PREFIX_PATH=/home/orangepi/Desktop/Hull_control_ststem/ros2_hull/install/gps_wgs84_to_gcj02:${AMENT_PREFIX_PATH} CMAKE_PREFIX_PATH=/opt/ros/foxy PYTHONPATH=/home/orangepi/Desktop/Hull_control_ststem/ros2_hull/install/gps_wgs84_to_gcj02/lib/python3.8/site-packages:${PYTHONPATH} /usr/bin/cmake --build /home/orangepi/Desktop/Hull_control_ststem/ros2_hull/build/wheeltec_gps_path -- -j8 -l8
[17.786s] DEBUG:colcon.colcon_core.event_handler.log_command:Invoked command in '/home/orangepi/Desktop/Hull_control_ststem/ros2_hull/build/wheeltec_gps_path' returned '0': AMENT_PREFIX_PATH=/home/orangepi/Desktop/Hull_control_ststem/ros2_hull/install/gps_wgs84_to_gcj02:${AMENT_PREFIX_PATH} CMAKE_PREFIX_PATH=/opt/ros/foxy PYTHONPATH=/home/orangepi/Desktop/Hull_control_ststem/ros2_hull/install/gps_wgs84_to_gcj02/lib/python3.8/site-packages:${PYTHONPATH} /usr/bin/cmake --build /home/orangepi/Desktop/Hull_control_ststem/ros2_hull/build/wheeltec_gps_path -- -j8 -l8
[17.827s] DEBUG:colcon.colcon_core.event_handler.log_command:Invoking command in '/home/orangepi/Desktop/Hull_control_ststem/ros2_hull/build/wheeltec_gps_path': AMENT_PREFIX_PATH=/home/orangepi/Desktop/Hull_control_ststem/ros2_hull/install/gps_wgs84_to_gcj02:${AMENT_PREFIX_PATH} CMAKE_PREFIX_PATH=/opt/ros/foxy PYTHONPATH=/home/orangepi/Desktop/Hull_control_ststem/ros2_hull/install/gps_wgs84_to_gcj02/lib/python3.8/site-packages:${PYTHONPATH} /usr/bin/cmake --install /home/orangepi/Desktop/Hull_control_ststem/ros2_hull/build/wheeltec_gps_path
[17.876s] Level 1:colcon.colcon_core.environment:create_environment_scripts_only(wheeltec_gps_path)
[17.876s] Level 1:colcon.colcon_core.environment:checking '/home/orangepi/Desktop/Hull_control_ststem/ros2_hull/install/wheeltec_gps_path' for CMake module files
[17.879s] DEBUG:colcon.colcon_core.event_handler.log_command:Invoked command in '/home/orangepi/Desktop/Hull_control_ststem/ros2_hull/build/wheeltec_gps_path' returned '0': AMENT_PREFIX_PATH=/home/orangepi/Desktop/Hull_control_ststem/ros2_hull/install/gps_wgs84_to_gcj02:${AMENT_PREFIX_PATH} CMAKE_PREFIX_PATH=/opt/ros/foxy PYTHONPATH=/home/orangepi/Desktop/Hull_control_ststem/ros2_hull/install/gps_wgs84_to_gcj02/lib/python3.8/site-packages:${PYTHONPATH} /usr/bin/cmake --install /home/orangepi/Desktop/Hull_control_ststem/ros2_hull/build/wheeltec_gps_path
[17.879s] Level 1:colcon.colcon_core.environment:checking '/home/orangepi/Desktop/Hull_control_ststem/ros2_hull/install/wheeltec_gps_path' for CMake config files
[17.879s] Level 1:colcon.colcon_core.shell:create_environment_hook('wheeltec_gps_path', 'cmake_prefix_path')
[17.880s] INFO:colcon.colcon_core.shell:Creating environment hook '/home/orangepi/Desktop/Hull_control_ststem/ros2_hull/install/wheeltec_gps_path/share/wheeltec_gps_path/hook/cmake_prefix_path.ps1'
[17.881s] INFO:colcon.colcon_core.shell:Creating environment descriptor '/home/orangepi/Desktop/Hull_control_ststem/ros2_hull/install/wheeltec_gps_path/share/wheeltec_gps_path/hook/cmake_prefix_path.dsv'
[17.882s] INFO:colcon.colcon_core.shell:Creating environment hook '/home/orangepi/Desktop/Hull_control_ststem/ros2_hull/install/wheeltec_gps_path/share/wheeltec_gps_path/hook/cmake_prefix_path.sh'
[17.884s] Level 1:colcon.colcon_core.environment:checking '/home/orangepi/Desktop/Hull_control_ststem/ros2_hull/install/wheeltec_gps_path/lib'
[17.884s] Level 1:colcon.colcon_core.environment:checking '/home/orangepi/Desktop/Hull_control_ststem/ros2_hull/install/wheeltec_gps_path/bin'
[17.884s] Level 1:colcon.colcon_core.environment:checking '/home/orangepi/Desktop/Hull_control_ststem/ros2_hull/install/wheeltec_gps_path/lib/pkgconfig/wheeltec_gps_path.pc'
[17.885s] Level 1:colcon.colcon_core.environment:checking '/home/orangepi/Desktop/Hull_control_ststem/ros2_hull/install/wheeltec_gps_path/lib/python3.8/site-packages'
[17.885s] Level 1:colcon.colcon_core.environment:checking '/home/orangepi/Desktop/Hull_control_ststem/ros2_hull/install/wheeltec_gps_path/bin'
[17.886s] INFO:colcon.colcon_core.shell:Creating package script '/home/orangepi/Desktop/Hull_control_ststem/ros2_hull/install/wheeltec_gps_path/share/wheeltec_gps_path/package.ps1'
[17.886s] INFO:colcon.colcon_core.shell:Creating package descriptor '/home/orangepi/Desktop/Hull_control_ststem/ros2_hull/install/wheeltec_gps_path/share/wheeltec_gps_path/package.dsv'
[17.893s] INFO:colcon.colcon_core.shell:Creating package script '/home/orangepi/Desktop/Hull_control_ststem/ros2_hull/install/wheeltec_gps_path/share/wheeltec_gps_path/package.sh'
[17.894s] INFO:colcon.colcon_core.shell:Creating package script '/home/orangepi/Desktop/Hull_control_ststem/ros2_hull/install/wheeltec_gps_path/share/wheeltec_gps_path/package.bash'
[17.896s] INFO:colcon.colcon_core.shell:Creating package script '/home/orangepi/Desktop/Hull_control_ststem/ros2_hull/install/wheeltec_gps_path/share/wheeltec_gps_path/package.zsh'
[17.899s] Level 1:colcon.colcon_core.environment:create_file_with_runtime_dependencies(/home/orangepi/Desktop/Hull_control_ststem/ros2_hull/install/wheeltec_gps_path/share/colcon-core/packages/wheeltec_gps_path)
[17.905s] Level 1:colcon.colcon_core.environment:create_environment_scripts_only(wheeltec_gps_path)
[17.907s] Level 1:colcon.colcon_core.environment:checking '/home/orangepi/Desktop/Hull_control_ststem/ros2_hull/install/wheeltec_gps_path' for CMake module files
[17.909s] Level 1:colcon.colcon_core.environment:checking '/home/orangepi/Desktop/Hull_control_ststem/ros2_hull/install/wheeltec_gps_path' for CMake config files
[17.911s] Level 1:colcon.colcon_core.shell:create_environment_hook('wheeltec_gps_path', 'cmake_prefix_path')
[17.912s] INFO:colcon.colcon_core.shell:Creating environment hook '/home/orangepi/Desktop/Hull_control_ststem/ros2_hull/install/wheeltec_gps_path/share/wheeltec_gps_path/hook/cmake_prefix_path.ps1'
[17.916s] INFO:colcon.colcon_core.shell:Creating environment descriptor '/home/orangepi/Desktop/Hull_control_ststem/ros2_hull/install/wheeltec_gps_path/share/wheeltec_gps_path/hook/cmake_prefix_path.dsv'
[17.918s] INFO:colcon.colcon_core.shell:Creating environment hook '/home/orangepi/Desktop/Hull_control_ststem/ros2_hull/install/wheeltec_gps_path/share/wheeltec_gps_path/hook/cmake_prefix_path.sh'
[17.925s] Level 1:colcon.colcon_core.environment:checking '/home/orangepi/Desktop/Hull_control_ststem/ros2_hull/install/wheeltec_gps_path/lib'
[17.925s] Level 1:colcon.colcon_core.environment:checking '/home/orangepi/Desktop/Hull_control_ststem/ros2_hull/install/wheeltec_gps_path/bin'
[17.926s] Level 1:colcon.colcon_core.environment:checking '/home/orangepi/Desktop/Hull_control_ststem/ros2_hull/install/wheeltec_gps_path/lib/pkgconfig/wheeltec_gps_path.pc'
[17.927s] Level 1:colcon.colcon_core.environment:checking '/home/orangepi/Desktop/Hull_control_ststem/ros2_hull/install/wheeltec_gps_path/lib/python3.8/site-packages'
[17.928s] Level 1:colcon.colcon_core.environment:checking '/home/orangepi/Desktop/Hull_control_ststem/ros2_hull/install/wheeltec_gps_path/bin'
[17.929s] INFO:colcon.colcon_core.shell:Creating package script '/home/orangepi/Desktop/Hull_control_ststem/ros2_hull/install/wheeltec_gps_path/share/wheeltec_gps_path/package.ps1'
[17.931s] INFO:colcon.colcon_core.shell:Creating package descriptor '/home/orangepi/Desktop/Hull_control_ststem/ros2_hull/install/wheeltec_gps_path/share/wheeltec_gps_path/package.dsv'
[17.933s] INFO:colcon.colcon_core.shell:Creating package script '/home/orangepi/Desktop/Hull_control_ststem/ros2_hull/install/wheeltec_gps_path/share/wheeltec_gps_path/package.sh'
[17.935s] INFO:colcon.colcon_core.shell:Creating package script '/home/orangepi/Desktop/Hull_control_ststem/ros2_hull/install/wheeltec_gps_path/share/wheeltec_gps_path/package.bash'
[17.940s] INFO:colcon.colcon_core.shell:Creating package script '/home/orangepi/Desktop/Hull_control_ststem/ros2_hull/install/wheeltec_gps_path/share/wheeltec_gps_path/package.zsh'
[17.948s] Level 1:colcon.colcon_core.environment:create_file_with_runtime_dependencies(/home/orangepi/Desktop/Hull_control_ststem/ros2_hull/install/wheeltec_gps_path/share/colcon-core/packages/wheeltec_gps_path)
[17.952s] DEBUG:colcon.colcon_parallel_executor.executor.parallel:closing loop
[17.953s] DEBUG:colcon.colcon_parallel_executor.executor.parallel:loop closed
[17.953s] DEBUG:colcon.colcon_parallel_executor.executor.parallel:run_until_complete finished with '0'
[17.953s] DEBUG:colcon.colcon_core.event_reactor:joining thread
[17.955s] DEBUG:colcon.colcon_core.event_reactor:joined thread
[17.956s] INFO:colcon.colcon_core.shell:Creating prefix script '/home/orangepi/Desktop/Hull_control_ststem/ros2_hull/install/local_setup.ps1'
[17.964s] INFO:colcon.colcon_core.shell:Creating prefix util module '/home/orangepi/Desktop/Hull_control_ststem/ros2_hull/install/_local_setup_util_ps1.py'
[17.977s] INFO:colcon.colcon_core.shell:Creating prefix chain script '/home/orangepi/Desktop/Hull_control_ststem/ros2_hull/install/setup.ps1'
[17.984s] INFO:colcon.colcon_core.shell:Creating prefix script '/home/orangepi/Desktop/Hull_control_ststem/ros2_hull/install/local_setup.sh'
[17.992s] INFO:colcon.colcon_core.shell:Creating prefix util module '/home/orangepi/Desktop/Hull_control_ststem/ros2_hull/install/_local_setup_util_sh.py'
[17.994s] INFO:colcon.colcon_core.shell:Creating prefix chain script '/home/orangepi/Desktop/Hull_control_ststem/ros2_hull/install/setup.sh'
[17.999s] INFO:colcon.colcon_core.shell:Creating prefix script '/home/orangepi/Desktop/Hull_control_ststem/ros2_hull/install/local_setup.bash'
[18.005s] INFO:colcon.colcon_core.shell:Creating prefix chain script '/home/orangepi/Desktop/Hull_control_ststem/ros2_hull/install/setup.bash'
[18.014s] INFO:colcon.colcon_core.shell:Creating prefix script '/home/orangepi/Desktop/Hull_control_ststem/ros2_hull/install/local_setup.zsh'
[18.020s] INFO:colcon.colcon_core.shell:Creating prefix chain script '/home/orangepi/Desktop/Hull_control_ststem/ros2_hull/install/setup.zsh'
