[1.894s] Invoking command in '/home/orangepi/Desktop/Hull_control_ststem/ros2_hull/src/gps_wgs84_to_gcj02': PYTHONPATH=/home/orangepi/Desktop/Hull_control_ststem/ros2_hull/build/gps_wgs84_to_gcj02/prefix_override:/usr/lib/python3/dist-packages/colcon_core/task/python/colcon_distutils_commands:/home/orangepi/Desktop/Hull_control_ststem/ros2_hull/install/gps_wgs84_to_gcj02/lib/python3.8/site-packages:${PYTHONPATH} /usr/bin/python3 -W ignore:setup.py install is deprecated -W ignore:easy_install command is deprecated setup.py egg_info --egg-base ../../build/gps_wgs84_to_gcj02 build --build-base /home/orangepi/Desktop/Hull_control_ststem/ros2_hull/build/gps_wgs84_to_gcj02/build install --record /home/orangepi/Desktop/Hull_control_ststem/ros2_hull/build/gps_wgs84_to_gcj02/install.log --single-version-externally-managed install_data
[2.195s] running egg_info
[2.196s] writing ../../build/gps_wgs84_to_gcj02/gps_wgs84_to_gcj02.egg-info/PKG-INFO
[2.197s] writing dependency_links to ../../build/gps_wgs84_to_gcj02/gps_wgs84_to_gcj02.egg-info/dependency_links.txt
[2.206s] writing entry points to ../../build/gps_wgs84_to_gcj02/gps_wgs84_to_gcj02.egg-info/entry_points.txt
[2.207s] writing requirements to ../../build/gps_wgs84_to_gcj02/gps_wgs84_to_gcj02.egg-info/requires.txt
[2.209s] writing top-level names to ../../build/gps_wgs84_to_gcj02/gps_wgs84_to_gcj02.egg-info/top_level.txt
[2.278s] reading manifest file '../../build/gps_wgs84_to_gcj02/gps_wgs84_to_gcj02.egg-info/SOURCES.txt'
[2.279s] writing manifest file '../../build/gps_wgs84_to_gcj02/gps_wgs84_to_gcj02.egg-info/SOURCES.txt'
[2.290s] running build
[2.291s] running build_py
[2.291s] copying gps_wgs84_to_gcj02/fix_converter.py -> /home/orangepi/Desktop/Hull_control_ststem/ros2_hull/build/gps_wgs84_to_gcj02/build/lib/gps_wgs84_to_gcj02
[2.291s] copying gps_wgs84_to_gcj02/gcj02.py -> /home/orangepi/Desktop/Hull_control_ststem/ros2_hull/build/gps_wgs84_to_gcj02/build/lib/gps_wgs84_to_gcj02
[2.291s] copying gps_wgs84_to_gcj02/__init__.py -> /home/orangepi/Desktop/Hull_control_ststem/ros2_hull/build/gps_wgs84_to_gcj02/build/lib/gps_wgs84_to_gcj02
[2.291s] running install
[2.294s] running install_lib
[2.296s] copying /home/orangepi/Desktop/Hull_control_ststem/ros2_hull/build/gps_wgs84_to_gcj02/build/lib/gps_wgs84_to_gcj02/fix_converter.py -> /home/orangepi/Desktop/Hull_control_ststem/ros2_hull/install/gps_wgs84_to_gcj02/lib/python3.8/site-packages/gps_wgs84_to_gcj02
[2.296s] copying /home/orangepi/Desktop/Hull_control_ststem/ros2_hull/build/gps_wgs84_to_gcj02/build/lib/gps_wgs84_to_gcj02/gcj02.py -> /home/orangepi/Desktop/Hull_control_ststem/ros2_hull/install/gps_wgs84_to_gcj02/lib/python3.8/site-packages/gps_wgs84_to_gcj02
[2.298s] copying /home/orangepi/Desktop/Hull_control_ststem/ros2_hull/build/gps_wgs84_to_gcj02/build/lib/gps_wgs84_to_gcj02/__init__.py -> /home/orangepi/Desktop/Hull_control_ststem/ros2_hull/install/gps_wgs84_to_gcj02/lib/python3.8/site-packages/gps_wgs84_to_gcj02
[2.305s] byte-compiling /home/orangepi/Desktop/Hull_control_ststem/ros2_hull/install/gps_wgs84_to_gcj02/lib/python3.8/site-packages/gps_wgs84_to_gcj02/fix_converter.py to fix_converter.cpython-38.pyc
[2.307s] byte-compiling /home/orangepi/Desktop/Hull_control_ststem/ros2_hull/install/gps_wgs84_to_gcj02/lib/python3.8/site-packages/gps_wgs84_to_gcj02/gcj02.py to gcj02.cpython-38.pyc
[2.308s] byte-compiling /home/orangepi/Desktop/Hull_control_ststem/ros2_hull/install/gps_wgs84_to_gcj02/lib/python3.8/site-packages/gps_wgs84_to_gcj02/__init__.py to __init__.cpython-38.pyc
[2.308s] running install_data
[2.309s] copying resource/gps_wgs84_to_gcj02 -> /home/orangepi/Desktop/Hull_control_ststem/ros2_hull/install/gps_wgs84_to_gcj02/share/ament_index/resource_index/packages
[2.310s] copying package.xml -> /home/orangepi/Desktop/Hull_control_ststem/ros2_hull/install/gps_wgs84_to_gcj02/share/gps_wgs84_to_gcj02
[2.312s] running install_egg_info
[2.312s] removing '/home/orangepi/Desktop/Hull_control_ststem/ros2_hull/install/gps_wgs84_to_gcj02/lib/python3.8/site-packages/gps_wgs84_to_gcj02-0.1.0-py3.8.egg-info' (and everything under it)
[2.313s] Copying ../../build/gps_wgs84_to_gcj02/gps_wgs84_to_gcj02.egg-info to /home/orangepi/Desktop/Hull_control_ststem/ros2_hull/install/gps_wgs84_to_gcj02/lib/python3.8/site-packages/gps_wgs84_to_gcj02-0.1.0-py3.8.egg-info
[2.313s] running install_scripts
[2.349s] Installing wgs84_gcj02_converter script to /home/orangepi/Desktop/Hull_control_ststem/ros2_hull/install/gps_wgs84_to_gcj02/lib/gps_wgs84_to_gcj02
[2.350s] writing list of installed files to '/home/orangepi/Desktop/Hull_control_ststem/ros2_hull/build/gps_wgs84_to_gcj02/install.log'
[2.432s] Invoked command in '/home/orangepi/Desktop/Hull_control_ststem/ros2_hull/src/gps_wgs84_to_gcj02' returned '0': PYTHONPATH=/home/orangepi/Desktop/Hull_control_ststem/ros2_hull/build/gps_wgs84_to_gcj02/prefix_override:/usr/lib/python3/dist-packages/colcon_core/task/python/colcon_distutils_commands:/home/orangepi/Desktop/Hull_control_ststem/ros2_hull/install/gps_wgs84_to_gcj02/lib/python3.8/site-packages:${PYTHONPATH} /usr/bin/python3 -W ignore:setup.py install is deprecated -W ignore:easy_install command is deprecated setup.py egg_info --egg-base ../../build/gps_wgs84_to_gcj02 build --build-base /home/orangepi/Desktop/Hull_control_ststem/ros2_hull/build/gps_wgs84_to_gcj02/build install --record /home/orangepi/Desktop/Hull_control_ststem/ros2_hull/build/gps_wgs84_to_gcj02/install.log --single-version-externally-managed install_data
