[0.234s] DEBUG:colcon:Command line arguments: ['/usr/bin/colcon', 'build', '--paths', 'src']
[0.234s] DEBUG:colcon:Parsed command line arguments: Namespace(ament_cmake_args=None, base_paths=['.'], build_base='build', catkin_cmake_args=None, catkin_skip_building_tests=False, cmake_args=None, cmake_clean_cache=False, cmake_clean_first=False, cmake_force_configure=False, cmake_target=None, cmake_target_skip_unavailable=False, continue_on_error=False, event_handlers=None, executor='parallel', ignore_user_meta=False, install_base='install', log_base=None, log_level=None, main=<bound method BuildVerb.main of <colcon_core.verb.build.BuildVerb object at 0x7fa873ad00>>, merge_install=False, metas=['./colcon.meta'], packages_above=None, packages_above_and_dependencies=None, packages_above_depth=None, packages_end=None, packages_ignore=None, packages_ignore_regex=None, packages_select=None, packages_select_build_failed=False, packages_select_by_dep=None, packages_select_regex=None, packages_select_test_failures=False, packages_skip=None, packages_skip_build_finished=False, packages_skip_by_dep=None, packages_skip_regex=None, packages_skip_test_passed=False, packages_skip_up_to=None, packages_start=None, packages_up_to=None, packages_up_to_regex=None, parallel_workers=8, paths=['/home/orangepi/Desktop/Hull_control_ststem/ros2_hull/src'], symlink_install=False, test_result_base=None, verb_extension=<colcon_core.verb.build.BuildVerb object at 0x7fa873ad00>, verb_name='build', verb_parser=<colcon_defaults.argument_parser.defaults.DefaultArgumentsDecorator object at 0x7fa87687c0>)
[0.404s] Level 1:colcon.colcon_core.package_discovery:discover_packages(colcon_meta) check parameters
[0.405s] Level 1:colcon.colcon_core.package_discovery:discover_packages(recursive) check parameters
[0.405s] Level 1:colcon.colcon_core.package_discovery:discover_packages(ignore) check parameters
[0.405s] Level 1:colcon.colcon_core.package_discovery:discover_packages(path) check parameters
[0.405s] Level 1:colcon.colcon_core.package_discovery:discover_packages(path) discover
[0.405s] Level 1:colcon.colcon_core.package_discovery:PathPackageDiscovery.discover(['/home/orangepi/Desktop/Hull_control_ststem/ros2_hull/src'])
[0.405s] Level 1:colcon.colcon_core.package_identification:_identify(/home/orangepi/Desktop/Hull_control_ststem/ros2_hull/src) by extensions ['ignore', 'ignore_ament_install']
[0.405s] Level 1:colcon.colcon_core.package_identification:_identify(/home/orangepi/Desktop/Hull_control_ststem/ros2_hull/src) by extension 'ignore'
[0.405s] Level 1:colcon.colcon_core.package_identification:_identify(/home/orangepi/Desktop/Hull_control_ststem/ros2_hull/src) by extension 'ignore_ament_install'
[0.406s] Level 1:colcon.colcon_core.package_identification:_identify(/home/orangepi/Desktop/Hull_control_ststem/ros2_hull/src) by extensions ['colcon_pkg']
[0.406s] Level 1:colcon.colcon_core.package_identification:_identify(/home/orangepi/Desktop/Hull_control_ststem/ros2_hull/src) by extension 'colcon_pkg'
[0.406s] Level 1:colcon.colcon_core.package_identification:_identify(/home/orangepi/Desktop/Hull_control_ststem/ros2_hull/src) by extensions ['colcon_meta']
[0.406s] Level 1:colcon.colcon_core.package_identification:_identify(/home/orangepi/Desktop/Hull_control_ststem/ros2_hull/src) by extension 'colcon_meta'
[0.406s] Level 1:colcon.colcon_core.package_identification:_identify(/home/orangepi/Desktop/Hull_control_ststem/ros2_hull/src) by extensions ['ros']
[0.406s] Level 1:colcon.colcon_core.package_identification:_identify(/home/orangepi/Desktop/Hull_control_ststem/ros2_hull/src) by extension 'ros'
[0.421s] Level 1:colcon.colcon_core.package_identification:_identify(/home/orangepi/Desktop/Hull_control_ststem/ros2_hull/src) by extensions ['cmake', 'python']
[0.422s] Level 1:colcon.colcon_core.package_identification:_identify(/home/orangepi/Desktop/Hull_control_ststem/ros2_hull/src) by extension 'cmake'
[0.422s] Level 1:colcon.colcon_core.package_identification:_identify(/home/orangepi/Desktop/Hull_control_ststem/ros2_hull/src) by extension 'python'
[0.422s] Level 1:colcon.colcon_core.package_identification:_identify(/home/orangepi/Desktop/Hull_control_ststem/ros2_hull/src) by extensions ['python_setup_py']
[0.422s] Level 1:colcon.colcon_core.package_identification:_identify(/home/orangepi/Desktop/Hull_control_ststem/ros2_hull/src) by extension 'python_setup_py'
[0.422s] Level 1:colcon.colcon_core.package_discovery:discover_packages(path) using defaults
[0.447s] INFO:colcon.colcon_core.executor:Executing jobs using 'parallel' executor
[0.449s] DEBUG:colcon.colcon_parallel_executor.executor.parallel:run_until_complete
[0.450s] DEBUG:colcon.colcon_parallel_executor.executor.parallel:closing loop
[0.450s] DEBUG:colcon.colcon_parallel_executor.executor.parallel:loop closed
[0.450s] DEBUG:colcon.colcon_parallel_executor.executor.parallel:run_until_complete finished with '0'
[0.450s] DEBUG:colcon.colcon_core.event_reactor:joining thread
[0.451s] DEBUG:colcon.colcon_core.event_reactor:joined thread
[0.466s] INFO:colcon.colcon_core.plugin_system:Skipping extension 'colcon_core.shell.bat': Not used on non-Windows systems
[0.467s] INFO:colcon.colcon_core.shell:Creating prefix script '/home/orangepi/Desktop/Hull_control_ststem/ros2_hull/install/local_setup.ps1'
[0.470s] INFO:colcon.colcon_core.shell:Creating prefix util module '/home/orangepi/Desktop/Hull_control_ststem/ros2_hull/install/_local_setup_util_ps1.py'
[0.479s] INFO:colcon.colcon_core.shell:Creating prefix chain script '/home/orangepi/Desktop/Hull_control_ststem/ros2_hull/install/setup.ps1'
[0.490s] INFO:colcon.colcon_core.shell:Creating prefix script '/home/orangepi/Desktop/Hull_control_ststem/ros2_hull/install/local_setup.sh'
[0.497s] INFO:colcon.colcon_core.shell:Creating prefix util module '/home/orangepi/Desktop/Hull_control_ststem/ros2_hull/install/_local_setup_util_sh.py'
[0.499s] INFO:colcon.colcon_core.shell:Creating prefix chain script '/home/orangepi/Desktop/Hull_control_ststem/ros2_hull/install/setup.sh'
[0.504s] INFO:colcon.colcon_core.shell:Creating prefix script '/home/orangepi/Desktop/Hull_control_ststem/ros2_hull/install/local_setup.bash'
[0.510s] INFO:colcon.colcon_core.shell:Creating prefix chain script '/home/orangepi/Desktop/Hull_control_ststem/ros2_hull/install/setup.bash'
[0.514s] INFO:colcon.colcon_core.shell:Creating prefix script '/home/orangepi/Desktop/Hull_control_ststem/ros2_hull/install/local_setup.zsh'
[0.518s] INFO:colcon.colcon_core.shell:Creating prefix chain script '/home/orangepi/Desktop/Hull_control_ststem/ros2_hull/install/setup.zsh'
