[1.436s] Invoking command in '/home/orangepi/Desktop/Hull_control_ststem/ros2_hull/build/wgs84_gcj_bridge': PYTHONPATH=/home/orangepi/Desktop/Hull_control_ststem/ros2_hull/build/wgs84_gcj_bridge/prefix_override:/usr/lib/python3/dist-packages/colcon_core/task/python/colcon_distutils_commands:/home/orangepi/Desktop/Hull_control_ststem/ros2_hull/install/wgs84_gcj_bridge/lib/python3.8/site-packages:${PYTHONPATH} /usr/bin/python3 -W ignore:setup.py install is deprecated -W ignore:easy_install command is deprecated setup.py develop --editable --build-directory /home/orangepi/Desktop/Hull_control_ststem/ros2_hull/build/wgs84_gcj_bridge/build --no-deps symlink_data
[1.755s] running develop
[1.895s] running egg_info
[1.896s] creating wgs84_gcj_bridge.egg-info
[1.896s] writing wgs84_gcj_bridge.egg-info/PKG-INFO
[1.896s] writing dependency_links to wgs84_gcj_bridge.egg-info/dependency_links.txt
[1.897s] writing entry points to wgs84_gcj_bridge.egg-info/entry_points.txt
[1.897s] writing requirements to wgs84_gcj_bridge.egg-info/requires.txt
[1.897s] writing top-level names to wgs84_gcj_bridge.egg-info/top_level.txt
[1.902s] writing manifest file 'wgs84_gcj_bridge.egg-info/SOURCES.txt'
[1.949s] reading manifest file 'wgs84_gcj_bridge.egg-info/SOURCES.txt'
[1.950s] writing manifest file 'wgs84_gcj_bridge.egg-info/SOURCES.txt'
[2.005s] running build_ext
[2.006s] Creating /home/orangepi/Desktop/Hull_control_ststem/ros2_hull/install/wgs84_gcj_bridge/lib/python3.8/site-packages/site.py
[2.009s] Creating /home/orangepi/Desktop/Hull_control_ststem/ros2_hull/install/wgs84_gcj_bridge/lib/python3.8/site-packages/wgs84-gcj-bridge.egg-link (link to .)
[2.011s] Installing wgs84_gcj_bridge_node script to /home/orangepi/Desktop/Hull_control_ststem/ros2_hull/install/wgs84_gcj_bridge/lib/wgs84_gcj_bridge
[2.012s] 
[2.012s] Installed /home/orangepi/Desktop/Hull_control_ststem/ros2_hull/build/wgs84_gcj_bridge
[2.012s] running symlink_data
[2.013s] creating /home/orangepi/Desktop/Hull_control_ststem/ros2_hull/install/wgs84_gcj_bridge/share/ament_index
[2.013s] creating /home/orangepi/Desktop/Hull_control_ststem/ros2_hull/install/wgs84_gcj_bridge/share/ament_index/resource_index
[2.013s] creating /home/orangepi/Desktop/Hull_control_ststem/ros2_hull/install/wgs84_gcj_bridge/share/ament_index/resource_index/packages
[2.014s] symbolically linking /home/orangepi/Desktop/Hull_control_ststem/ros2_hull/build/wgs84_gcj_bridge/resource/wgs84_gcj_bridge -> /home/orangepi/Desktop/Hull_control_ststem/ros2_hull/install/wgs84_gcj_bridge/share/ament_index/resource_index/packages
[2.014s] symbolically linking /home/orangepi/Desktop/Hull_control_ststem/ros2_hull/build/wgs84_gcj_bridge/package.xml -> /home/orangepi/Desktop/Hull_control_ststem/ros2_hull/install/wgs84_gcj_bridge/share/wgs84_gcj_bridge
[2.014s] creating /home/orangepi/Desktop/Hull_control_ststem/ros2_hull/install/wgs84_gcj_bridge/share/wgs84_gcj_bridge/launch
[2.015s] symbolically linking /home/orangepi/Desktop/Hull_control_ststem/ros2_hull/build/wgs84_gcj_bridge/launch/wgs_gcj_bridge.launch.py -> /home/orangepi/Desktop/Hull_control_ststem/ros2_hull/install/wgs84_gcj_bridge/share/wgs84_gcj_bridge/launch
[2.105s] Invoked command in '/home/orangepi/Desktop/Hull_control_ststem/ros2_hull/build/wgs84_gcj_bridge' returned '0': PYTHONPATH=/home/orangepi/Desktop/Hull_control_ststem/ros2_hull/build/wgs84_gcj_bridge/prefix_override:/usr/lib/python3/dist-packages/colcon_core/task/python/colcon_distutils_commands:/home/orangepi/Desktop/Hull_control_ststem/ros2_hull/install/wgs84_gcj_bridge/lib/python3.8/site-packages:${PYTHONPATH} /usr/bin/python3 -W ignore:setup.py install is deprecated -W ignore:easy_install command is deprecated setup.py develop --editable --build-directory /home/orangepi/Desktop/Hull_control_ststem/ros2_hull/build/wgs84_gcj_bridge/build --no-deps symlink_data
