[2.561s] Invoking command in '/home/orangepi/Desktop/Hull_control_ststem/ros2_hull/src/wgs84_gcj_bridge': PYTHONPATH=/home/orangepi/Desktop/Hull_control_ststem/ros2_hull/build/wgs84_gcj_bridge/prefix_override:/usr/lib/python3/dist-packages/colcon_core/task/python/colcon_distutils_commands:/home/orangepi/Desktop/Hull_control_ststem/ros2_hull/install/wgs84_gcj_bridge/lib/python3.8/site-packages:${PYTHONPATH} /usr/bin/python3 -W ignore:setup.py install is deprecated -W ignore:easy_install command is deprecated setup.py egg_info --egg-base ../../build/wgs84_gcj_bridge build --build-base /home/orangepi/Desktop/Hull_control_ststem/ros2_hull/build/wgs84_gcj_bridge/build install --record /home/orangepi/Desktop/Hull_control_ststem/ros2_hull/build/wgs84_gcj_bridge/install.log --single-version-externally-managed install_data
[2.921s] running egg_info
[2.923s] writing ../../build/wgs84_gcj_bridge/wgs84_gcj_bridge.egg-info/PKG-INFO
[2.924s] writing dependency_links to ../../build/wgs84_gcj_bridge/wgs84_gcj_bridge.egg-info/dependency_links.txt
[2.926s] writing entry points to ../../build/wgs84_gcj_bridge/wgs84_gcj_bridge.egg-info/entry_points.txt
[2.927s] writing requirements to ../../build/wgs84_gcj_bridge/wgs84_gcj_bridge.egg-info/requires.txt
[2.927s] writing top-level names to ../../build/wgs84_gcj_bridge/wgs84_gcj_bridge.egg-info/top_level.txt
[3.003s] reading manifest file '../../build/wgs84_gcj_bridge/wgs84_gcj_bridge.egg-info/SOURCES.txt'
[3.007s] writing manifest file '../../build/wgs84_gcj_bridge/wgs84_gcj_bridge.egg-info/SOURCES.txt'
[3.013s] running build
[3.013s] running build_py
[3.014s] running install
[3.014s] running install_lib
[3.016s] running install_data
[3.016s] running install_egg_info
[3.028s] removing '/home/orangepi/Desktop/Hull_control_ststem/ros2_hull/install/wgs84_gcj_bridge/lib/python3.8/site-packages/wgs84_gcj_bridge-0.1.0-py3.8.egg-info' (and everything under it)
[3.029s] Copying ../../build/wgs84_gcj_bridge/wgs84_gcj_bridge.egg-info to /home/orangepi/Desktop/Hull_control_ststem/ros2_hull/install/wgs84_gcj_bridge/lib/python3.8/site-packages/wgs84_gcj_bridge-0.1.0-py3.8.egg-info
[3.029s] running install_scripts
[3.052s] Installing wgs84_gcj_bridge_node script to /home/orangepi/Desktop/Hull_control_ststem/ros2_hull/install/wgs84_gcj_bridge/lib/wgs84_gcj_bridge
[3.053s] writing list of installed files to '/home/orangepi/Desktop/Hull_control_ststem/ros2_hull/build/wgs84_gcj_bridge/install.log'
[3.137s] Invoked command in '/home/orangepi/Desktop/Hull_control_ststem/ros2_hull/src/wgs84_gcj_bridge' returned '0': PYTHONPATH=/home/orangepi/Desktop/Hull_control_ststem/ros2_hull/build/wgs84_gcj_bridge/prefix_override:/usr/lib/python3/dist-packages/colcon_core/task/python/colcon_distutils_commands:/home/orangepi/Desktop/Hull_control_ststem/ros2_hull/install/wgs84_gcj_bridge/lib/python3.8/site-packages:${PYTHONPATH} /usr/bin/python3 -W ignore:setup.py install is deprecated -W ignore:easy_install command is deprecated setup.py egg_info --egg-base ../../build/wgs84_gcj_bridge build --build-base /home/orangepi/Desktop/Hull_control_ststem/ros2_hull/build/wgs84_gcj_bridge/build install --record /home/orangepi/Desktop/Hull_control_ststem/ros2_hull/build/wgs84_gcj_bridge/install.log --single-version-externally-managed install_data
