running develop
Removing /home/orangepi/Desktop/Hull_control_ststem/ros2_hull/install/wgs84_gcj_bridge/lib/python3.8/site-packages/wgs84-gcj-bridge.egg-link (link to .)
running egg_info
writing ../../build/wgs84_gcj_bridge/wgs84_gcj_bridge.egg-info/PKG-INFO
writing dependency_links to ../../build/wgs84_gcj_bridge/wgs84_gcj_bridge.egg-info/dependency_links.txt
writing entry points to ../../build/wgs84_gcj_bridge/wgs84_gcj_bridge.egg-info/entry_points.txt
writing requirements to ../../build/wgs84_gcj_bridge/wgs84_gcj_bridge.egg-info/requires.txt
writing top-level names to ../../build/wgs84_gcj_bridge/wgs84_gcj_bridge.egg-info/top_level.txt
reading manifest file '../../build/wgs84_gcj_bridge/wgs84_gcj_bridge.egg-info/SOURCES.txt'
writing manifest file '../../build/wgs84_gcj_bridge/wgs84_gcj_bridge.egg-info/SOURCES.txt'
running build
running build_py
creating /home/orangepi/Desktop/Hull_control_ststem/ros2_hull/build/wgs84_gcj_bridge/build
creating /home/orangepi/Desktop/Hull_control_ststem/ros2_hull/build/wgs84_gcj_bridge/build/lib
creating /home/orangepi/Desktop/Hull_control_ststem/ros2_hull/build/wgs84_gcj_bridge/build/lib/wgs84_gcj_bridge
copying wgs84_gcj_bridge/bridge_node.py -> /home/orangepi/Desktop/Hull_control_ststem/ros2_hull/build/wgs84_gcj_bridge/build/lib/wgs84_gcj_bridge
copying wgs84_gcj_bridge/gcj02.py -> /home/orangepi/Desktop/Hull_control_ststem/ros2_hull/build/wgs84_gcj_bridge/build/lib/wgs84_gcj_bridge
copying wgs84_gcj_bridge/__init__.py -> /home/orangepi/Desktop/Hull_control_ststem/ros2_hull/build/wgs84_gcj_bridge/build/lib/wgs84_gcj_bridge
running install
running install_lib
creating /home/orangepi/Desktop/Hull_control_ststem/ros2_hull/install/wgs84_gcj_bridge/lib/python3.8/site-packages/wgs84_gcj_bridge
copying /home/orangepi/Desktop/Hull_control_ststem/ros2_hull/build/wgs84_gcj_bridge/build/lib/wgs84_gcj_bridge/bridge_node.py -> /home/orangepi/Desktop/Hull_control_ststem/ros2_hull/install/wgs84_gcj_bridge/lib/python3.8/site-packages/wgs84_gcj_bridge
copying /home/orangepi/Desktop/Hull_control_ststem/ros2_hull/build/wgs84_gcj_bridge/build/lib/wgs84_gcj_bridge/gcj02.py -> /home/orangepi/Desktop/Hull_control_ststem/ros2_hull/install/wgs84_gcj_bridge/lib/python3.8/site-packages/wgs84_gcj_bridge
copying /home/orangepi/Desktop/Hull_control_ststem/ros2_hull/build/wgs84_gcj_bridge/build/lib/wgs84_gcj_bridge/__init__.py -> /home/orangepi/Desktop/Hull_control_ststem/ros2_hull/install/wgs84_gcj_bridge/lib/python3.8/site-packages/wgs84_gcj_bridge
byte-compiling /home/orangepi/Desktop/Hull_control_ststem/ros2_hull/install/wgs84_gcj_bridge/lib/python3.8/site-packages/wgs84_gcj_bridge/bridge_node.py to bridge_node.cpython-38.pyc
byte-compiling /home/orangepi/Desktop/Hull_control_ststem/ros2_hull/install/wgs84_gcj_bridge/lib/python3.8/site-packages/wgs84_gcj_bridge/gcj02.py to gcj02.cpython-38.pyc
byte-compiling /home/orangepi/Desktop/Hull_control_ststem/ros2_hull/install/wgs84_gcj_bridge/lib/python3.8/site-packages/wgs84_gcj_bridge/__init__.py to __init__.cpython-38.pyc
running install_data
copying resource/wgs84_gcj_bridge -> /home/orangepi/Desktop/Hull_control_ststem/ros2_hull/install/wgs84_gcj_bridge/share/ament_index/resource_index/packages
copying package.xml -> /home/orangepi/Desktop/Hull_control_ststem/ros2_hull/install/wgs84_gcj_bridge/share/wgs84_gcj_bridge
copying launch/wgs_gcj_bridge.launch.py -> /home/orangepi/Desktop/Hull_control_ststem/ros2_hull/install/wgs84_gcj_bridge/share/wgs84_gcj_bridge/launch
running install_egg_info
Copying ../../build/wgs84_gcj_bridge/wgs84_gcj_bridge.egg-info to /home/orangepi/Desktop/Hull_control_ststem/ros2_hull/install/wgs84_gcj_bridge/lib/python3.8/site-packages/wgs84_gcj_bridge-0.1.0-py3.8.egg-info
running install_scripts
Installing wgs84_gcj_bridge_node script to /home/orangepi/Desktop/Hull_control_ststem/ros2_hull/install/wgs84_gcj_bridge/lib/wgs84_gcj_bridge
writing list of installed files to '/home/orangepi/Desktop/Hull_control_ststem/ros2_hull/build/wgs84_gcj_bridge/install.log'
