[0.237s] DEBUG:colcon:Command line arguments: ['/usr/bin/colcon', 'build']
[0.237s] DEBUG:colcon:Parsed command line arguments: Namespace(ament_cmake_args=None, base_paths=['.'], build_base='build', catkin_cmake_args=None, catkin_skip_building_tests=False, cmake_args=None, cmake_clean_cache=False, cmake_clean_first=False, cmake_force_configure=False, cmake_target=None, cmake_target_skip_unavailable=False, continue_on_error=False, event_handlers=None, executor='parallel', ignore_user_meta=False, install_base='install', log_base=None, log_level=None, main=<bound method BuildVerb.main of <colcon_core.verb.build.BuildVerb object at 0x7f976aad00>>, merge_install=False, metas=['./colcon.meta'], packages_above=None, packages_above_and_dependencies=None, packages_above_depth=None, packages_end=None, packages_ignore=None, packages_ignore_regex=None, packages_select=None, packages_select_build_failed=False, packages_select_by_dep=None, packages_select_regex=None, packages_select_test_failures=False, packages_skip=None, packages_skip_build_finished=False, packages_skip_by_dep=None, packages_skip_regex=None, packages_skip_test_passed=False, packages_skip_up_to=None, packages_start=None, packages_up_to=None, packages_up_to_regex=None, parallel_workers=8, paths=None, symlink_install=False, test_result_base=None, verb_extension=<colcon_core.verb.build.BuildVerb object at 0x7f976aad00>, verb_name='build', verb_parser=<colcon_defaults.argument_parser.defaults.DefaultArgumentsDecorator object at 0x7f976d87c0>)
[0.461s] Level 1:colcon.colcon_core.package_discovery:discover_packages(colcon_meta) check parameters
[0.462s] Level 1:colcon.colcon_core.package_discovery:discover_packages(recursive) check parameters
[0.462s] Level 1:colcon.colcon_core.package_discovery:discover_packages(ignore) check parameters
[0.462s] Level 1:colcon.colcon_core.package_discovery:discover_packages(path) check parameters
[0.462s] Level 1:colcon.colcon_core.package_discovery:discover_packages(colcon_meta) discover
[0.462s] Level 1:colcon.colcon_core.package_discovery:discover_packages(recursive) discover
[0.462s] INFO:colcon.colcon_core.package_discovery:Crawling recursively for packages in '/home/orangepi/Desktop/Hull_control_ststem/ros2_hull'
[0.462s] Level 1:colcon.colcon_core.package_identification:_identify(.) by extensions ['ignore', 'ignore_ament_install']
[0.463s] Level 1:colcon.colcon_core.package_identification:_identify(.) by extension 'ignore'
[0.463s] Level 1:colcon.colcon_core.package_identification:_identify(.) by extension 'ignore_ament_install'
[0.463s] Level 1:colcon.colcon_core.package_identification:_identify(.) by extensions ['colcon_pkg']
[0.463s] Level 1:colcon.colcon_core.package_identification:_identify(.) by extension 'colcon_pkg'
[0.463s] Level 1:colcon.colcon_core.package_identification:_identify(.) by extensions ['colcon_meta']
[0.463s] Level 1:colcon.colcon_core.package_identification:_identify(.) by extension 'colcon_meta'
[0.463s] Level 1:colcon.colcon_core.package_identification:_identify(.) by extensions ['ros']
[0.463s] Level 1:colcon.colcon_core.package_identification:_identify(.) by extension 'ros'
[0.483s] Level 1:colcon.colcon_core.package_identification:_identify(.) by extensions ['cmake', 'python']
[0.483s] Level 1:colcon.colcon_core.package_identification:_identify(.) by extension 'cmake'
[0.483s] Level 1:colcon.colcon_core.package_identification:_identify(.) by extension 'python'
[0.483s] Level 1:colcon.colcon_core.package_identification:_identify(.) by extensions ['python_setup_py']
[0.484s] Level 1:colcon.colcon_core.package_identification:_identify(.) by extension 'python_setup_py'
[0.484s] Level 1:colcon.colcon_core.package_identification:_identify(build) by extensions ['ignore', 'ignore_ament_install']
[0.484s] Level 1:colcon.colcon_core.package_identification:_identify(build) by extension 'ignore'
[0.484s] Level 1:colcon.colcon_core.package_identification:_identify(build) ignored
[0.484s] Level 1:colcon.colcon_core.package_identification:_identify(install) by extensions ['ignore', 'ignore_ament_install']
[0.484s] Level 1:colcon.colcon_core.package_identification:_identify(install) by extension 'ignore'
[0.484s] Level 1:colcon.colcon_core.package_identification:_identify(install) ignored
[0.484s] Level 1:colcon.colcon_core.package_identification:_identify(log) by extensions ['ignore', 'ignore_ament_install']
[0.484s] Level 1:colcon.colcon_core.package_identification:_identify(log) by extension 'ignore'
[0.485s] Level 1:colcon.colcon_core.package_identification:_identify(log) ignored
[0.485s] Level 1:colcon.colcon_core.package_identification:_identify(src) by extensions ['ignore', 'ignore_ament_install']
[0.485s] Level 1:colcon.colcon_core.package_identification:_identify(src) by extension 'ignore'
[0.485s] Level 1:colcon.colcon_core.package_identification:_identify(src) by extension 'ignore_ament_install'
[0.485s] Level 1:colcon.colcon_core.package_identification:_identify(src) by extensions ['colcon_pkg']
[0.485s] Level 1:colcon.colcon_core.package_identification:_identify(src) by extension 'colcon_pkg'
[0.485s] Level 1:colcon.colcon_core.package_identification:_identify(src) by extensions ['colcon_meta']
[0.485s] Level 1:colcon.colcon_core.package_identification:_identify(src) by extension 'colcon_meta'
[0.485s] Level 1:colcon.colcon_core.package_identification:_identify(src) by extensions ['ros']
[0.485s] Level 1:colcon.colcon_core.package_identification:_identify(src) by extension 'ros'
[0.485s] Level 1:colcon.colcon_core.package_identification:_identify(src) by extensions ['cmake', 'python']
[0.485s] Level 1:colcon.colcon_core.package_identification:_identify(src) by extension 'cmake'
[0.485s] Level 1:colcon.colcon_core.package_identification:_identify(src) by extension 'python'
[0.485s] Level 1:colcon.colcon_core.package_identification:_identify(src) by extensions ['python_setup_py']
[0.485s] Level 1:colcon.colcon_core.package_identification:_identify(src) by extension 'python_setup_py'
[0.485s] Level 1:colcon.colcon_core.package_identification:_identify(src/nmea_msgs-ros2) by extensions ['ignore', 'ignore_ament_install']
[0.485s] Level 1:colcon.colcon_core.package_identification:_identify(src/nmea_msgs-ros2) by extension 'ignore'
[0.486s] Level 1:colcon.colcon_core.package_identification:_identify(src/nmea_msgs-ros2) by extension 'ignore_ament_install'
[0.486s] Level 1:colcon.colcon_core.package_identification:_identify(src/nmea_msgs-ros2) by extensions ['colcon_pkg']
[0.486s] Level 1:colcon.colcon_core.package_identification:_identify(src/nmea_msgs-ros2) by extension 'colcon_pkg'
[0.486s] Level 1:colcon.colcon_core.package_identification:_identify(src/nmea_msgs-ros2) by extensions ['colcon_meta']
[0.486s] Level 1:colcon.colcon_core.package_identification:_identify(src/nmea_msgs-ros2) by extension 'colcon_meta'
[0.486s] Level 1:colcon.colcon_core.package_identification:_identify(src/nmea_msgs-ros2) by extensions ['ros']
[0.486s] Level 1:colcon.colcon_core.package_identification:_identify(src/nmea_msgs-ros2) by extension 'ros'
[0.491s] DEBUG:colcon.colcon_core.package_identification:Package 'src/nmea_msgs-ros2' with type 'ros.ament_cmake' and name 'nmea_msgs'
[0.491s] Level 1:colcon.colcon_core.package_identification:_identify(src/nmea_navsat_driver-ros2) by extensions ['ignore', 'ignore_ament_install']
[0.492s] Level 1:colcon.colcon_core.package_identification:_identify(src/nmea_navsat_driver-ros2) by extension 'ignore'
[0.492s] Level 1:colcon.colcon_core.package_identification:_identify(src/nmea_navsat_driver-ros2) by extension 'ignore_ament_install'
[0.492s] Level 1:colcon.colcon_core.package_identification:_identify(src/nmea_navsat_driver-ros2) by extensions ['colcon_pkg']
[0.492s] Level 1:colcon.colcon_core.package_identification:_identify(src/nmea_navsat_driver-ros2) by extension 'colcon_pkg'
[0.492s] Level 1:colcon.colcon_core.package_identification:_identify(src/nmea_navsat_driver-ros2) by extensions ['colcon_meta']
[0.492s] Level 1:colcon.colcon_core.package_identification:_identify(src/nmea_navsat_driver-ros2) by extension 'colcon_meta'
[0.492s] Level 1:colcon.colcon_core.package_identification:_identify(src/nmea_navsat_driver-ros2) by extensions ['ros']
[0.492s] Level 1:colcon.colcon_core.package_identification:_identify(src/nmea_navsat_driver-ros2) by extension 'ros'
[0.493s] DEBUG:colcon.colcon_core.package_identification:Package 'src/nmea_navsat_driver-ros2' with type 'ros.ament_python' and name 'nmea_navsat_driver'
[0.493s] Level 1:colcon.colcon_core.package_discovery:discover_packages(recursive) using defaults
[0.493s] Level 1:colcon.colcon_core.package_discovery:discover_packages(ignore) discover
[0.493s] Level 1:colcon.colcon_core.package_discovery:discover_packages(ignore) using defaults
[0.493s] Level 1:colcon.colcon_core.package_discovery:discover_packages(path) discover
[0.493s] Level 1:colcon.colcon_core.package_discovery:discover_packages(path) using defaults
[0.532s] Level 5:colcon.colcon_core.verb:set package 'nmea_msgs' build argument 'cmake_args' from command line to 'None'
[0.532s] Level 5:colcon.colcon_core.verb:set package 'nmea_msgs' build argument 'cmake_target' from command line to 'None'
[0.532s] Level 5:colcon.colcon_core.verb:set package 'nmea_msgs' build argument 'cmake_target_skip_unavailable' from command line to 'False'
[0.532s] Level 5:colcon.colcon_core.verb:set package 'nmea_msgs' build argument 'cmake_clean_cache' from command line to 'False'
[0.532s] Level 5:colcon.colcon_core.verb:set package 'nmea_msgs' build argument 'cmake_clean_first' from command line to 'False'
[0.532s] Level 5:colcon.colcon_core.verb:set package 'nmea_msgs' build argument 'cmake_force_configure' from command line to 'False'
[0.532s] Level 5:colcon.colcon_core.verb:set package 'nmea_msgs' build argument 'ament_cmake_args' from command line to 'None'
[0.532s] Level 5:colcon.colcon_core.verb:set package 'nmea_msgs' build argument 'catkin_cmake_args' from command line to 'None'
[0.532s] Level 5:colcon.colcon_core.verb:set package 'nmea_msgs' build argument 'catkin_skip_building_tests' from command line to 'False'
[0.532s] DEBUG:colcon.colcon_core.verb:Building package 'nmea_msgs' with the following arguments: {'ament_cmake_args': None, 'build_base': '/home/orangepi/Desktop/Hull_control_ststem/ros2_hull/build/nmea_msgs', 'catkin_cmake_args': None, 'catkin_skip_building_tests': False, 'cmake_args': None, 'cmake_clean_cache': False, 'cmake_clean_first': False, 'cmake_force_configure': False, 'cmake_target': None, 'cmake_target_skip_unavailable': False, 'install_base': '/home/orangepi/Desktop/Hull_control_ststem/ros2_hull/install/nmea_msgs', 'merge_install': False, 'path': '/home/orangepi/Desktop/Hull_control_ststem/ros2_hull/src/nmea_msgs-ros2', 'symlink_install': False, 'test_result_base': None}
[0.533s] Level 5:colcon.colcon_core.verb:set package 'nmea_navsat_driver' build argument 'cmake_args' from command line to 'None'
[0.533s] Level 5:colcon.colcon_core.verb:set package 'nmea_navsat_driver' build argument 'cmake_target' from command line to 'None'
[0.533s] Level 5:colcon.colcon_core.verb:set package 'nmea_navsat_driver' build argument 'cmake_target_skip_unavailable' from command line to 'False'
[0.533s] Level 5:colcon.colcon_core.verb:set package 'nmea_navsat_driver' build argument 'cmake_clean_cache' from command line to 'False'
[0.533s] Level 5:colcon.colcon_core.verb:set package 'nmea_navsat_driver' build argument 'cmake_clean_first' from command line to 'False'
[0.533s] Level 5:colcon.colcon_core.verb:set package 'nmea_navsat_driver' build argument 'cmake_force_configure' from command line to 'False'
[0.533s] Level 5:colcon.colcon_core.verb:set package 'nmea_navsat_driver' build argument 'ament_cmake_args' from command line to 'None'
[0.533s] Level 5:colcon.colcon_core.verb:set package 'nmea_navsat_driver' build argument 'catkin_cmake_args' from command line to 'None'
[0.533s] Level 5:colcon.colcon_core.verb:set package 'nmea_navsat_driver' build argument 'catkin_skip_building_tests' from command line to 'False'
[0.533s] DEBUG:colcon.colcon_core.verb:Building package 'nmea_navsat_driver' with the following arguments: {'ament_cmake_args': None, 'build_base': '/home/orangepi/Desktop/Hull_control_ststem/ros2_hull/build/nmea_navsat_driver', 'catkin_cmake_args': None, 'catkin_skip_building_tests': False, 'cmake_args': None, 'cmake_clean_cache': False, 'cmake_clean_first': False, 'cmake_force_configure': False, 'cmake_target': None, 'cmake_target_skip_unavailable': False, 'install_base': '/home/orangepi/Desktop/Hull_control_ststem/ros2_hull/install/nmea_navsat_driver', 'merge_install': False, 'path': '/home/orangepi/Desktop/Hull_control_ststem/ros2_hull/src/nmea_navsat_driver-ros2', 'symlink_install': False, 'test_result_base': None}
[0.533s] INFO:colcon.colcon_core.executor:Executing jobs using 'parallel' executor
[0.535s] DEBUG:colcon.colcon_parallel_executor.executor.parallel:run_until_complete
[0.536s] INFO:colcon.colcon_ros.task.ament_cmake.build:Building ROS package in '/home/orangepi/Desktop/Hull_control_ststem/ros2_hull/src/nmea_msgs-ros2' with build type 'ament_cmake'
[0.536s] INFO:colcon.colcon_cmake.task.cmake.build:Building CMake package in '/home/orangepi/Desktop/Hull_control_ststem/ros2_hull/src/nmea_msgs-ros2'
[0.540s] INFO:colcon.colcon_core.plugin_system:Skipping extension 'colcon_core.shell.bat': Not used on non-Windows systems
[0.540s] INFO:colcon.colcon_core.shell:Skip shell extension 'powershell' for command environment: Not usable outside of PowerShell
[0.540s] DEBUG:colcon.colcon_core.shell:Skip shell extension 'dsv' for command environment
[0.560s] DEBUG:colcon.colcon_core.event_handler.log_command:Invoking command in '/home/orangepi/Desktop/Hull_control_ststem/ros2_hull/build/nmea_msgs': CMAKE_PREFIX_PATH=/opt/ros/foxy /usr/bin/cmake /home/orangepi/Desktop/Hull_control_ststem/ros2_hull/src/nmea_msgs-ros2 -DCMAKE_INSTALL_PREFIX=/home/orangepi/Desktop/Hull_control_ststem/ros2_hull/install/nmea_msgs
[5.004s] DEBUG:colcon.colcon_core.event_handler.log_command:Invoked command in '/home/orangepi/Desktop/Hull_control_ststem/ros2_hull/build/nmea_msgs' returned '0': CMAKE_PREFIX_PATH=/opt/ros/foxy /usr/bin/cmake /home/orangepi/Desktop/Hull_control_ststem/ros2_hull/src/nmea_msgs-ros2 -DCMAKE_INSTALL_PREFIX=/home/orangepi/Desktop/Hull_control_ststem/ros2_hull/install/nmea_msgs
[5.012s] DEBUG:colcon.colcon_core.event_handler.log_command:Invoking command in '/home/orangepi/Desktop/Hull_control_ststem/ros2_hull/build/nmea_msgs': CMAKE_PREFIX_PATH=/opt/ros/foxy /usr/bin/cmake --build /home/orangepi/Desktop/Hull_control_ststem/ros2_hull/build/nmea_msgs -- -j8 -l8
[20.631s] DEBUG:colcon.colcon_core.event_handler.log_command:Invoked command in '/home/orangepi/Desktop/Hull_control_ststem/ros2_hull/build/nmea_msgs' returned '0': CMAKE_PREFIX_PATH=/opt/ros/foxy /usr/bin/cmake --build /home/orangepi/Desktop/Hull_control_ststem/ros2_hull/build/nmea_msgs -- -j8 -l8
[20.682s] DEBUG:colcon.colcon_core.event_handler.log_command:Invoking command in '/home/orangepi/Desktop/Hull_control_ststem/ros2_hull/build/nmea_msgs': CMAKE_PREFIX_PATH=/opt/ros/foxy /usr/bin/cmake --install /home/orangepi/Desktop/Hull_control_ststem/ros2_hull/build/nmea_msgs
[20.842s] Level 1:colcon.colcon_core.environment:create_environment_scripts_only(nmea_msgs)
[20.854s] DEBUG:colcon.colcon_core.event_handler.log_command:Invoked command in '/home/orangepi/Desktop/Hull_control_ststem/ros2_hull/build/nmea_msgs' returned '0': CMAKE_PREFIX_PATH=/opt/ros/foxy /usr/bin/cmake --install /home/orangepi/Desktop/Hull_control_ststem/ros2_hull/build/nmea_msgs
[20.856s] Level 1:colcon.colcon_core.environment:checking '/home/orangepi/Desktop/Hull_control_ststem/ros2_hull/install/nmea_msgs' for CMake module files
[20.858s] Level 1:colcon.colcon_core.environment:checking '/home/orangepi/Desktop/Hull_control_ststem/ros2_hull/install/nmea_msgs' for CMake config files
[20.858s] Level 1:colcon.colcon_core.shell:create_environment_hook('nmea_msgs', 'cmake_prefix_path')
[20.859s] INFO:colcon.colcon_core.shell:Creating environment hook '/home/orangepi/Desktop/Hull_control_ststem/ros2_hull/install/nmea_msgs/share/nmea_msgs/hook/cmake_prefix_path.ps1'
[20.861s] INFO:colcon.colcon_core.shell:Creating environment descriptor '/home/orangepi/Desktop/Hull_control_ststem/ros2_hull/install/nmea_msgs/share/nmea_msgs/hook/cmake_prefix_path.dsv'
[20.862s] INFO:colcon.colcon_core.shell:Creating environment hook '/home/orangepi/Desktop/Hull_control_ststem/ros2_hull/install/nmea_msgs/share/nmea_msgs/hook/cmake_prefix_path.sh'
[20.864s] Level 1:colcon.colcon_core.environment:checking '/home/orangepi/Desktop/Hull_control_ststem/ros2_hull/install/nmea_msgs/lib'
[20.865s] Level 1:colcon.colcon_core.shell:create_environment_hook('nmea_msgs', 'ld_library_path_lib')
[20.865s] INFO:colcon.colcon_core.shell:Creating environment hook '/home/orangepi/Desktop/Hull_control_ststem/ros2_hull/install/nmea_msgs/share/nmea_msgs/hook/ld_library_path_lib.ps1'
[20.866s] INFO:colcon.colcon_core.shell:Creating environment descriptor '/home/orangepi/Desktop/Hull_control_ststem/ros2_hull/install/nmea_msgs/share/nmea_msgs/hook/ld_library_path_lib.dsv'
[20.867s] INFO:colcon.colcon_core.shell:Creating environment hook '/home/orangepi/Desktop/Hull_control_ststem/ros2_hull/install/nmea_msgs/share/nmea_msgs/hook/ld_library_path_lib.sh'
[20.867s] Level 1:colcon.colcon_core.environment:checking '/home/orangepi/Desktop/Hull_control_ststem/ros2_hull/install/nmea_msgs/bin'
[20.867s] Level 1:colcon.colcon_core.environment:checking '/home/orangepi/Desktop/Hull_control_ststem/ros2_hull/install/nmea_msgs/lib/pkgconfig/nmea_msgs.pc'
[20.869s] Level 1:colcon.colcon_core.environment:checking '/home/orangepi/Desktop/Hull_control_ststem/ros2_hull/install/nmea_msgs/lib/python3.8/site-packages'
[20.869s] Level 1:colcon.colcon_core.shell:create_environment_hook('nmea_msgs', 'pythonpath')
[20.870s] INFO:colcon.colcon_core.shell:Creating environment hook '/home/orangepi/Desktop/Hull_control_ststem/ros2_hull/install/nmea_msgs/share/nmea_msgs/hook/pythonpath.ps1'
[20.871s] INFO:colcon.colcon_core.shell:Creating environment descriptor '/home/orangepi/Desktop/Hull_control_ststem/ros2_hull/install/nmea_msgs/share/nmea_msgs/hook/pythonpath.dsv'
[20.871s] INFO:colcon.colcon_core.shell:Creating environment hook '/home/orangepi/Desktop/Hull_control_ststem/ros2_hull/install/nmea_msgs/share/nmea_msgs/hook/pythonpath.sh'
[20.872s] Level 1:colcon.colcon_core.environment:checking '/home/orangepi/Desktop/Hull_control_ststem/ros2_hull/install/nmea_msgs/bin'
[20.873s] INFO:colcon.colcon_core.shell:Creating package script '/home/orangepi/Desktop/Hull_control_ststem/ros2_hull/install/nmea_msgs/share/nmea_msgs/package.ps1'
[20.879s] INFO:colcon.colcon_core.shell:Creating package descriptor '/home/orangepi/Desktop/Hull_control_ststem/ros2_hull/install/nmea_msgs/share/nmea_msgs/package.dsv'
[20.881s] INFO:colcon.colcon_core.shell:Creating package script '/home/orangepi/Desktop/Hull_control_ststem/ros2_hull/install/nmea_msgs/share/nmea_msgs/package.sh'
[20.882s] INFO:colcon.colcon_core.shell:Creating package script '/home/orangepi/Desktop/Hull_control_ststem/ros2_hull/install/nmea_msgs/share/nmea_msgs/package.bash'
[20.883s] INFO:colcon.colcon_core.shell:Creating package script '/home/orangepi/Desktop/Hull_control_ststem/ros2_hull/install/nmea_msgs/share/nmea_msgs/package.zsh'
[20.883s] Level 1:colcon.colcon_core.environment:create_file_with_runtime_dependencies(/home/orangepi/Desktop/Hull_control_ststem/ros2_hull/install/nmea_msgs/share/colcon-core/packages/nmea_msgs)
[20.885s] Level 1:colcon.colcon_core.environment:create_environment_scripts_only(nmea_msgs)
[20.885s] Level 1:colcon.colcon_core.environment:checking '/home/orangepi/Desktop/Hull_control_ststem/ros2_hull/install/nmea_msgs' for CMake module files
[20.886s] Level 1:colcon.colcon_core.environment:checking '/home/orangepi/Desktop/Hull_control_ststem/ros2_hull/install/nmea_msgs' for CMake config files
[20.886s] Level 1:colcon.colcon_core.shell:create_environment_hook('nmea_msgs', 'cmake_prefix_path')
[20.887s] INFO:colcon.colcon_core.shell:Creating environment hook '/home/orangepi/Desktop/Hull_control_ststem/ros2_hull/install/nmea_msgs/share/nmea_msgs/hook/cmake_prefix_path.ps1'
[20.887s] INFO:colcon.colcon_core.shell:Creating environment descriptor '/home/orangepi/Desktop/Hull_control_ststem/ros2_hull/install/nmea_msgs/share/nmea_msgs/hook/cmake_prefix_path.dsv'
[20.889s] INFO:colcon.colcon_core.shell:Creating environment hook '/home/orangepi/Desktop/Hull_control_ststem/ros2_hull/install/nmea_msgs/share/nmea_msgs/hook/cmake_prefix_path.sh'
[20.891s] Level 1:colcon.colcon_core.environment:checking '/home/orangepi/Desktop/Hull_control_ststem/ros2_hull/install/nmea_msgs/lib'
[20.891s] Level 1:colcon.colcon_core.shell:create_environment_hook('nmea_msgs', 'ld_library_path_lib')
[20.892s] INFO:colcon.colcon_core.shell:Creating environment hook '/home/orangepi/Desktop/Hull_control_ststem/ros2_hull/install/nmea_msgs/share/nmea_msgs/hook/ld_library_path_lib.ps1'
[20.894s] INFO:colcon.colcon_core.shell:Creating environment descriptor '/home/orangepi/Desktop/Hull_control_ststem/ros2_hull/install/nmea_msgs/share/nmea_msgs/hook/ld_library_path_lib.dsv'
[20.896s] INFO:colcon.colcon_core.shell:Creating environment hook '/home/orangepi/Desktop/Hull_control_ststem/ros2_hull/install/nmea_msgs/share/nmea_msgs/hook/ld_library_path_lib.sh'
[20.897s] Level 1:colcon.colcon_core.environment:checking '/home/orangepi/Desktop/Hull_control_ststem/ros2_hull/install/nmea_msgs/bin'
[20.898s] Level 1:colcon.colcon_core.environment:checking '/home/orangepi/Desktop/Hull_control_ststem/ros2_hull/install/nmea_msgs/lib/pkgconfig/nmea_msgs.pc'
[20.899s] Level 1:colcon.colcon_core.environment:checking '/home/orangepi/Desktop/Hull_control_ststem/ros2_hull/install/nmea_msgs/lib/python3.8/site-packages'
[20.899s] Level 1:colcon.colcon_core.shell:create_environment_hook('nmea_msgs', 'pythonpath')
[20.900s] INFO:colcon.colcon_core.shell:Creating environment hook '/home/orangepi/Desktop/Hull_control_ststem/ros2_hull/install/nmea_msgs/share/nmea_msgs/hook/pythonpath.ps1'
[20.903s] INFO:colcon.colcon_core.shell:Creating environment descriptor '/home/orangepi/Desktop/Hull_control_ststem/ros2_hull/install/nmea_msgs/share/nmea_msgs/hook/pythonpath.dsv'
[20.905s] INFO:colcon.colcon_core.shell:Creating environment hook '/home/orangepi/Desktop/Hull_control_ststem/ros2_hull/install/nmea_msgs/share/nmea_msgs/hook/pythonpath.sh'
[20.909s] Level 1:colcon.colcon_core.environment:checking '/home/orangepi/Desktop/Hull_control_ststem/ros2_hull/install/nmea_msgs/bin'
[20.912s] INFO:colcon.colcon_core.shell:Creating package script '/home/orangepi/Desktop/Hull_control_ststem/ros2_hull/install/nmea_msgs/share/nmea_msgs/package.ps1'
[20.917s] INFO:colcon.colcon_core.shell:Creating package descriptor '/home/orangepi/Desktop/Hull_control_ststem/ros2_hull/install/nmea_msgs/share/nmea_msgs/package.dsv'
[20.920s] INFO:colcon.colcon_core.shell:Creating package script '/home/orangepi/Desktop/Hull_control_ststem/ros2_hull/install/nmea_msgs/share/nmea_msgs/package.sh'
[20.921s] INFO:colcon.colcon_core.shell:Creating package script '/home/orangepi/Desktop/Hull_control_ststem/ros2_hull/install/nmea_msgs/share/nmea_msgs/package.bash'
[20.922s] INFO:colcon.colcon_core.shell:Creating package script '/home/orangepi/Desktop/Hull_control_ststem/ros2_hull/install/nmea_msgs/share/nmea_msgs/package.zsh'
[20.927s] Level 1:colcon.colcon_core.environment:create_file_with_runtime_dependencies(/home/orangepi/Desktop/Hull_control_ststem/ros2_hull/install/nmea_msgs/share/colcon-core/packages/nmea_msgs)
[20.929s] INFO:colcon.colcon_ros.task.ament_python.build:Building ROS package in '/home/orangepi/Desktop/Hull_control_ststem/ros2_hull/src/nmea_navsat_driver-ros2' with build type 'ament_python'
[20.930s] Level 1:colcon.colcon_core.shell:create_environment_hook('nmea_navsat_driver', 'ament_prefix_path')
[20.932s] INFO:colcon.colcon_core.shell:Creating environment hook '/home/orangepi/Desktop/Hull_control_ststem/ros2_hull/install/nmea_navsat_driver/share/nmea_navsat_driver/hook/ament_prefix_path.ps1'
[20.936s] INFO:colcon.colcon_core.shell:Creating environment descriptor '/home/orangepi/Desktop/Hull_control_ststem/ros2_hull/install/nmea_navsat_driver/share/nmea_navsat_driver/hook/ament_prefix_path.dsv'
[20.938s] INFO:colcon.colcon_core.shell:Creating environment hook '/home/orangepi/Desktop/Hull_control_ststem/ros2_hull/install/nmea_navsat_driver/share/nmea_navsat_driver/hook/ament_prefix_path.sh'
[20.941s] INFO:colcon.colcon_core.shell:Skip shell extension 'powershell' for command environment: Not usable outside of PowerShell
[20.942s] DEBUG:colcon.colcon_core.shell:Skip shell extension 'dsv' for command environment
[21.303s] INFO:colcon.colcon_core.task.python.build:Building Python package in '/home/orangepi/Desktop/Hull_control_ststem/ros2_hull/src/nmea_navsat_driver-ros2'
[21.305s] INFO:colcon.colcon_core.shell:Skip shell extension 'powershell' for command environment: Not usable outside of PowerShell
[21.306s] DEBUG:colcon.colcon_core.shell:Skip shell extension 'dsv' for command environment
[22.054s] DEBUG:colcon.colcon_core.event_handler.log_command:Invoking command in '/home/orangepi/Desktop/Hull_control_ststem/ros2_hull/src/nmea_navsat_driver-ros2': AMENT_PREFIX_PATH=/home/orangepi/Desktop/Hull_control_ststem/ros2_hull/install/nmea_msgs:${AMENT_PREFIX_PATH} CMAKE_PREFIX_PATH=/home/orangepi/Desktop/Hull_control_ststem/ros2_hull/install/nmea_msgs LD_LIBRARY_PATH=/home/orangepi/Desktop/Hull_control_ststem/ros2_hull/install/nmea_msgs/lib:${LD_LIBRARY_PATH} PYTHONPATH=/home/orangepi/Desktop/Hull_control_ststem/ros2_hull/build/nmea_navsat_driver/prefix_override:/usr/lib/python3/dist-packages/colcon_core/task/python/colcon_distutils_commands:/home/orangepi/Desktop/Hull_control_ststem/ros2_hull/install/nmea_navsat_driver/lib/python3.8/site-packages:/home/orangepi/Desktop/Hull_control_ststem/ros2_hull/install/nmea_msgs/lib/python3.8/site-packages:${PYTHONPATH} /usr/bin/python3 -W ignore:setup.py install is deprecated -W ignore:easy_install command is deprecated setup.py egg_info --egg-base ../../build/nmea_navsat_driver build --build-base /home/orangepi/Desktop/Hull_control_ststem/ros2_hull/build/nmea_navsat_driver/build install --record /home/orangepi/Desktop/Hull_control_ststem/ros2_hull/build/nmea_navsat_driver/install.log --single-version-externally-managed install_data
[22.519s] Level 1:colcon.colcon_core.environment:checking '/home/orangepi/Desktop/Hull_control_ststem/ros2_hull/install/nmea_navsat_driver' for CMake module files
[22.521s] DEBUG:colcon.colcon_core.event_handler.log_command:Invoked command in '/home/orangepi/Desktop/Hull_control_ststem/ros2_hull/src/nmea_navsat_driver-ros2' returned '0': AMENT_PREFIX_PATH=/home/orangepi/Desktop/Hull_control_ststem/ros2_hull/install/nmea_msgs:${AMENT_PREFIX_PATH} CMAKE_PREFIX_PATH=/home/orangepi/Desktop/Hull_control_ststem/ros2_hull/install/nmea_msgs LD_LIBRARY_PATH=/home/orangepi/Desktop/Hull_control_ststem/ros2_hull/install/nmea_msgs/lib:${LD_LIBRARY_PATH} PYTHONPATH=/home/orangepi/Desktop/Hull_control_ststem/ros2_hull/build/nmea_navsat_driver/prefix_override:/usr/lib/python3/dist-packages/colcon_core/task/python/colcon_distutils_commands:/home/orangepi/Desktop/Hull_control_ststem/ros2_hull/install/nmea_navsat_driver/lib/python3.8/site-packages:/home/orangepi/Desktop/Hull_control_ststem/ros2_hull/install/nmea_msgs/lib/python3.8/site-packages:${PYTHONPATH} /usr/bin/python3 -W ignore:setup.py install is deprecated -W ignore:easy_install command is deprecated setup.py egg_info --egg-base ../../build/nmea_navsat_driver build --build-base /home/orangepi/Desktop/Hull_control_ststem/ros2_hull/build/nmea_navsat_driver/build install --record /home/orangepi/Desktop/Hull_control_ststem/ros2_hull/build/nmea_navsat_driver/install.log --single-version-externally-managed install_data
[22.522s] Level 1:colcon.colcon_core.environment:checking '/home/orangepi/Desktop/Hull_control_ststem/ros2_hull/install/nmea_navsat_driver' for CMake config files
[22.523s] Level 1:colcon.colcon_core.environment:checking '/home/orangepi/Desktop/Hull_control_ststem/ros2_hull/install/nmea_navsat_driver/lib'
[22.523s] Level 1:colcon.colcon_core.environment:checking '/home/orangepi/Desktop/Hull_control_ststem/ros2_hull/install/nmea_navsat_driver/bin'
[22.523s] Level 1:colcon.colcon_core.environment:checking '/home/orangepi/Desktop/Hull_control_ststem/ros2_hull/install/nmea_navsat_driver/lib/pkgconfig/nmea_navsat_driver.pc'
[22.523s] Level 1:colcon.colcon_core.environment:checking '/home/orangepi/Desktop/Hull_control_ststem/ros2_hull/install/nmea_navsat_driver/lib/python3.8/site-packages'
[22.524s] Level 1:colcon.colcon_core.shell:create_environment_hook('nmea_navsat_driver', 'pythonpath')
[22.524s] INFO:colcon.colcon_core.shell:Creating environment hook '/home/orangepi/Desktop/Hull_control_ststem/ros2_hull/install/nmea_navsat_driver/share/nmea_navsat_driver/hook/pythonpath.ps1'
[22.525s] INFO:colcon.colcon_core.shell:Creating environment descriptor '/home/orangepi/Desktop/Hull_control_ststem/ros2_hull/install/nmea_navsat_driver/share/nmea_navsat_driver/hook/pythonpath.dsv'
[22.525s] INFO:colcon.colcon_core.shell:Creating environment hook '/home/orangepi/Desktop/Hull_control_ststem/ros2_hull/install/nmea_navsat_driver/share/nmea_navsat_driver/hook/pythonpath.sh'
[22.526s] Level 1:colcon.colcon_core.environment:checking '/home/orangepi/Desktop/Hull_control_ststem/ros2_hull/install/nmea_navsat_driver/bin'
[22.526s] Level 1:colcon.colcon_core.environment:create_environment_scripts_only(nmea_navsat_driver)
[22.527s] INFO:colcon.colcon_core.shell:Creating package script '/home/orangepi/Desktop/Hull_control_ststem/ros2_hull/install/nmea_navsat_driver/share/nmea_navsat_driver/package.ps1'
[22.528s] INFO:colcon.colcon_core.shell:Creating package descriptor '/home/orangepi/Desktop/Hull_control_ststem/ros2_hull/install/nmea_navsat_driver/share/nmea_navsat_driver/package.dsv'
[22.528s] INFO:colcon.colcon_core.shell:Creating package script '/home/orangepi/Desktop/Hull_control_ststem/ros2_hull/install/nmea_navsat_driver/share/nmea_navsat_driver/package.sh'
[22.529s] INFO:colcon.colcon_core.shell:Creating package script '/home/orangepi/Desktop/Hull_control_ststem/ros2_hull/install/nmea_navsat_driver/share/nmea_navsat_driver/package.bash'
[22.529s] INFO:colcon.colcon_core.shell:Creating package script '/home/orangepi/Desktop/Hull_control_ststem/ros2_hull/install/nmea_navsat_driver/share/nmea_navsat_driver/package.zsh'
[22.530s] Level 1:colcon.colcon_core.environment:create_file_with_runtime_dependencies(/home/orangepi/Desktop/Hull_control_ststem/ros2_hull/install/nmea_navsat_driver/share/colcon-core/packages/nmea_navsat_driver)
[22.531s] DEBUG:colcon.colcon_parallel_executor.executor.parallel:closing loop
[22.531s] DEBUG:colcon.colcon_parallel_executor.executor.parallel:loop closed
[22.532s] DEBUG:colcon.colcon_parallel_executor.executor.parallel:run_until_complete finished with '0'
[22.532s] DEBUG:colcon.colcon_core.event_reactor:joining thread
[22.535s] DEBUG:colcon.colcon_core.event_reactor:joined thread
[22.536s] INFO:colcon.colcon_core.shell:Creating prefix script '/home/orangepi/Desktop/Hull_control_ststem/ros2_hull/install/local_setup.ps1'
[22.538s] INFO:colcon.colcon_core.shell:Creating prefix util module '/home/orangepi/Desktop/Hull_control_ststem/ros2_hull/install/_local_setup_util_ps1.py'
[22.540s] INFO:colcon.colcon_core.shell:Creating prefix chain script '/home/orangepi/Desktop/Hull_control_ststem/ros2_hull/install/setup.ps1'
[22.542s] INFO:colcon.colcon_core.shell:Creating prefix script '/home/orangepi/Desktop/Hull_control_ststem/ros2_hull/install/local_setup.sh'
[22.543s] INFO:colcon.colcon_core.shell:Creating prefix util module '/home/orangepi/Desktop/Hull_control_ststem/ros2_hull/install/_local_setup_util_sh.py'
[22.544s] INFO:colcon.colcon_core.shell:Creating prefix chain script '/home/orangepi/Desktop/Hull_control_ststem/ros2_hull/install/setup.sh'
[22.546s] INFO:colcon.colcon_core.shell:Creating prefix script '/home/orangepi/Desktop/Hull_control_ststem/ros2_hull/install/local_setup.bash'
[22.546s] INFO:colcon.colcon_core.shell:Creating prefix chain script '/home/orangepi/Desktop/Hull_control_ststem/ros2_hull/install/setup.bash'
[22.548s] INFO:colcon.colcon_core.shell:Creating prefix script '/home/orangepi/Desktop/Hull_control_ststem/ros2_hull/install/local_setup.zsh'
[22.549s] INFO:colcon.colcon_core.shell:Creating prefix chain script '/home/orangepi/Desktop/Hull_control_ststem/ros2_hull/install/setup.zsh'
